[2019-10-07 15:41:18,052 INFO] Loading dataset from /media/barracuda4tb/dimitarsh1/Projects/BiasNMT/data/en-fr-TRANS-BPE-NEW/data/ready_to_train.train.0.pt
[2019-10-07 15:41:18,159 INFO]  * src vocab size = 46940
[2019-10-07 15:41:18,159 INFO]  * tgt vocab size = 47978
[2019-10-07 15:41:18,159 INFO] Building model...
[2019-10-07 15:41:23,026 INFO] NMTModel(
  (encoder): TransformerEncoder(
    (embeddings): Embeddings(
      (make_embedding): Sequential(
        (emb_luts): Elementwise(
          (0): Embedding(46940, 512, padding_idx=1)
        )
        (pe): PositionalEncoding(
          (dropout): Dropout(p=0.1, inplace=False)
        )
      )
    )
    (transformer): ModuleList(
      (0): TransformerEncoderLayer(
        (self_attn): MultiHeadedAttention(
          (linear_keys): Linear(in_features=512, out_features=512, bias=True)
          (linear_values): Linear(in_features=512, out_features=512, bias=True)
          (linear_query): Linear(in_features=512, out_features=512, bias=True)
          (softmax): Softmax(dim=-1)
          (dropout): Dropout(p=0.1, inplace=False)
          (final_linear): Linear(in_features=512, out_features=512, bias=True)
        )
        (feed_forward): PositionwiseFeedForward(
          (w_1): Linear(in_features=512, out_features=2048, bias=True)
          (w_2): Linear(in_features=2048, out_features=512, bias=True)
          (layer_norm): LayerNorm((512,), eps=1e-06, elementwise_affine=True)
          (dropout_1): Dropout(p=0.1, inplace=False)
          (relu): ReLU()
          (dropout_2): Dropout(p=0.1, inplace=False)
        )
        (layer_norm): LayerNorm((512,), eps=1e-06, elementwise_affine=True)
        (dropout): Dropout(p=0.1, inplace=False)
      )
      (1): TransformerEncoderLayer(
        (self_attn): MultiHeadedAttention(
          (linear_keys): Linear(in_features=512, out_features=512, bias=True)
          (linear_values): Linear(in_features=512, out_features=512, bias=True)
          (linear_query): Linear(in_features=512, out_features=512, bias=True)
          (softmax): Softmax(dim=-1)
          (dropout): Dropout(p=0.1, inplace=False)
          (final_linear): Linear(in_features=512, out_features=512, bias=True)
        )
        (feed_forward): PositionwiseFeedForward(
          (w_1): Linear(in_features=512, out_features=2048, bias=True)
          (w_2): Linear(in_features=2048, out_features=512, bias=True)
          (layer_norm): LayerNorm((512,), eps=1e-06, elementwise_affine=True)
          (dropout_1): Dropout(p=0.1, inplace=False)
          (relu): ReLU()
          (dropout_2): Dropout(p=0.1, inplace=False)
        )
        (layer_norm): LayerNorm((512,), eps=1e-06, elementwise_affine=True)
        (dropout): Dropout(p=0.1, inplace=False)
      )
      (2): TransformerEncoderLayer(
        (self_attn): MultiHeadedAttention(
          (linear_keys): Linear(in_features=512, out_features=512, bias=True)
          (linear_values): Linear(in_features=512, out_features=512, bias=True)
          (linear_query): Linear(in_features=512, out_features=512, bias=True)
          (softmax): Softmax(dim=-1)
          (dropout): Dropout(p=0.1, inplace=False)
          (final_linear): Linear(in_features=512, out_features=512, bias=True)
        )
        (feed_forward): PositionwiseFeedForward(
          (w_1): Linear(in_features=512, out_features=2048, bias=True)
          (w_2): Linear(in_features=2048, out_features=512, bias=True)
          (layer_norm): LayerNorm((512,), eps=1e-06, elementwise_affine=True)
          (dropout_1): Dropout(p=0.1, inplace=False)
          (relu): ReLU()
          (dropout_2): Dropout(p=0.1, inplace=False)
        )
        (layer_norm): LayerNorm((512,), eps=1e-06, elementwise_affine=True)
        (dropout): Dropout(p=0.1, inplace=False)
      )
      (3): TransformerEncoderLayer(
        (self_attn): MultiHeadedAttention(
          (linear_keys): Linear(in_features=512, out_features=512, bias=True)
          (linear_values): Linear(in_features=512, out_features=512, bias=True)
          (linear_query): Linear(in_features=512, out_features=512, bias=True)
          (softmax): Softmax(dim=-1)
          (dropout): Dropout(p=0.1, inplace=False)
          (final_linear): Linear(in_features=512, out_features=512, bias=True)
        )
        (feed_forward): PositionwiseFeedForward(
          (w_1): Linear(in_features=512, out_features=2048, bias=True)
          (w_2): Linear(in_features=2048, out_features=512, bias=True)
          (layer_norm): LayerNorm((512,), eps=1e-06, elementwise_affine=True)
          (dropout_1): Dropout(p=0.1, inplace=False)
          (relu): ReLU()
          (dropout_2): Dropout(p=0.1, inplace=False)
        )
        (layer_norm): LayerNorm((512,), eps=1e-06, elementwise_affine=True)
        (dropout): Dropout(p=0.1, inplace=False)
      )
      (4): TransformerEncoderLayer(
        (self_attn): MultiHeadedAttention(
          (linear_keys): Linear(in_features=512, out_features=512, bias=True)
          (linear_values): Linear(in_features=512, out_features=512, bias=True)
          (linear_query): Linear(in_features=512, out_features=512, bias=True)
          (softmax): Softmax(dim=-1)
          (dropout): Dropout(p=0.1, inplace=False)
          (final_linear): Linear(in_features=512, out_features=512, bias=True)
        )
        (feed_forward): PositionwiseFeedForward(
          (w_1): Linear(in_features=512, out_features=2048, bias=True)
          (w_2): Linear(in_features=2048, out_features=512, bias=True)
          (layer_norm): LayerNorm((512,), eps=1e-06, elementwise_affine=True)
          (dropout_1): Dropout(p=0.1, inplace=False)
          (relu): ReLU()
          (dropout_2): Dropout(p=0.1, inplace=False)
        )
        (layer_norm): LayerNorm((512,), eps=1e-06, elementwise_affine=True)
        (dropout): Dropout(p=0.1, inplace=False)
      )
      (5): TransformerEncoderLayer(
        (self_attn): MultiHeadedAttention(
          (linear_keys): Linear(in_features=512, out_features=512, bias=True)
          (linear_values): Linear(in_features=512, out_features=512, bias=True)
          (linear_query): Linear(in_features=512, out_features=512, bias=True)
          (softmax): Softmax(dim=-1)
          (dropout): Dropout(p=0.1, inplace=False)
          (final_linear): Linear(in_features=512, out_features=512, bias=True)
        )
        (feed_forward): PositionwiseFeedForward(
          (w_1): Linear(in_features=512, out_features=2048, bias=True)
          (w_2): Linear(in_features=2048, out_features=512, bias=True)
          (layer_norm): LayerNorm((512,), eps=1e-06, elementwise_affine=True)
          (dropout_1): Dropout(p=0.1, inplace=False)
          (relu): ReLU()
          (dropout_2): Dropout(p=0.1, inplace=False)
        )
        (layer_norm): LayerNorm((512,), eps=1e-06, elementwise_affine=True)
        (dropout): Dropout(p=0.1, inplace=False)
      )
    )
    (layer_norm): LayerNorm((512,), eps=1e-06, elementwise_affine=True)
  )
  (decoder): TransformerDecoder(
    (embeddings): Embeddings(
      (make_embedding): Sequential(
        (emb_luts): Elementwise(
          (0): Embedding(47978, 512, padding_idx=1)
        )
        (pe): PositionalEncoding(
          (dropout): Dropout(p=0.1, inplace=False)
        )
      )
    )
    (transformer_layers): ModuleList(
      (0): TransformerDecoderLayer(
        (self_attn): MultiHeadedAttention(
          (linear_keys): Linear(in_features=512, out_features=512, bias=True)
          (linear_values): Linear(in_features=512, out_features=512, bias=True)
          (linear_query): Linear(in_features=512, out_features=512, bias=True)
          (softmax): Softmax(dim=-1)
          (dropout): Dropout(p=0.1, inplace=False)
          (final_linear): Linear(in_features=512, out_features=512, bias=True)
        )
        (context_attn): MultiHeadedAttention(
          (linear_keys): Linear(in_features=512, out_features=512, bias=True)
          (linear_values): Linear(in_features=512, out_features=512, bias=True)
          (linear_query): Linear(in_features=512, out_features=512, bias=True)
          (softmax): Softmax(dim=-1)
          (dropout): Dropout(p=0.1, inplace=False)
          (final_linear): Linear(in_features=512, out_features=512, bias=True)
        )
        (feed_forward): PositionwiseFeedForward(
          (w_1): Linear(in_features=512, out_features=2048, bias=True)
          (w_2): Linear(in_features=2048, out_features=512, bias=True)
          (layer_norm): LayerNorm((512,), eps=1e-06, elementwise_affine=True)
          (dropout_1): Dropout(p=0.1, inplace=False)
          (relu): ReLU()
          (dropout_2): Dropout(p=0.1, inplace=False)
        )
        (layer_norm_1): LayerNorm((512,), eps=1e-06, elementwise_affine=True)
        (layer_norm_2): LayerNorm((512,), eps=1e-06, elementwise_affine=True)
        (drop): Dropout(p=0.1, inplace=False)
      )
      (1): TransformerDecoderLayer(
        (self_attn): MultiHeadedAttention(
          (linear_keys): Linear(in_features=512, out_features=512, bias=True)
          (linear_values): Linear(in_features=512, out_features=512, bias=True)
          (linear_query): Linear(in_features=512, out_features=512, bias=True)
          (softmax): Softmax(dim=-1)
          (dropout): Dropout(p=0.1, inplace=False)
          (final_linear): Linear(in_features=512, out_features=512, bias=True)
        )
        (context_attn): MultiHeadedAttention(
          (linear_keys): Linear(in_features=512, out_features=512, bias=True)
          (linear_values): Linear(in_features=512, out_features=512, bias=True)
          (linear_query): Linear(in_features=512, out_features=512, bias=True)
          (softmax): Softmax(dim=-1)
          (dropout): Dropout(p=0.1, inplace=False)
          (final_linear): Linear(in_features=512, out_features=512, bias=True)
        )
        (feed_forward): PositionwiseFeedForward(
          (w_1): Linear(in_features=512, out_features=2048, bias=True)
          (w_2): Linear(in_features=2048, out_features=512, bias=True)
          (layer_norm): LayerNorm((512,), eps=1e-06, elementwise_affine=True)
          (dropout_1): Dropout(p=0.1, inplace=False)
          (relu): ReLU()
          (dropout_2): Dropout(p=0.1, inplace=False)
        )
        (layer_norm_1): LayerNorm((512,), eps=1e-06, elementwise_affine=True)
        (layer_norm_2): LayerNorm((512,), eps=1e-06, elementwise_affine=True)
        (drop): Dropout(p=0.1, inplace=False)
      )
      (2): TransformerDecoderLayer(
        (self_attn): MultiHeadedAttention(
          (linear_keys): Linear(in_features=512, out_features=512, bias=True)
          (linear_values): Linear(in_features=512, out_features=512, bias=True)
          (linear_query): Linear(in_features=512, out_features=512, bias=True)
          (softmax): Softmax(dim=-1)
          (dropout): Dropout(p=0.1, inplace=False)
          (final_linear): Linear(in_features=512, out_features=512, bias=True)
        )
        (context_attn): MultiHeadedAttention(
          (linear_keys): Linear(in_features=512, out_features=512, bias=True)
          (linear_values): Linear(in_features=512, out_features=512, bias=True)
          (linear_query): Linear(in_features=512, out_features=512, bias=True)
          (softmax): Softmax(dim=-1)
          (dropout): Dropout(p=0.1, inplace=False)
          (final_linear): Linear(in_features=512, out_features=512, bias=True)
        )
        (feed_forward): PositionwiseFeedForward(
          (w_1): Linear(in_features=512, out_features=2048, bias=True)
          (w_2): Linear(in_features=2048, out_features=512, bias=True)
          (layer_norm): LayerNorm((512,), eps=1e-06, elementwise_affine=True)
          (dropout_1): Dropout(p=0.1, inplace=False)
          (relu): ReLU()
          (dropout_2): Dropout(p=0.1, inplace=False)
        )
        (layer_norm_1): LayerNorm((512,), eps=1e-06, elementwise_affine=True)
        (layer_norm_2): LayerNorm((512,), eps=1e-06, elementwise_affine=True)
        (drop): Dropout(p=0.1, inplace=False)
      )
      (3): TransformerDecoderLayer(
        (self_attn): MultiHeadedAttention(
          (linear_keys): Linear(in_features=512, out_features=512, bias=True)
          (linear_values): Linear(in_features=512, out_features=512, bias=True)
          (linear_query): Linear(in_features=512, out_features=512, bias=True)
          (softmax): Softmax(dim=-1)
          (dropout): Dropout(p=0.1, inplace=False)
          (final_linear): Linear(in_features=512, out_features=512, bias=True)
        )
        (context_attn): MultiHeadedAttention(
          (linear_keys): Linear(in_features=512, out_features=512, bias=True)
          (linear_values): Linear(in_features=512, out_features=512, bias=True)
          (linear_query): Linear(in_features=512, out_features=512, bias=True)
          (softmax): Softmax(dim=-1)
          (dropout): Dropout(p=0.1, inplace=False)
          (final_linear): Linear(in_features=512, out_features=512, bias=True)
        )
        (feed_forward): PositionwiseFeedForward(
          (w_1): Linear(in_features=512, out_features=2048, bias=True)
          (w_2): Linear(in_features=2048, out_features=512, bias=True)
          (layer_norm): LayerNorm((512,), eps=1e-06, elementwise_affine=True)
          (dropout_1): Dropout(p=0.1, inplace=False)
          (relu): ReLU()
          (dropout_2): Dropout(p=0.1, inplace=False)
        )
        (layer_norm_1): LayerNorm((512,), eps=1e-06, elementwise_affine=True)
        (layer_norm_2): LayerNorm((512,), eps=1e-06, elementwise_affine=True)
        (drop): Dropout(p=0.1, inplace=False)
      )
      (4): TransformerDecoderLayer(
        (self_attn): MultiHeadedAttention(
          (linear_keys): Linear(in_features=512, out_features=512, bias=True)
          (linear_values): Linear(in_features=512, out_features=512, bias=True)
          (linear_query): Linear(in_features=512, out_features=512, bias=True)
          (softmax): Softmax(dim=-1)
          (dropout): Dropout(p=0.1, inplace=False)
          (final_linear): Linear(in_features=512, out_features=512, bias=True)
        )
        (context_attn): MultiHeadedAttention(
          (linear_keys): Linear(in_features=512, out_features=512, bias=True)
          (linear_values): Linear(in_features=512, out_features=512, bias=True)
          (linear_query): Linear(in_features=512, out_features=512, bias=True)
          (softmax): Softmax(dim=-1)
          (dropout): Dropout(p=0.1, inplace=False)
          (final_linear): Linear(in_features=512, out_features=512, bias=True)
        )
        (feed_forward): PositionwiseFeedForward(
          (w_1): Linear(in_features=512, out_features=2048, bias=True)
          (w_2): Linear(in_features=2048, out_features=512, bias=True)
          (layer_norm): LayerNorm((512,), eps=1e-06, elementwise_affine=True)
          (dropout_1): Dropout(p=0.1, inplace=False)
          (relu): ReLU()
          (dropout_2): Dropout(p=0.1, inplace=False)
        )
        (layer_norm_1): LayerNorm((512,), eps=1e-06, elementwise_affine=True)
        (layer_norm_2): LayerNorm((512,), eps=1e-06, elementwise_affine=True)
        (drop): Dropout(p=0.1, inplace=False)
      )
      (5): TransformerDecoderLayer(
        (self_attn): MultiHeadedAttention(
          (linear_keys): Linear(in_features=512, out_features=512, bias=True)
          (linear_values): Linear(in_features=512, out_features=512, bias=True)
          (linear_query): Linear(in_features=512, out_features=512, bias=True)
          (softmax): Softmax(dim=-1)
          (dropout): Dropout(p=0.1, inplace=False)
          (final_linear): Linear(in_features=512, out_features=512, bias=True)
        )
        (context_attn): MultiHeadedAttention(
          (linear_keys): Linear(in_features=512, out_features=512, bias=True)
          (linear_values): Linear(in_features=512, out_features=512, bias=True)
          (linear_query): Linear(in_features=512, out_features=512, bias=True)
          (softmax): Softmax(dim=-1)
          (dropout): Dropout(p=0.1, inplace=False)
          (final_linear): Linear(in_features=512, out_features=512, bias=True)
        )
        (feed_forward): PositionwiseFeedForward(
          (w_1): Linear(in_features=512, out_features=2048, bias=True)
          (w_2): Linear(in_features=2048, out_features=512, bias=True)
          (layer_norm): LayerNorm((512,), eps=1e-06, elementwise_affine=True)
          (dropout_1): Dropout(p=0.1, inplace=False)
          (relu): ReLU()
          (dropout_2): Dropout(p=0.1, inplace=False)
        )
        (layer_norm_1): LayerNorm((512,), eps=1e-06, elementwise_affine=True)
        (layer_norm_2): LayerNorm((512,), eps=1e-06, elementwise_affine=True)
        (drop): Dropout(p=0.1, inplace=False)
      )
    )
    (layer_norm): LayerNorm((512,), eps=1e-06, elementwise_affine=True)
  )
  (generator): Sequential(
    (0): Linear(in_features=512, out_features=47978, bias=True)
    (1): Cast()
    (2): LogSoftmax()
  )
)
[2019-10-07 15:41:23,029 INFO] encoder: 42948608
[2019-10-07 15:41:23,029 INFO] decoder: 74402666
[2019-10-07 15:41:23,029 INFO] * number of parameters: 117351274
[2019-10-07 15:41:23,031 INFO] Starting training on GPU: [0, 1, 2, 3]
[2019-10-07 15:41:23,031 INFO] Start training loop and validate every 500 steps...
[2019-10-07 15:41:29,588 INFO] number of examples: 878269
[2019-10-07 15:43:26,033 INFO] Step 100/202000; acc:   3.65; ppl: 3909.72; xent: 8.27; lr: 0.00010; 22209/25431 tok/s;    123 sec
[2019-10-07 15:45:08,847 INFO] Step 200/202000; acc:   6.41; ppl: 373.57; xent: 5.92; lr: 0.00020; 26515/30532 tok/s;    226 sec
[2019-10-07 15:46:52,763 INFO] Step 300/202000; acc:  12.19; ppl: 192.31; xent: 5.26; lr: 0.00030; 26061/30081 tok/s;    330 sec
[2019-10-07 15:48:35,735 INFO] Step 400/202000; acc:  17.76; ppl: 97.04; xent: 4.58; lr: 0.00040; 26528/30396 tok/s;    433 sec
[2019-10-07 15:50:20,384 INFO] Step 500/202000; acc:  21.14; ppl: 67.82; xent: 4.22; lr: 0.00050; 26257/30033 tok/s;    537 sec
[2019-10-07 15:50:20,384 INFO] Loading dataset from /media/barracuda4tb/dimitarsh1/Projects/BiasNMT/data/en-fr-TRANS-BPE-NEW/data/ready_to_train.valid.0.pt
[2019-10-07 15:50:20,429 INFO] number of examples: 6594
[2019-10-07 15:50:30,873 INFO] Validation perplexity: 98.4458
[2019-10-07 15:50:30,873 INFO] Validation accuracy: 23.2008
[2019-10-07 15:50:30,873 INFO] Model is improving ppl: inf --> 98.4458.
[2019-10-07 15:50:30,873 INFO] Model is improving acc: -inf --> 23.2008.
[2019-10-07 15:50:31,085 INFO] Saving checkpoint /media/barracuda4tb/dimitarsh1/Projects/BiasNMT/data/en-fr-TRANS-BPE-NEW/model/model_step_500.pt
[2019-10-07 15:51:22,676 INFO] Loading dataset from /media/barracuda4tb/dimitarsh1/Projects/BiasNMT/data/en-fr-TRANS-BPE-NEW/data/ready_to_train.train.1.pt
[2019-10-07 15:51:31,352 INFO] number of examples: 410180
[2019-10-07 15:52:16,503 INFO] Step 600/202000; acc:  23.85; ppl: 51.56; xent: 3.94; lr: 0.00059; 23234/26689 tok/s;    653 sec
[2019-10-07 15:54:00,720 INFO] Step 700/202000; acc:  27.14; ppl: 40.25; xent: 3.70; lr: 0.00069; 25905/29786 tok/s;    758 sec
[2019-10-07 15:55:45,205 INFO] Step 800/202000; acc:  31.79; ppl: 30.54; xent: 3.42; lr: 0.00079; 25952/29645 tok/s;    862 sec
[2019-10-07 15:57:27,053 INFO] Loading dataset from /media/barracuda4tb/dimitarsh1/Projects/BiasNMT/data/en-fr-TRANS-BPE-NEW/data/ready_to_train.train.0.pt
[2019-10-07 15:57:29,118 INFO] Step 900/202000; acc:  38.84; ppl: 21.13; xent: 3.05; lr: 0.00089; 26048/30057 tok/s;    966 sec
[2019-10-07 15:57:45,476 INFO] number of examples: 878269
[2019-10-07 15:59:13,421 INFO] Step 1000/202000; acc:  43.53; ppl: 16.28; xent: 2.79; lr: 0.00099; 26024/29822 tok/s;   1070 sec
[2019-10-07 15:59:13,422 INFO] Loading dataset from /media/barracuda4tb/dimitarsh1/Projects/BiasNMT/data/en-fr-TRANS-BPE-NEW/data/ready_to_train.valid.0.pt
[2019-10-07 15:59:13,512 INFO] number of examples: 6594
[2019-10-07 15:59:23,534 INFO] Validation perplexity: 18.019
[2019-10-07 15:59:23,534 INFO] Validation accuracy: 47.564
[2019-10-07 15:59:23,535 INFO] Model is improving ppl: 98.4458 --> 18.019.
[2019-10-07 15:59:23,535 INFO] Model is improving acc: 23.2008 --> 47.564.
[2019-10-07 15:59:23,745 INFO] Saving checkpoint /media/barracuda4tb/dimitarsh1/Projects/BiasNMT/data/en-fr-TRANS-BPE-NEW/model/model_step_1000.pt
[2019-10-07 16:01:09,666 INFO] Step 1100/202000; acc:  47.37; ppl: 13.00; xent: 2.56; lr: 0.00109; 23442/26901 tok/s;   1187 sec
[2019-10-07 16:02:54,079 INFO] Step 1200/202000; acc:  50.38; ppl: 10.87; xent: 2.39; lr: 0.00119; 26187/29965 tok/s;   1291 sec
[2019-10-07 16:04:37,772 INFO] Step 1300/202000; acc:  52.53; ppl:  9.57; xent: 2.26; lr: 0.00129; 26258/30240 tok/s;   1395 sec
[2019-10-07 16:06:21,994 INFO] Step 1400/202000; acc:  54.53; ppl:  8.50; xent: 2.14; lr: 0.00138; 26015/30011 tok/s;   1499 sec
[2019-10-07 16:08:05,955 INFO] Step 1500/202000; acc:  56.16; ppl:  7.73; xent: 2.05; lr: 0.00148; 26267/30122 tok/s;   1603 sec
[2019-10-07 16:08:05,956 INFO] Loading dataset from /media/barracuda4tb/dimitarsh1/Projects/BiasNMT/data/en-fr-TRANS-BPE-NEW/data/ready_to_train.valid.0.pt
[2019-10-07 16:08:05,996 INFO] number of examples: 6594
[2019-10-07 16:08:15,998 INFO] Validation perplexity: 8.13961
[2019-10-07 16:08:15,998 INFO] Validation accuracy: 59.3851
[2019-10-07 16:08:15,998 INFO] Model is improving ppl: 18.019 --> 8.13961.
[2019-10-07 16:08:15,998 INFO] Model is improving acc: 47.564 --> 59.3851.
[2019-10-07 16:08:16,213 INFO] Saving checkpoint /media/barracuda4tb/dimitarsh1/Projects/BiasNMT/data/en-fr-TRANS-BPE-NEW/model/model_step_1500.pt
[2019-10-07 16:10:02,136 INFO] Step 1600/202000; acc:  57.71; ppl:  7.06; xent: 1.96; lr: 0.00158; 23617/27032 tok/s;   1719 sec
[2019-10-07 16:10:51,036 INFO] Loading dataset from /media/barracuda4tb/dimitarsh1/Projects/BiasNMT/data/en-fr-TRANS-BPE-NEW/data/ready_to_train.train.1.pt
[2019-10-07 16:11:01,521 INFO] number of examples: 410180
[2019-10-07 16:11:46,152 INFO] Step 1700/202000; acc:  59.21; ppl:  6.50; xent: 1.87; lr: 0.00168; 25973/29810 tok/s;   1823 sec
[2019-10-07 16:13:30,787 INFO] Step 1800/202000; acc:  59.96; ppl:  6.18; xent: 1.82; lr: 0.00178; 25797/29673 tok/s;   1928 sec
[2019-10-07 16:15:15,490 INFO] Step 1900/202000; acc:  60.74; ppl:  5.92; xent: 1.78; lr: 0.00188; 25883/29587 tok/s;   2032 sec
[2019-10-07 16:16:55,213 INFO] Loading dataset from /media/barracuda4tb/dimitarsh1/Projects/BiasNMT/data/en-fr-TRANS-BPE-NEW/data/ready_to_train.train.0.pt
[2019-10-07 16:16:59,287 INFO] Step 2000/202000; acc:  61.81; ppl:  5.57; xent: 1.72; lr: 0.00198; 26104/30076 tok/s;   2136 sec
[2019-10-07 16:16:59,288 INFO] Loading dataset from /media/barracuda4tb/dimitarsh1/Projects/BiasNMT/data/en-fr-TRANS-BPE-NEW/data/ready_to_train.valid.0.pt
[2019-10-07 16:16:59,389 INFO] number of examples: 6594
[2019-10-07 16:17:08,832 INFO] number of examples: 878269
[2019-10-07 16:17:09,462 INFO] Validation perplexity: 6.06751
[2019-10-07 16:17:09,462 INFO] Validation accuracy: 63.947
[2019-10-07 16:17:09,462 INFO] Model is improving ppl: 8.13961 --> 6.06751.
[2019-10-07 16:17:09,462 INFO] Model is improving acc: 59.3851 --> 63.947.
[2019-10-07 16:17:09,679 INFO] Saving checkpoint /media/barracuda4tb/dimitarsh1/Projects/BiasNMT/data/en-fr-TRANS-BPE-NEW/model/model_step_2000.pt
[2019-10-07 16:18:55,424 INFO] Step 2100/202000; acc:  62.42; ppl:  5.36; xent: 1.68; lr: 0.00193; 23353/26797 tok/s;   2252 sec
[2019-10-07 16:20:40,140 INFO] Step 2200/202000; acc:  63.60; ppl:  5.02; xent: 1.61; lr: 0.00188; 25997/29836 tok/s;   2357 sec
[2019-10-07 16:22:24,459 INFO] Step 2300/202000; acc:  64.13; ppl:  4.85; xent: 1.58; lr: 0.00184; 26245/30010 tok/s;   2461 sec
[2019-10-07 16:24:08,338 INFO] Step 2400/202000; acc:  64.69; ppl:  4.68; xent: 1.54; lr: 0.00180; 26182/30169 tok/s;   2565 sec
[2019-10-07 16:25:52,888 INFO] Step 2500/202000; acc:  65.13; ppl:  4.56; xent: 1.52; lr: 0.00177; 25997/29916 tok/s;   2670 sec
[2019-10-07 16:25:52,889 INFO] Loading dataset from /media/barracuda4tb/dimitarsh1/Projects/BiasNMT/data/en-fr-TRANS-BPE-NEW/data/ready_to_train.valid.0.pt
[2019-10-07 16:25:52,934 INFO] number of examples: 6594
[2019-10-07 16:26:02,921 INFO] Validation perplexity: 5.03306
[2019-10-07 16:26:02,921 INFO] Validation accuracy: 66.9414
[2019-10-07 16:26:02,921 INFO] Model is improving ppl: 6.06751 --> 5.03306.
[2019-10-07 16:26:02,921 INFO] Model is improving acc: 63.947 --> 66.9414.
[2019-10-07 16:26:03,131 INFO] Saving checkpoint /media/barracuda4tb/dimitarsh1/Projects/BiasNMT/data/en-fr-TRANS-BPE-NEW/model/model_step_2500.pt
[2019-10-07 16:27:48,694 INFO] Step 2600/202000; acc:  65.57; ppl:  4.43; xent: 1.49; lr: 0.00173; 23543/27054 tok/s;   2786 sec
[2019-10-07 16:29:34,069 INFO] Step 2700/202000; acc:  66.09; ppl:  4.30; xent: 1.46; lr: 0.00170; 26043/29814 tok/s;   2891 sec
[2019-10-07 16:30:21,269 INFO] Loading dataset from /media/barracuda4tb/dimitarsh1/Projects/BiasNMT/data/en-fr-TRANS-BPE-NEW/data/ready_to_train.train.1.pt
[2019-10-07 16:30:30,972 INFO] number of examples: 410180
[2019-10-07 16:31:18,364 INFO] Step 2800/202000; acc:  66.61; ppl:  4.17; xent: 1.43; lr: 0.00167; 25881/29698 tok/s;   2995 sec
[2019-10-07 16:33:03,179 INFO] Step 2900/202000; acc:  66.74; ppl:  4.11; xent: 1.41; lr: 0.00164; 25789/29655 tok/s;   3100 sec
[2019-10-07 16:34:48,202 INFO] Step 3000/202000; acc:  67.05; ppl:  4.05; xent: 1.40; lr: 0.00161; 25795/29471 tok/s;   3205 sec
[2019-10-07 16:34:48,203 INFO] Loading dataset from /media/barracuda4tb/dimitarsh1/Projects/BiasNMT/data/en-fr-TRANS-BPE-NEW/data/ready_to_train.valid.0.pt
[2019-10-07 16:34:48,294 INFO] number of examples: 6594
[2019-10-07 16:34:58,232 INFO] Validation perplexity: 4.51113
[2019-10-07 16:34:58,232 INFO] Validation accuracy: 68.5224
[2019-10-07 16:34:58,232 INFO] Model is improving ppl: 5.03306 --> 4.51113.
[2019-10-07 16:34:58,232 INFO] Model is improving acc: 66.9414 --> 68.5224.
[2019-10-07 16:34:58,446 INFO] Saving checkpoint /media/barracuda4tb/dimitarsh1/Projects/BiasNMT/data/en-fr-TRANS-BPE-NEW/model/model_step_3000.pt
[2019-10-07 16:36:38,845 INFO] Loading dataset from /media/barracuda4tb/dimitarsh1/Projects/BiasNMT/data/en-fr-TRANS-BPE-NEW/data/ready_to_train.train.0.pt
[2019-10-07 16:36:44,006 INFO] Step 3100/202000; acc:  67.58; ppl:  3.93; xent: 1.37; lr: 0.00159; 23394/26958 tok/s;   3321 sec
[2019-10-07 16:36:59,405 INFO] number of examples: 878269
[2019-10-07 16:38:28,660 INFO] Step 3200/202000; acc:  67.76; ppl:  3.88; xent: 1.36; lr: 0.00156; 25898/29750 tok/s;   3426 sec
[2019-10-07 16:40:13,956 INFO] Step 3300/202000; acc:  68.31; ppl:  3.78; xent: 1.33; lr: 0.00154; 25881/29680 tok/s;   3531 sec
[2019-10-07 16:41:58,473 INFO] Step 3400/202000; acc:  68.45; ppl:  3.73; xent: 1.32; lr: 0.00152; 26183/29951 tok/s;   3635 sec
[2019-10-07 16:43:42,403 INFO] Step 3500/202000; acc:  68.68; ppl:  3.69; xent: 1.31; lr: 0.00149; 26186/30146 tok/s;   3739 sec
[2019-10-07 16:43:42,404 INFO] Loading dataset from /media/barracuda4tb/dimitarsh1/Projects/BiasNMT/data/en-fr-TRANS-BPE-NEW/data/ready_to_train.valid.0.pt
[2019-10-07 16:43:42,495 INFO] number of examples: 6594
[2019-10-07 16:43:52,430 INFO] Validation perplexity: 4.17905
[2019-10-07 16:43:52,430 INFO] Validation accuracy: 69.7476
[2019-10-07 16:43:52,430 INFO] Model is improving ppl: 4.51113 --> 4.17905.
[2019-10-07 16:43:52,430 INFO] Model is improving acc: 68.5224 --> 69.7476.
[2019-10-07 16:43:52,642 INFO] Saving checkpoint /media/barracuda4tb/dimitarsh1/Projects/BiasNMT/data/en-fr-TRANS-BPE-NEW/model/model_step_3500.pt
[2019-10-07 16:45:38,649 INFO] Step 3600/202000; acc:  68.77; ppl:  3.66; xent: 1.30; lr: 0.00147; 23358/26920 tok/s;   3856 sec
[2019-10-07 16:47:23,161 INFO] Step 3700/202000; acc:  68.95; ppl:  3.62; xent: 1.29; lr: 0.00145; 26113/29975 tok/s;   3960 sec
[2019-10-07 16:49:08,274 INFO] Step 3800/202000; acc:  69.24; ppl:  3.56; xent: 1.27; lr: 0.00143; 26074/29869 tok/s;   4065 sec
[2019-10-07 16:49:54,372 INFO] Loading dataset from /media/barracuda4tb/dimitarsh1/Projects/BiasNMT/data/en-fr-TRANS-BPE-NEW/data/ready_to_train.train.1.pt
[2019-10-07 16:50:05,023 INFO] number of examples: 410180
[2019-10-07 16:50:52,926 INFO] Step 3900/202000; acc:  69.54; ppl:  3.51; xent: 1.25; lr: 0.00142; 25810/29604 tok/s;   4170 sec
[2019-10-07 16:52:37,844 INFO] Step 4000/202000; acc:  69.54; ppl:  3.49; xent: 1.25; lr: 0.00140; 25785/29619 tok/s;   4275 sec
[2019-10-07 16:52:37,845 INFO] Loading dataset from /media/barracuda4tb/dimitarsh1/Projects/BiasNMT/data/en-fr-TRANS-BPE-NEW/data/ready_to_train.valid.0.pt
[2019-10-07 16:52:37,888 INFO] number of examples: 6594
[2019-10-07 16:52:47,999 INFO] Validation perplexity: 4.029
[2019-10-07 16:52:47,999 INFO] Validation accuracy: 70.2892
[2019-10-07 16:52:47,999 INFO] Model is improving ppl: 4.17905 --> 4.029.
[2019-10-07 16:52:47,999 INFO] Model is improving acc: 69.7476 --> 70.2892.
[2019-10-07 16:52:48,210 INFO] Saving checkpoint /media/barracuda4tb/dimitarsh1/Projects/BiasNMT/data/en-fr-TRANS-BPE-NEW/model/model_step_4000.pt
[2019-10-07 16:54:34,506 INFO] Step 4100/202000; acc:  69.69; ppl:  3.46; xent: 1.24; lr: 0.00138; 23194/26544 tok/s;   4391 sec
[2019-10-07 16:56:11,279 INFO] Loading dataset from /media/barracuda4tb/dimitarsh1/Projects/BiasNMT/data/en-fr-TRANS-BPE-NEW/data/ready_to_train.train.0.pt
[2019-10-07 16:56:18,427 INFO] Step 4200/202000; acc:  69.98; ppl:  3.41; xent: 1.23; lr: 0.00136; 26103/30011 tok/s;   4495 sec
[2019-10-07 16:56:29,197 INFO] number of examples: 878269
[2019-10-07 16:58:03,270 INFO] Step 4300/202000; acc:  70.12; ppl:  3.38; xent: 1.22; lr: 0.00135; 25839/29718 tok/s;   4600 sec
[2019-10-07 16:59:48,175 INFO] Step 4400/202000; acc:  70.46; ppl:  3.33; xent: 1.20; lr: 0.00133; 25974/29787 tok/s;   4705 sec
[2019-10-07 17:01:32,501 INFO] Step 4500/202000; acc:  70.52; ppl:  3.30; xent: 1.20; lr: 0.00132; 26234/30008 tok/s;   4809 sec
[2019-10-07 17:01:32,502 INFO] Loading dataset from /media/barracuda4tb/dimitarsh1/Projects/BiasNMT/data/en-fr-TRANS-BPE-NEW/data/ready_to_train.valid.0.pt
[2019-10-07 17:01:32,592 INFO] number of examples: 6594
[2019-10-07 17:01:42,511 INFO] Validation perplexity: 3.85352
[2019-10-07 17:01:42,511 INFO] Validation accuracy: 71.1093
[2019-10-07 17:01:42,511 INFO] Model is improving ppl: 4.029 --> 3.85352.
[2019-10-07 17:01:42,511 INFO] Model is improving acc: 70.2892 --> 71.1093.
[2019-10-07 17:01:42,724 INFO] Saving checkpoint /media/barracuda4tb/dimitarsh1/Projects/BiasNMT/data/en-fr-TRANS-BPE-NEW/model/model_step_4500.pt
[2019-10-07 17:03:28,526 INFO] Step 4600/202000; acc:  70.61; ppl:  3.29; xent: 1.19; lr: 0.00130; 23455/26998 tok/s;   4925 sec
[2019-10-07 17:05:13,420 INFO] Step 4700/202000; acc:  70.65; ppl:  3.28; xent: 1.19; lr: 0.00129; 25877/29847 tok/s;   5030 sec
[2019-10-07 17:06:57,637 INFO] Step 4800/202000; acc:  70.77; ppl:  3.25; xent: 1.18; lr: 0.00128; 26201/30063 tok/s;   5135 sec
[2019-10-07 17:08:42,685 INFO] Step 4900/202000; acc:  71.01; ppl:  3.21; xent: 1.17; lr: 0.00126; 26084/29886 tok/s;   5240 sec
[2019-10-07 17:09:27,004 INFO] Loading dataset from /media/barracuda4tb/dimitarsh1/Projects/BiasNMT/data/en-fr-TRANS-BPE-NEW/data/ready_to_train.train.1.pt
[2019-10-07 17:09:33,910 INFO] number of examples: 410180
[2019-10-07 17:10:27,646 INFO] Step 5000/202000; acc:  71.19; ppl:  3.18; xent: 1.16; lr: 0.00125; 25743/29517 tok/s;   5345 sec
[2019-10-07 17:10:27,647 INFO] Loading dataset from /media/barracuda4tb/dimitarsh1/Projects/BiasNMT/data/en-fr-TRANS-BPE-NEW/data/ready_to_train.valid.0.pt
[2019-10-07 17:10:27,692 INFO] number of examples: 6594
[2019-10-07 17:10:37,657 INFO] Validation perplexity: 3.76636
[2019-10-07 17:10:37,658 INFO] Validation accuracy: 71.3979
[2019-10-07 17:10:37,658 INFO] Model is improving ppl: 3.85352 --> 3.76636.
[2019-10-07 17:10:37,658 INFO] Model is improving acc: 71.1093 --> 71.3979.
[2019-10-07 17:10:37,878 INFO] Saving checkpoint /media/barracuda4tb/dimitarsh1/Projects/BiasNMT/data/en-fr-TRANS-BPE-NEW/model/model_step_5000.pt
[2019-10-07 17:12:24,310 INFO] Step 5100/202000; acc:  71.12; ppl:  3.18; xent: 1.16; lr: 0.00124; 23182/26622 tok/s;   5461 sec
[2019-10-07 17:14:09,671 INFO] Step 5200/202000; acc:  71.24; ppl:  3.16; xent: 1.15; lr: 0.00123; 25684/29406 tok/s;   5567 sec
[2019-10-07 17:15:45,774 INFO] Loading dataset from /media/barracuda4tb/dimitarsh1/Projects/BiasNMT/data/en-fr-TRANS-BPE-NEW/data/ready_to_train.train.0.pt
[2019-10-07 17:15:54,018 INFO] Step 5300/202000; acc:  71.43; ppl:  3.13; xent: 1.14; lr: 0.00121; 25970/29892 tok/s;   5671 sec
[2019-10-07 17:16:05,095 INFO] number of examples: 878269
[2019-10-07 17:17:38,955 INFO] Step 5400/202000; acc:  71.58; ppl:  3.11; xent: 1.13; lr: 0.00120; 25850/29688 tok/s;   5776 sec
[2019-10-07 17:19:24,607 INFO] Step 5500/202000; acc:  71.83; ppl:  3.07; xent: 1.12; lr: 0.00119; 25797/29582 tok/s;   5882 sec
[2019-10-07 17:19:24,608 INFO] Loading dataset from /media/barracuda4tb/dimitarsh1/Projects/BiasNMT/data/en-fr-TRANS-BPE-NEW/data/ready_to_train.valid.0.pt
[2019-10-07 17:19:24,699 INFO] number of examples: 6594
[2019-10-07 17:19:34,642 INFO] Validation perplexity: 3.69759
[2019-10-07 17:19:34,642 INFO] Validation accuracy: 71.7375
[2019-10-07 17:19:34,642 INFO] Model is improving ppl: 3.76636 --> 3.69759.
[2019-10-07 17:19:34,642 INFO] Model is improving acc: 71.3979 --> 71.7375.
[2019-10-07 17:19:34,853 INFO] Saving checkpoint /media/barracuda4tb/dimitarsh1/Projects/BiasNMT/data/en-fr-TRANS-BPE-NEW/model/model_step_5500.pt
[2019-10-07 17:21:21,152 INFO] Step 5600/202000; acc:  71.88; ppl:  3.05; xent: 1.12; lr: 0.00118; 23456/26855 tok/s;   5998 sec
[2019-10-07 17:23:05,730 INFO] Step 5700/202000; acc:  71.93; ppl:  3.05; xent: 1.12; lr: 0.00117; 26009/29932 tok/s;   6103 sec
[2019-10-07 17:24:50,593 INFO] Step 5800/202000; acc:  71.88; ppl:  3.05; xent: 1.11; lr: 0.00116; 25921/29862 tok/s;   6208 sec
[2019-10-07 17:26:35,212 INFO] Step 5900/202000; acc:  72.00; ppl:  3.03; xent: 1.11; lr: 0.00115; 26099/29967 tok/s;   6312 sec
[2019-10-07 17:28:20,552 INFO] Step 6000/202000; acc:  72.21; ppl:  3.00; xent: 1.10; lr: 0.00114; 25973/29801 tok/s;   6418 sec
[2019-10-07 17:28:20,553 INFO] Loading dataset from /media/barracuda4tb/dimitarsh1/Projects/BiasNMT/data/en-fr-TRANS-BPE-NEW/data/ready_to_train.valid.0.pt
[2019-10-07 17:28:20,597 INFO] number of examples: 6594
[2019-10-07 17:28:30,611 INFO] Validation perplexity: 3.62677
[2019-10-07 17:28:30,611 INFO] Validation accuracy: 72.0219
[2019-10-07 17:28:30,611 INFO] Model is improving ppl: 3.69759 --> 3.62677.
[2019-10-07 17:28:30,612 INFO] Model is improving acc: 71.7375 --> 72.0219.
[2019-10-07 17:28:30,824 INFO] Saving checkpoint /media/barracuda4tb/dimitarsh1/Projects/BiasNMT/data/en-fr-TRANS-BPE-NEW/model/model_step_6000.pt
[2019-10-07 17:29:15,366 INFO] Loading dataset from /media/barracuda4tb/dimitarsh1/Projects/BiasNMT/data/en-fr-TRANS-BPE-NEW/data/ready_to_train.train.1.pt
[2019-10-07 17:29:26,124 INFO] number of examples: 410180
[2019-10-07 17:30:17,249 INFO] Step 6100/202000; acc:  72.31; ppl:  2.98; xent: 1.09; lr: 0.00113; 23186/26546 tok/s;   6534 sec
[2019-10-07 17:32:02,362 INFO] Step 6200/202000; acc:  72.23; ppl:  2.98; xent: 1.09; lr: 0.00112; 25711/29542 tok/s;   6639 sec
[2019-10-07 17:33:47,573 INFO] Step 6300/202000; acc:  72.34; ppl:  2.97; xent: 1.09; lr: 0.00111; 25714/29454 tok/s;   6745 sec
[2019-10-07 17:35:21,799 INFO] Loading dataset from /media/barracuda4tb/dimitarsh1/Projects/BiasNMT/data/en-fr-TRANS-BPE-NEW/data/ready_to_train.train.0.pt
[2019-10-07 17:35:32,175 INFO] Step 6400/202000; acc:  72.49; ppl:  2.94; xent: 1.08; lr: 0.00110; 25937/29803 tok/s;   6849 sec
[2019-10-07 17:35:36,128 INFO] number of examples: 878269
[2019-10-07 17:37:17,240 INFO] Step 6500/202000; acc:  72.66; ppl:  2.92; xent: 1.07; lr: 0.00110; 25795/29672 tok/s;   6954 sec
[2019-10-07 17:37:17,240 INFO] Loading dataset from /media/barracuda4tb/dimitarsh1/Projects/BiasNMT/data/en-fr-TRANS-BPE-NEW/data/ready_to_train.valid.0.pt
[2019-10-07 17:37:17,326 INFO] number of examples: 6594
[2019-10-07 17:37:27,182 INFO] Validation perplexity: 3.59845
[2019-10-07 17:37:27,182 INFO] Validation accuracy: 72.2345
[2019-10-07 17:37:27,182 INFO] Model is improving ppl: 3.62677 --> 3.59845.
[2019-10-07 17:37:27,182 INFO] Model is improving acc: 72.0219 --> 72.2345.
[2019-10-07 17:37:27,393 INFO] Saving checkpoint /media/barracuda4tb/dimitarsh1/Projects/BiasNMT/data/en-fr-TRANS-BPE-NEW/model/model_step_6500.pt
[2019-10-07 17:39:13,859 INFO] Step 6600/202000; acc:  72.84; ppl:  2.90; xent: 1.06; lr: 0.00109; 23372/26783 tok/s;   7071 sec
[2019-10-07 17:40:58,339 INFO] Step 6700/202000; acc:  72.85; ppl:  2.89; xent: 1.06; lr: 0.00108; 26150/29970 tok/s;   7175 sec
[2019-10-07 17:42:42,605 INFO] Step 6800/202000; acc:  72.88; ppl:  2.89; xent: 1.06; lr: 0.00107; 26096/30030 tok/s;   7280 sec
[2019-10-07 17:44:27,549 INFO] Step 6900/202000; acc:  72.85; ppl:  2.89; xent: 1.06; lr: 0.00106; 25882/29801 tok/s;   7385 sec
[2019-10-07 17:46:12,254 INFO] Step 7000/202000; acc:  72.93; ppl:  2.87; xent: 1.05; lr: 0.00106; 26111/29976 tok/s;   7489 sec
[2019-10-07 17:46:12,255 INFO] Loading dataset from /media/barracuda4tb/dimitarsh1/Projects/BiasNMT/data/en-fr-TRANS-BPE-NEW/data/ready_to_train.valid.0.pt
[2019-10-07 17:46:12,298 INFO] number of examples: 6594
[2019-10-07 17:46:22,349 INFO] Validation perplexity: 3.52781
[2019-10-07 17:46:22,349 INFO] Validation accuracy: 72.5133
[2019-10-07 17:46:22,349 INFO] Model is improving ppl: 3.59845 --> 3.52781.
[2019-10-07 17:46:22,349 INFO] Model is improving acc: 72.2345 --> 72.5133.
[2019-10-07 17:46:22,558 INFO] Saving checkpoint /media/barracuda4tb/dimitarsh1/Projects/BiasNMT/data/en-fr-TRANS-BPE-NEW/model/model_step_7000.pt
[2019-10-07 17:48:09,777 INFO] Step 7100/202000; acc:  73.07; ppl:  2.85; xent: 1.05; lr: 0.00105; 23254/26704 tok/s;   7607 sec
[2019-10-07 17:48:50,995 INFO] Loading dataset from /media/barracuda4tb/dimitarsh1/Projects/BiasNMT/data/en-fr-TRANS-BPE-NEW/data/ready_to_train.train.1.pt
[2019-10-07 17:49:00,716 INFO] number of examples: 410180
[2019-10-07 17:49:54,884 INFO] Step 7200/202000; acc:  73.23; ppl:  2.83; xent: 1.04; lr: 0.00104; 25771/29471 tok/s;   7712 sec
[2019-10-07 17:51:40,006 INFO] Step 7300/202000; acc:  73.11; ppl:  2.84; xent: 1.04; lr: 0.00103; 25672/29480 tok/s;   7817 sec
[2019-10-07 17:53:25,447 INFO] Step 7400/202000; acc:  73.19; ppl:  2.83; xent: 1.04; lr: 0.00103; 25664/29435 tok/s;   7922 sec
[2019-10-07 17:54:58,679 INFO] Loading dataset from /media/barracuda4tb/dimitarsh1/Projects/BiasNMT/data/en-fr-TRANS-BPE-NEW/data/ready_to_train.train.0.pt
[2019-10-07 17:55:10,007 INFO] Step 7500/202000; acc:  73.31; ppl:  2.81; xent: 1.03; lr: 0.00102; 25952/29839 tok/s;   8027 sec
[2019-10-07 17:55:10,007 INFO] Loading dataset from /media/barracuda4tb/dimitarsh1/Projects/BiasNMT/data/en-fr-TRANS-BPE-NEW/data/ready_to_train.valid.0.pt
[2019-10-07 17:55:10,051 INFO] number of examples: 6594
[2019-10-07 17:55:19,362 INFO] number of examples: 878269
[2019-10-07 17:55:20,149 INFO] Validation perplexity: 3.49912
[2019-10-07 17:55:20,149 INFO] Validation accuracy: 72.5676
[2019-10-07 17:55:20,149 INFO] Model is improving ppl: 3.52781 --> 3.49912.
[2019-10-07 17:55:20,149 INFO] Model is improving acc: 72.5133 --> 72.5676.
[2019-10-07 17:55:20,366 INFO] Saving checkpoint /media/barracuda4tb/dimitarsh1/Projects/BiasNMT/data/en-fr-TRANS-BPE-NEW/model/model_step_7500.pt
[2019-10-07 17:57:06,794 INFO] Step 7600/202000; acc:  73.48; ppl:  2.79; xent: 1.03; lr: 0.00101; 23235/26700 tok/s;   8144 sec
[2019-10-07 17:58:51,731 INFO] Step 7700/202000; acc:  73.64; ppl:  2.77; xent: 1.02; lr: 0.00101; 25958/29749 tok/s;   8249 sec
[2019-10-07 18:00:36,595 INFO] Step 7800/202000; acc:  73.62; ppl:  2.77; xent: 1.02; lr: 0.00100; 26074/29859 tok/s;   8354 sec
[2019-10-07 18:02:21,270 INFO] Step 7900/202000; acc:  73.64; ppl:  2.77; xent: 1.02; lr: 0.00099; 25993/29913 tok/s;   8458 sec
[2019-10-07 18:04:06,293 INFO] Step 8000/202000; acc:  73.59; ppl:  2.77; xent: 1.02; lr: 0.00099; 25864/29790 tok/s;   8563 sec
[2019-10-07 18:04:06,294 INFO] Loading dataset from /media/barracuda4tb/dimitarsh1/Projects/BiasNMT/data/en-fr-TRANS-BPE-NEW/data/ready_to_train.valid.0.pt
[2019-10-07 18:04:06,388 INFO] number of examples: 6594
[2019-10-07 18:04:16,230 INFO] Validation perplexity: 3.45241
[2019-10-07 18:04:16,230 INFO] Validation accuracy: 72.7869
[2019-10-07 18:04:16,230 INFO] Model is improving ppl: 3.49912 --> 3.45241.
[2019-10-07 18:04:16,230 INFO] Model is improving acc: 72.5676 --> 72.7869.
[2019-10-07 18:04:16,441 INFO] Saving checkpoint /media/barracuda4tb/dimitarsh1/Projects/BiasNMT/data/en-fr-TRANS-BPE-NEW/model/model_step_8000.pt
[2019-10-07 18:06:02,529 INFO] Step 8100/202000; acc:  73.67; ppl:  2.76; xent: 1.01; lr: 0.00098; 23512/27000 tok/s;   8679 sec
[2019-10-07 18:07:47,788 INFO] Step 8200/202000; acc:  73.79; ppl:  2.74; xent: 1.01; lr: 0.00098; 25977/29802 tok/s;   8785 sec
[2019-10-07 18:08:27,673 INFO] Loading dataset from /media/barracuda4tb/dimitarsh1/Projects/BiasNMT/data/en-fr-TRANS-BPE-NEW/data/ready_to_train.train.1.pt
[2019-10-07 18:08:38,368 INFO] number of examples: 410180
[2019-10-07 18:09:32,595 INFO] Step 8300/202000; acc:  73.93; ppl:  2.72; xent: 1.00; lr: 0.00097; 25836/29564 tok/s;   8890 sec
[2019-10-07 18:11:17,594 INFO] Step 8400/202000; acc:  73.85; ppl:  2.73; xent: 1.00; lr: 0.00096; 25697/29519 tok/s;   8995 sec
[2019-10-07 18:13:02,892 INFO] Step 8500/202000; acc:  73.86; ppl:  2.73; xent: 1.00; lr: 0.00096; 25709/29462 tok/s;   9100 sec
[2019-10-07 18:13:02,893 INFO] Loading dataset from /media/barracuda4tb/dimitarsh1/Projects/BiasNMT/data/en-fr-TRANS-BPE-NEW/data/ready_to_train.valid.0.pt
[2019-10-07 18:13:02,937 INFO] number of examples: 6594
[2019-10-07 18:13:12,930 INFO] Validation perplexity: 3.4624
[2019-10-07 18:13:12,931 INFO] Validation accuracy: 72.9366
[2019-10-07 18:13:12,931 INFO] Stalled patience: 4/5
[2019-10-07 18:13:13,144 INFO] Saving checkpoint /media/barracuda4tb/dimitarsh1/Projects/BiasNMT/data/en-fr-TRANS-BPE-NEW/model/model_step_8500.pt
[2019-10-07 18:14:45,348 INFO] Loading dataset from /media/barracuda4tb/dimitarsh1/Projects/BiasNMT/data/en-fr-TRANS-BPE-NEW/data/ready_to_train.train.0.pt
[2019-10-07 18:14:58,831 INFO] Step 8600/202000; acc:  74.01; ppl:  2.71; xent: 1.00; lr: 0.00095; 23411/26917 tok/s;   9216 sec
[2019-10-07 18:15:03,380 INFO] number of examples: 878269
[2019-10-07 18:16:43,931 INFO] Step 8700/202000; acc:  74.13; ppl:  2.69; xent: 0.99; lr: 0.00095; 25806/29686 tok/s;   9321 sec
[2019-10-07 18:18:28,977 INFO] Step 8800/202000; acc:  74.27; ppl:  2.68; xent: 0.99; lr: 0.00094; 25897/29717 tok/s;   9426 sec
[2019-10-07 18:20:13,787 INFO] Step 8900/202000; acc:  74.32; ppl:  2.67; xent: 0.98; lr: 0.00094; 26123/29874 tok/s;   9531 sec
[2019-10-07 18:21:58,556 INFO] Step 9000/202000; acc:  74.30; ppl:  2.67; xent: 0.98; lr: 0.00093; 25971/29876 tok/s;   9636 sec
[2019-10-07 18:21:58,557 INFO] Loading dataset from /media/barracuda4tb/dimitarsh1/Projects/BiasNMT/data/en-fr-TRANS-BPE-NEW/data/ready_to_train.valid.0.pt
[2019-10-07 18:21:58,651 INFO] number of examples: 6594
[2019-10-07 18:22:08,523 INFO] Validation perplexity: 3.42671
[2019-10-07 18:22:08,524 INFO] Validation accuracy: 73.0758
[2019-10-07 18:22:08,524 INFO] Model is improving ppl: 3.45241 --> 3.42671.
[2019-10-07 18:22:08,524 INFO] Model is improving acc: 72.7869 --> 73.0758.
[2019-10-07 18:22:08,743 INFO] Saving checkpoint /media/barracuda4tb/dimitarsh1/Projects/BiasNMT/data/en-fr-TRANS-BPE-NEW/model/model_step_9000.pt
[2019-10-07 18:23:54,922 INFO] Step 9100/202000; acc:  74.18; ppl:  2.68; xent: 0.99; lr: 0.00093; 23340/26877 tok/s;   9752 sec
[2019-10-07 18:25:39,813 INFO] Step 9200/202000; acc:  74.30; ppl:  2.66; xent: 0.98; lr: 0.00092; 26068/29937 tok/s;   9857 sec
[2019-10-07 18:27:25,340 INFO] Step 9300/202000; acc:  74.36; ppl:  2.66; xent: 0.98; lr: 0.00092; 25878/29685 tok/s;   9962 sec
[2019-10-07 18:28:03,358 INFO] Loading dataset from /media/barracuda4tb/dimitarsh1/Projects/BiasNMT/data/en-fr-TRANS-BPE-NEW/data/ready_to_train.train.1.pt
[2019-10-07 18:28:10,176 INFO] number of examples: 410180
[2019-10-07 18:29:10,473 INFO] Step 9400/202000; acc:  74.52; ppl:  2.64; xent: 0.97; lr: 0.00091; 25762/29503 tok/s;  10067 sec
[2019-10-07 18:30:55,848 INFO] Step 9500/202000; acc:  74.41; ppl:  2.64; xent: 0.97; lr: 0.00091; 25590/29412 tok/s;  10173 sec
[2019-10-07 18:30:55,848 INFO] Loading dataset from /media/barracuda4tb/dimitarsh1/Projects/BiasNMT/data/en-fr-TRANS-BPE-NEW/data/ready_to_train.valid.0.pt
[2019-10-07 18:30:55,892 INFO] number of examples: 6594
[2019-10-07 18:31:05,991 INFO] Validation perplexity: 3.39841
[2019-10-07 18:31:05,991 INFO] Validation accuracy: 73.0731
[2019-10-07 18:31:05,991 INFO] Stalled patience: 4/5
[2019-10-07 18:31:06,202 INFO] Saving checkpoint /media/barracuda4tb/dimitarsh1/Projects/BiasNMT/data/en-fr-TRANS-BPE-NEW/model/model_step_9500.pt
[2019-10-07 18:32:53,173 INFO] Step 9600/202000; acc:  74.47; ppl:  2.64; xent: 0.97; lr: 0.00090; 23121/26432 tok/s;  10290 sec
[2019-10-07 18:34:23,422 INFO] Loading dataset from /media/barracuda4tb/dimitarsh1/Projects/BiasNMT/data/en-fr-TRANS-BPE-NEW/data/ready_to_train.train.0.pt
[2019-10-07 18:34:37,970 INFO] Step 9700/202000; acc:  74.58; ppl:  2.63; xent: 0.97; lr: 0.00090; 25847/29787 tok/s;  10395 sec
[2019-10-07 18:34:43,016 INFO] number of examples: 878269
[2019-10-07 18:36:23,315 INFO] Step 9800/202000; acc:  74.72; ppl:  2.61; xent: 0.96; lr: 0.00089; 25773/29624 tok/s;  10500 sec
[2019-10-07 18:38:08,869 INFO] Step 9900/202000; acc:  74.82; ppl:  2.60; xent: 0.96; lr: 0.00089; 25767/29570 tok/s;  10606 sec
[2019-10-07 18:39:53,704 INFO] Step 10000/202000; acc:  74.86; ppl:  2.59; xent: 0.95; lr: 0.00088; 26125/29878 tok/s;  10711 sec
[2019-10-07 18:39:53,705 INFO] Loading dataset from /media/barracuda4tb/dimitarsh1/Projects/BiasNMT/data/en-fr-TRANS-BPE-NEW/data/ready_to_train.valid.0.pt
[2019-10-07 18:39:53,795 INFO] number of examples: 6594
[2019-10-07 18:40:03,786 INFO] Validation perplexity: 3.39702
[2019-10-07 18:40:03,786 INFO] Validation accuracy: 73.2038
[2019-10-07 18:40:03,786 INFO] Model is improving ppl: 3.42671 --> 3.39702.
[2019-10-07 18:40:03,786 INFO] Model is improving acc: 73.0758 --> 73.2038.
[2019-10-07 18:40:03,997 INFO] Saving checkpoint /media/barracuda4tb/dimitarsh1/Projects/BiasNMT/data/en-fr-TRANS-BPE-NEW/model/model_step_10000.pt
[2019-10-07 18:41:50,091 INFO] Step 10100/202000; acc:  74.83; ppl:  2.60; xent: 0.95; lr: 0.00088; 23372/26898 tok/s;  10827 sec
[2019-10-07 18:43:35,132 INFO] Step 10200/202000; acc:  74.70; ppl:  2.61; xent: 0.96; lr: 0.00088; 25854/29757 tok/s;  10932 sec
[2019-10-07 18:45:20,006 INFO] Step 10300/202000; acc:  74.85; ppl:  2.59; xent: 0.95; lr: 0.00087; 26087/29955 tok/s;  11037 sec
[2019-10-07 18:47:05,401 INFO] Step 10400/202000; acc:  74.90; ppl:  2.58; xent: 0.95; lr: 0.00087; 25855/29695 tok/s;  11142 sec
[2019-10-07 18:47:42,314 INFO] Loading dataset from /media/barracuda4tb/dimitarsh1/Projects/BiasNMT/data/en-fr-TRANS-BPE-NEW/data/ready_to_train.train.1.pt
[2019-10-07 18:47:49,014 INFO] number of examples: 410180
[2019-10-07 18:48:50,373 INFO] Step 10500/202000; acc:  75.06; ppl:  2.57; xent: 0.94; lr: 0.00086; 25837/29558 tok/s;  11247 sec
[2019-10-07 18:48:50,374 INFO] Loading dataset from /media/barracuda4tb/dimitarsh1/Projects/BiasNMT/data/en-fr-TRANS-BPE-NEW/data/ready_to_train.valid.0.pt
[2019-10-07 18:48:50,418 INFO] number of examples: 6594
[2019-10-07 18:49:00,416 INFO] Validation perplexity: 3.37275
[2019-10-07 18:49:00,416 INFO] Validation accuracy: 73.2897
[2019-10-07 18:49:00,416 INFO] Model is improving ppl: 3.39702 --> 3.37275.
[2019-10-07 18:49:00,416 INFO] Model is improving acc: 73.2038 --> 73.2897.
[2019-10-07 18:49:00,627 INFO] Saving checkpoint /media/barracuda4tb/dimitarsh1/Projects/BiasNMT/data/en-fr-TRANS-BPE-NEW/model/model_step_10500.pt
[2019-10-07 18:50:47,299 INFO] Step 10600/202000; acc:  74.96; ppl:  2.57; xent: 0.95; lr: 0.00086; 23068/26488 tok/s;  11364 sec
[2019-10-07 18:52:32,693 INFO] Step 10700/202000; acc:  75.02; ppl:  2.57; xent: 0.94; lr: 0.00085; 25724/29435 tok/s;  11470 sec
[2019-10-07 18:54:00,916 INFO] Loading dataset from /media/barracuda4tb/dimitarsh1/Projects/BiasNMT/data/en-fr-TRANS-BPE-NEW/data/ready_to_train.train.0.pt
[2019-10-07 18:54:17,500 INFO] Step 10800/202000; acc:  75.07; ppl:  2.56; xent: 0.94; lr: 0.00085; 25866/29799 tok/s;  11574 sec
[2019-10-07 18:54:22,310 INFO] number of examples: 878269
[2019-10-07 18:56:03,063 INFO] Step 10900/202000; acc:  75.21; ppl:  2.55; xent: 0.94; lr: 0.00085; 25703/29571 tok/s;  11680 sec
[2019-10-07 18:57:48,363 INFO] Step 11000/202000; acc:  75.30; ppl:  2.53; xent: 0.93; lr: 0.00084; 25852/29638 tok/s;  11785 sec
[2019-10-07 18:57:48,364 INFO] Loading dataset from /media/barracuda4tb/dimitarsh1/Projects/BiasNMT/data/en-fr-TRANS-BPE-NEW/data/ready_to_train.valid.0.pt
[2019-10-07 18:57:48,451 INFO] number of examples: 6594
[2019-10-07 18:57:58,352 INFO] Validation perplexity: 3.37319
[2019-10-07 18:57:58,352 INFO] Validation accuracy: 73.2548
[2019-10-07 18:57:58,352 INFO] Decreasing patience: 4/5
[2019-10-07 18:57:58,565 INFO] Saving checkpoint /media/barracuda4tb/dimitarsh1/Projects/BiasNMT/data/en-fr-TRANS-BPE-NEW/model/model_step_11000.pt
[2019-10-07 18:59:44,810 INFO] Step 11100/202000; acc:  75.34; ppl:  2.53; xent: 0.93; lr: 0.00084; 23523/26904 tok/s;  11902 sec
[2019-10-07 19:01:29,042 INFO] Step 11200/202000; acc:  75.27; ppl:  2.54; xent: 0.93; lr: 0.00084; 26092/30030 tok/s;  12006 sec
[2019-10-07 19:03:13,556 INFO] Step 11300/202000; acc:  75.19; ppl:  2.54; xent: 0.93; lr: 0.00083; 25975/29900 tok/s;  12111 sec
[2019-10-07 19:04:58,305 INFO] Step 11400/202000; acc:  75.33; ppl:  2.53; xent: 0.93; lr: 0.00083; 26112/30001 tok/s;  12215 sec
[2019-10-07 19:06:43,770 INFO] Step 11500/202000; acc:  75.33; ppl:  2.52; xent: 0.93; lr: 0.00082; 25850/29668 tok/s;  12321 sec
[2019-10-07 19:06:43,772 INFO] Loading dataset from /media/barracuda4tb/dimitarsh1/Projects/BiasNMT/data/en-fr-TRANS-BPE-NEW/data/ready_to_train.valid.0.pt
[2019-10-07 19:06:43,885 INFO] number of examples: 6594
[2019-10-07 19:06:53,921 INFO] Validation perplexity: 3.36001
[2019-10-07 19:06:53,922 INFO] Validation accuracy: 73.3426
[2019-10-07 19:06:53,922 INFO] Model is improving ppl: 3.37275 --> 3.36001.
[2019-10-07 19:06:53,922 INFO] Model is improving acc: 73.2897 --> 73.3426.
[2019-10-07 19:06:54,136 INFO] Saving checkpoint /media/barracuda4tb/dimitarsh1/Projects/BiasNMT/data/en-fr-TRANS-BPE-NEW/model/model_step_11500.pt
[2019-10-07 19:07:30,428 INFO] Loading dataset from /media/barracuda4tb/dimitarsh1/Projects/BiasNMT/data/en-fr-TRANS-BPE-NEW/data/ready_to_train.train.1.pt
[2019-10-07 19:07:37,228 INFO] number of examples: 410180
[2019-10-07 19:08:40,545 INFO] Step 11600/202000; acc:  75.51; ppl:  2.51; xent: 0.92; lr: 0.00082; 23213/26581 tok/s;  12438 sec
[2019-10-07 19:10:25,685 INFO] Step 11700/202000; acc:  75.40; ppl:  2.52; xent: 0.92; lr: 0.00082; 25644/29450 tok/s;  12543 sec
[2019-10-07 19:12:11,134 INFO] Step 11800/202000; acc:  75.52; ppl:  2.50; xent: 0.92; lr: 0.00081; 25727/29423 tok/s;  12648 sec
[2019-10-07 19:13:38,023 INFO] Loading dataset from /media/barracuda4tb/dimitarsh1/Projects/BiasNMT/data/en-fr-TRANS-BPE-NEW/data/ready_to_train.train.0.pt
[2019-10-07 19:13:55,791 INFO] Step 11900/202000; acc:  75.47; ppl:  2.51; xent: 0.92; lr: 0.00081; 25899/29840 tok/s;  12753 sec
[2019-10-07 19:13:56,925 INFO] number of examples: 878269
[2019-10-07 19:15:41,507 INFO] Step 12000/202000; acc:  75.63; ppl:  2.49; xent: 0.91; lr: 0.00081; 25671/29524 tok/s;  12858 sec
[2019-10-07 19:15:41,508 INFO] Loading dataset from /media/barracuda4tb/dimitarsh1/Projects/BiasNMT/data/en-fr-TRANS-BPE-NEW/data/ready_to_train.valid.0.pt
[2019-10-07 19:15:41,551 INFO] number of examples: 6594
[2019-10-07 19:15:51,518 INFO] Validation perplexity: 3.35061
[2019-10-07 19:15:51,518 INFO] Validation accuracy: 73.4011
[2019-10-07 19:15:51,518 INFO] Model is improving ppl: 3.36001 --> 3.35061.
[2019-10-07 19:15:51,518 INFO] Model is improving acc: 73.3426 --> 73.4011.
[2019-10-07 19:15:51,731 INFO] Saving checkpoint /media/barracuda4tb/dimitarsh1/Projects/BiasNMT/data/en-fr-TRANS-BPE-NEW/model/model_step_12000.pt
[2019-10-07 19:17:38,243 INFO] Step 12100/202000; acc:  75.75; ppl:  2.48; xent: 0.91; lr: 0.00080; 23346/26718 tok/s;  12975 sec
[2019-10-07 19:19:23,355 INFO] Step 12200/202000; acc:  75.76; ppl:  2.48; xent: 0.91; lr: 0.00080; 26017/29835 tok/s;  13080 sec
[2019-10-07 19:21:07,604 INFO] Step 12300/202000; acc:  75.69; ppl:  2.48; xent: 0.91; lr: 0.00080; 26090/30010 tok/s;  13185 sec
[2019-10-07 19:22:52,661 INFO] Step 12400/202000; acc:  75.63; ppl:  2.49; xent: 0.91; lr: 0.00079; 25854/29740 tok/s;  13290 sec
[2019-10-07 19:24:37,378 INFO] Step 12500/202000; acc:  75.73; ppl:  2.47; xent: 0.91; lr: 0.00079; 26147/29990 tok/s;  13394 sec
[2019-10-07 19:24:37,379 INFO] Loading dataset from /media/barracuda4tb/dimitarsh1/Projects/BiasNMT/data/en-fr-TRANS-BPE-NEW/data/ready_to_train.valid.0.pt
[2019-10-07 19:24:37,481 INFO] number of examples: 6594
[2019-10-07 19:24:47,421 INFO] Validation perplexity: 3.33998
[2019-10-07 19:24:47,421 INFO] Validation accuracy: 73.5064
[2019-10-07 19:24:47,421 INFO] Model is improving ppl: 3.35061 --> 3.33998.
[2019-10-07 19:24:47,421 INFO] Model is improving acc: 73.4011 --> 73.5064.
[2019-10-07 19:24:47,633 INFO] Saving checkpoint /media/barracuda4tb/dimitarsh1/Projects/BiasNMT/data/en-fr-TRANS-BPE-NEW/model/model_step_12500.pt
[2019-10-07 19:26:34,510 INFO] Step 12600/202000; acc:  75.75; ppl:  2.47; xent: 0.90; lr: 0.00079; 23268/26727 tok/s;  13511 sec
[2019-10-07 19:27:08,265 INFO] Loading dataset from /media/barracuda4tb/dimitarsh1/Projects/BiasNMT/data/en-fr-TRANS-BPE-NEW/data/ready_to_train.train.1.pt
[2019-10-07 19:27:18,654 INFO] number of examples: 410180
[2019-10-07 19:28:19,712 INFO] Step 12700/202000; acc:  75.93; ppl:  2.45; xent: 0.90; lr: 0.00078; 25753/29534 tok/s;  13617 sec
[2019-10-07 19:30:04,918 INFO] Step 12800/202000; acc:  75.79; ppl:  2.46; xent: 0.90; lr: 0.00078; 25579/29393 tok/s;  13722 sec
[2019-10-07 19:31:50,584 INFO] Step 12900/202000; acc:  75.93; ppl:  2.45; xent: 0.90; lr: 0.00078; 25731/29377 tok/s;  13828 sec
[2019-10-07 19:33:15,565 INFO] Loading dataset from /media/barracuda4tb/dimitarsh1/Projects/BiasNMT/data/en-fr-TRANS-BPE-NEW/data/ready_to_train.train.0.pt
[2019-10-07 19:33:32,506 INFO] number of examples: 878269
[2019-10-07 19:33:34,942 INFO] Step 13000/202000; acc:  75.86; ppl:  2.46; xent: 0.90; lr: 0.00078; 25931/29934 tok/s;  13932 sec
[2019-10-07 19:33:34,943 INFO] Loading dataset from /media/barracuda4tb/dimitarsh1/Projects/BiasNMT/data/en-fr-TRANS-BPE-NEW/data/ready_to_train.valid.0.pt
[2019-10-07 19:33:34,986 INFO] number of examples: 6594
[2019-10-07 19:33:45,050 INFO] Validation perplexity: 3.355
[2019-10-07 19:33:45,050 INFO] Validation accuracy: 73.4903
[2019-10-07 19:33:45,050 INFO] Decreasing patience: 4/5
[2019-10-07 19:33:45,261 INFO] Saving checkpoint /media/barracuda4tb/dimitarsh1/Projects/BiasNMT/data/en-fr-TRANS-BPE-NEW/model/model_step_13000.pt
[2019-10-07 19:35:31,915 INFO] Step 13100/202000; acc:  76.04; ppl:  2.44; xent: 0.89; lr: 0.00077; 23226/26683 tok/s;  14049 sec
[2019-10-07 19:37:16,996 INFO] Step 13200/202000; acc:  76.12; ppl:  2.43; xent: 0.89; lr: 0.00077; 25937/29668 tok/s;  14154 sec
[2019-10-07 19:39:01,829 INFO] Step 13300/202000; acc:  76.14; ppl:  2.43; xent: 0.89; lr: 0.00077; 26089/29925 tok/s;  14259 sec
[2019-10-07 19:40:46,409 INFO] Step 13400/202000; acc:  76.08; ppl:  2.44; xent: 0.89; lr: 0.00076; 25987/29929 tok/s;  14363 sec
[2019-10-07 19:42:31,283 INFO] Step 13500/202000; acc:  76.00; ppl:  2.44; xent: 0.89; lr: 0.00076; 25920/29784 tok/s;  14468 sec
[2019-10-07 19:42:31,284 INFO] Loading dataset from /media/barracuda4tb/dimitarsh1/Projects/BiasNMT/data/en-fr-TRANS-BPE-NEW/data/ready_to_train.valid.0.pt
[2019-10-07 19:42:31,379 INFO] number of examples: 6594
[2019-10-07 19:42:41,372 INFO] Validation perplexity: 3.34348
[2019-10-07 19:42:41,372 INFO] Validation accuracy: 73.4455
[2019-10-07 19:42:41,372 INFO] Decreasing patience: 3/5
[2019-10-07 19:42:41,584 INFO] Saving checkpoint /media/barracuda4tb/dimitarsh1/Projects/BiasNMT/data/en-fr-TRANS-BPE-NEW/model/model_step_13500.pt
[2019-10-07 19:44:28,024 INFO] Step 13600/202000; acc:  76.10; ppl:  2.43; xent: 0.89; lr: 0.00076; 23449/26880 tok/s;  14585 sec
[2019-10-07 19:46:13,074 INFO] Step 13700/202000; acc:  76.15; ppl:  2.42; xent: 0.89; lr: 0.00076; 25962/29828 tok/s;  14690 sec
[2019-10-07 19:46:44,872 INFO] Loading dataset from /media/barracuda4tb/dimitarsh1/Projects/BiasNMT/data/en-fr-TRANS-BPE-NEW/data/ready_to_train.train.1.pt
[2019-10-07 19:46:55,111 INFO] number of examples: 410180
[2019-10-07 19:47:58,258 INFO] Step 13800/202000; acc:  76.29; ppl:  2.41; xent: 0.88; lr: 0.00075; 25738/29528 tok/s;  14795 sec
[2019-10-07 19:49:43,633 INFO] Step 13900/202000; acc:  76.19; ppl:  2.42; xent: 0.88; lr: 0.00075; 25537/29359 tok/s;  14901 sec
[2019-10-07 19:51:28,672 INFO] Step 14000/202000; acc:  76.29; ppl:  2.41; xent: 0.88; lr: 0.00075; 25890/29543 tok/s;  15006 sec
[2019-10-07 19:51:28,673 INFO] Loading dataset from /media/barracuda4tb/dimitarsh1/Projects/BiasNMT/data/en-fr-TRANS-BPE-NEW/data/ready_to_train.valid.0.pt
[2019-10-07 19:51:28,717 INFO] number of examples: 6594
[2019-10-07 19:51:38,721 INFO] Validation perplexity: 3.37243
[2019-10-07 19:51:38,721 INFO] Validation accuracy: 73.4602
[2019-10-07 19:51:38,721 INFO] Decreasing patience: 2/5
[2019-10-07 19:51:38,932 INFO] Saving checkpoint /media/barracuda4tb/dimitarsh1/Projects/BiasNMT/data/en-fr-TRANS-BPE-NEW/model/model_step_14000.pt
[2019-10-07 19:53:04,109 INFO] Loading dataset from /media/barracuda4tb/dimitarsh1/Projects/BiasNMT/data/en-fr-TRANS-BPE-NEW/data/ready_to_train.train.0.pt
[2019-10-07 19:53:20,540 INFO] number of examples: 878269
[2019-10-07 19:53:24,961 INFO] Step 14100/202000; acc:  76.28; ppl:  2.41; xent: 0.88; lr: 0.00074; 23275/26862 tok/s;  15122 sec
[2019-10-07 19:55:09,910 INFO] Step 14200/202000; acc:  76.35; ppl:  2.40; xent: 0.88; lr: 0.00074; 25833/29727 tok/s;  15227 sec
[2019-10-07 19:56:55,096 INFO] Step 14300/202000; acc:  76.51; ppl:  2.39; xent: 0.87; lr: 0.00074; 25959/29659 tok/s;  15332 sec
[2019-10-07 19:58:40,594 INFO] Step 14400/202000; acc:  76.52; ppl:  2.39; xent: 0.87; lr: 0.00074; 25916/29743 tok/s;  15438 sec
[2019-10-07 20:00:25,027 INFO] Step 14500/202000; acc:  76.39; ppl:  2.40; xent: 0.87; lr: 0.00073; 26045/29957 tok/s;  15542 sec
[2019-10-07 20:00:25,028 INFO] Loading dataset from /media/barracuda4tb/dimitarsh1/Projects/BiasNMT/data/en-fr-TRANS-BPE-NEW/data/ready_to_train.valid.0.pt
[2019-10-07 20:00:25,121 INFO] number of examples: 6594
[2019-10-07 20:00:35,072 INFO] Validation perplexity: 3.32665
[2019-10-07 20:00:35,072 INFO] Validation accuracy: 73.5326
[2019-10-07 20:00:35,072 INFO] Model is improving ppl: 3.33998 --> 3.32665.
[2019-10-07 20:00:35,072 INFO] Model is improving acc: 73.5064 --> 73.5326.
[2019-10-07 20:00:35,283 INFO] Saving checkpoint /media/barracuda4tb/dimitarsh1/Projects/BiasNMT/data/en-fr-TRANS-BPE-NEW/model/model_step_14500.pt
[2019-10-07 20:02:21,302 INFO] Step 14600/202000; acc:  76.37; ppl:  2.40; xent: 0.88; lr: 0.00073; 23387/26855 tok/s;  15658 sec
[2019-10-07 20:04:06,053 INFO] Step 14700/202000; acc:  76.48; ppl:  2.39; xent: 0.87; lr: 0.00073; 26088/29983 tok/s;  15763 sec
[2019-10-07 20:05:51,286 INFO] Step 14800/202000; acc:  76.50; ppl:  2.39; xent: 0.87; lr: 0.00073; 25945/29755 tok/s;  15868 sec
[2019-10-07 20:06:21,644 INFO] Loading dataset from /media/barracuda4tb/dimitarsh1/Projects/BiasNMT/data/en-fr-TRANS-BPE-NEW/data/ready_to_train.train.1.pt
[2019-10-07 20:06:31,201 INFO] number of examples: 410180
[2019-10-07 20:07:36,097 INFO] Step 14900/202000; acc:  76.65; ppl:  2.37; xent: 0.86; lr: 0.00072; 25830/29645 tok/s;  15973 sec
[2019-10-07 20:09:21,308 INFO] Step 15000/202000; acc:  76.50; ppl:  2.38; xent: 0.87; lr: 0.00072; 25545/29407 tok/s;  16078 sec
[2019-10-07 20:09:21,308 INFO] Loading dataset from /media/barracuda4tb/dimitarsh1/Projects/BiasNMT/data/en-fr-TRANS-BPE-NEW/data/ready_to_train.valid.0.pt
[2019-10-07 20:09:21,354 INFO] number of examples: 6594
[2019-10-07 20:09:31,304 INFO] Validation perplexity: 3.34767
[2019-10-07 20:09:31,304 INFO] Validation accuracy: 73.4935
[2019-10-07 20:09:31,304 INFO] Decreasing patience: 4/5
[2019-10-07 20:09:31,516 INFO] Saving checkpoint /media/barracuda4tb/dimitarsh1/Projects/BiasNMT/data/en-fr-TRANS-BPE-NEW/model/model_step_15000.pt
[2019-10-07 20:11:18,343 INFO] Step 15100/202000; acc:  76.65; ppl:  2.37; xent: 0.86; lr: 0.00072; 23259/26513 tok/s;  16195 sec
[2019-10-07 20:12:40,321 INFO] Loading dataset from /media/barracuda4tb/dimitarsh1/Projects/BiasNMT/data/en-fr-TRANS-BPE-NEW/data/ready_to_train.train.0.pt
[2019-10-07 20:13:01,487 INFO] number of examples: 878269
[2019-10-07 20:13:02,927 INFO] Step 15200/202000; acc:  76.55; ppl:  2.38; xent: 0.87; lr: 0.00072; 25889/29861 tok/s;  16300 sec
[2019-10-07 20:14:48,124 INFO] Step 15300/202000; acc:  76.72; ppl:  2.36; xent: 0.86; lr: 0.00071; 25789/29661 tok/s;  16405 sec
[2019-10-07 20:16:33,311 INFO] Step 15400/202000; acc:  76.81; ppl:  2.35; xent: 0.86; lr: 0.00071; 25933/29659 tok/s;  16510 sec
[2019-10-07 20:18:18,826 INFO] Step 15500/202000; acc:  76.85; ppl:  2.35; xent: 0.85; lr: 0.00071; 25922/29722 tok/s;  16616 sec
[2019-10-07 20:18:18,827 INFO] Loading dataset from /media/barracuda4tb/dimitarsh1/Projects/BiasNMT/data/en-fr-TRANS-BPE-NEW/data/ready_to_train.valid.0.pt
[2019-10-07 20:18:18,914 INFO] number of examples: 6594
[2019-10-07 20:18:28,932 INFO] Validation perplexity: 3.3426
[2019-10-07 20:18:28,932 INFO] Validation accuracy: 73.625
[2019-10-07 20:18:28,932 INFO] Stalled patience: 4/5
[2019-10-07 20:18:29,143 INFO] Saving checkpoint /media/barracuda4tb/dimitarsh1/Projects/BiasNMT/data/en-fr-TRANS-BPE-NEW/model/model_step_15500.pt
[2019-10-07 20:20:14,962 INFO] Step 15600/202000; acc:  76.71; ppl:  2.36; xent: 0.86; lr: 0.00071; 23393/26956 tok/s;  16732 sec
[2019-10-07 20:21:59,836 INFO] Step 15700/202000; acc:  76.70; ppl:  2.36; xent: 0.86; lr: 0.00071; 25963/29765 tok/s;  16837 sec
[2019-10-07 20:23:44,703 INFO] Step 15800/202000; acc:  76.77; ppl:  2.35; xent: 0.86; lr: 0.00070; 26025/29960 tok/s;  16942 sec
[2019-10-07 20:25:30,240 INFO] Step 15900/202000; acc:  76.79; ppl:  2.35; xent: 0.85; lr: 0.00070; 25893/29668 tok/s;  17047 sec
[2019-10-07 20:25:58,782 INFO] Loading dataset from /media/barracuda4tb/dimitarsh1/Projects/BiasNMT/data/en-fr-TRANS-BPE-NEW/data/ready_to_train.train.1.pt
[2019-10-07 20:26:05,379 INFO] number of examples: 410180
[2019-10-07 20:27:15,668 INFO] Step 16000/202000; acc:  76.94; ppl:  2.34; xent: 0.85; lr: 0.00070; 25682/29461 tok/s;  17153 sec
[2019-10-07 20:27:15,668 INFO] Loading dataset from /media/barracuda4tb/dimitarsh1/Projects/BiasNMT/data/en-fr-TRANS-BPE-NEW/data/ready_to_train.valid.0.pt
[2019-10-07 20:27:15,764 INFO] number of examples: 6594
[2019-10-07 20:27:25,707 INFO] Validation perplexity: 3.34979
[2019-10-07 20:27:25,707 INFO] Validation accuracy: 73.6865
[2019-10-07 20:27:25,710 INFO] Stalled patience: 3/5
[2019-10-07 20:27:25,922 INFO] Saving checkpoint /media/barracuda4tb/dimitarsh1/Projects/BiasNMT/data/en-fr-TRANS-BPE-NEW/model/model_step_16000.pt
[2019-10-07 20:29:12,447 INFO] Step 16100/202000; acc:  76.83; ppl:  2.35; xent: 0.85; lr: 0.00070; 23003/26503 tok/s;  17269 sec
[2019-10-07 20:30:57,387 INFO] Step 16200/202000; acc:  76.94; ppl:  2.34; xent: 0.85; lr: 0.00069; 25947/29572 tok/s;  17374 sec
[2019-10-07 20:32:18,236 INFO] Loading dataset from /media/barracuda4tb/dimitarsh1/Projects/BiasNMT/data/en-fr-TRANS-BPE-NEW/data/ready_to_train.train.0.pt
[2019-10-07 20:32:39,384 INFO] number of examples: 878269
[2019-10-07 20:32:42,105 INFO] Step 16300/202000; acc:  76.88; ppl:  2.34; xent: 0.85; lr: 0.00069; 25829/29794 tok/s;  17479 sec
[2019-10-07 20:34:27,579 INFO] Step 16400/202000; acc:  77.01; ppl:  2.33; xent: 0.85; lr: 0.00069; 25757/29620 tok/s;  17585 sec
[2019-10-07 20:36:12,615 INFO] Step 16500/202000; acc:  77.13; ppl:  2.32; xent: 0.84; lr: 0.00069; 25979/29679 tok/s;  17690 sec
[2019-10-07 20:36:12,616 INFO] Loading dataset from /media/barracuda4tb/dimitarsh1/Projects/BiasNMT/data/en-fr-TRANS-BPE-NEW/data/ready_to_train.valid.0.pt
[2019-10-07 20:36:12,659 INFO] number of examples: 6594
[2019-10-07 20:36:22,671 INFO] Validation perplexity: 3.34512
[2019-10-07 20:36:22,671 INFO] Validation accuracy: 73.6136
[2019-10-07 20:36:22,671 INFO] Stalled patience: 2/5
[2019-10-07 20:36:22,882 INFO] Saving checkpoint /media/barracuda4tb/dimitarsh1/Projects/BiasNMT/data/en-fr-TRANS-BPE-NEW/model/model_step_16500.pt
[2019-10-07 20:38:08,772 INFO] Step 16600/202000; acc:  77.11; ppl:  2.32; xent: 0.84; lr: 0.00069; 23532/26989 tok/s;  17806 sec
[2019-10-07 20:39:53,090 INFO] Step 16700/202000; acc:  77.09; ppl:  2.32; xent: 0.84; lr: 0.00068; 26075/30030 tok/s;  17910 sec
[2019-10-07 20:41:37,650 INFO] Step 16800/202000; acc:  77.01; ppl:  2.33; xent: 0.85; lr: 0.00068; 25986/29860 tok/s;  18015 sec
[2019-10-07 20:43:22,483 INFO] Step 16900/202000; acc:  77.06; ppl:  2.32; xent: 0.84; lr: 0.00068; 26070/29966 tok/s;  18119 sec
[2019-10-07 20:45:07,837 INFO] Step 17000/202000; acc:  77.12; ppl:  2.32; xent: 0.84; lr: 0.00068; 25903/29726 tok/s;  18225 sec
[2019-10-07 20:45:07,838 INFO] Loading dataset from /media/barracuda4tb/dimitarsh1/Projects/BiasNMT/data/en-fr-TRANS-BPE-NEW/data/ready_to_train.valid.0.pt
[2019-10-07 20:45:07,932 INFO] number of examples: 6594
[2019-10-07 20:45:17,907 INFO] Validation perplexity: 3.35716
[2019-10-07 20:45:17,907 INFO] Validation accuracy: 73.6561
[2019-10-07 20:45:17,907 INFO] Stalled patience: 1/5
[2019-10-07 20:45:18,118 INFO] Saving checkpoint /media/barracuda4tb/dimitarsh1/Projects/BiasNMT/data/en-fr-TRANS-BPE-NEW/model/model_step_17000.pt
[2019-10-07 20:45:46,948 INFO] Loading dataset from /media/barracuda4tb/dimitarsh1/Projects/BiasNMT/data/en-fr-TRANS-BPE-NEW/data/ready_to_train.train.1.pt
[2019-10-07 20:45:53,709 INFO] number of examples: 410180
[2019-10-07 20:47:04,606 INFO] Step 17100/202000; acc:  77.26; ppl:  2.30; xent: 0.83; lr: 0.00068; 23196/26572 tok/s;  18342 sec
[2019-10-07 20:48:49,381 INFO] Step 17200/202000; acc:  77.11; ppl:  2.32; xent: 0.84; lr: 0.00067; 25644/29515 tok/s;  18446 sec
[2019-10-07 20:50:34,651 INFO] Step 17300/202000; acc:  77.27; ppl:  2.30; xent: 0.83; lr: 0.00067; 25876/29533 tok/s;  18552 sec
[2019-10-07 20:51:53,228 INFO] Loading dataset from /media/barracuda4tb/dimitarsh1/Projects/BiasNMT/data/en-fr-TRANS-BPE-NEW/data/ready_to_train.train.0.pt
[2019-10-07 20:52:14,573 INFO] number of examples: 878269
[2019-10-07 20:52:19,181 INFO] Step 17400/202000; acc:  77.18; ppl:  2.31; xent: 0.84; lr: 0.00067; 25874/29837 tok/s;  18656 sec
[2019-10-07 20:54:04,623 INFO] Step 17500/202000; acc:  77.33; ppl:  2.30; xent: 0.83; lr: 0.00067; 25779/29613 tok/s;  18762 sec
[2019-10-07 20:54:04,624 INFO] Loading dataset from /media/barracuda4tb/dimitarsh1/Projects/BiasNMT/data/en-fr-TRANS-BPE-NEW/data/ready_to_train.valid.0.pt
[2019-10-07 20:54:04,668 INFO] number of examples: 6594
[2019-10-07 20:54:14,729 INFO] Validation perplexity: 3.35529
[2019-10-07 20:54:14,729 INFO] Validation accuracy: 73.6998
[2019-10-07 20:54:14,729 INFO] Stalled patience: 0/5
[2019-10-07 20:54:14,729 INFO] Training finished after stalled validations. Early Stop!
[2019-10-07 20:54:14,730 INFO] Best model found at step 14500
[2019-10-07 20:54:14,960 INFO] Saving checkpoint /media/barracuda4tb/dimitarsh1/Projects/BiasNMT/data/en-fr-TRANS-BPE-NEW/model/model_step_17500.pt
