[2021-02-19 08:00:36,583 INFO] Loading dataset from /home/shterion/EcoNMT/engines/ES-EN-TRANS-BPE/data/ready_to_train.train.0.pt
[2021-02-19 08:00:37,523 INFO]  * src vocab size = 48887
[2021-02-19 08:00:37,523 INFO]  * tgt vocab size = 47030
[2021-02-19 08:00:37,523 INFO] Building model...
[2021-02-19 08:00:42,890 INFO] NMTModel(
  (encoder): TransformerEncoder(
    (embeddings): Embeddings(
      (make_embedding): Sequential(
        (emb_luts): Elementwise(
          (0): Embedding(48887, 512, padding_idx=1)
        )
        (pe): PositionalEncoding(
          (dropout): Dropout(p=0.1, inplace=False)
        )
      )
    )
    (transformer): ModuleList(
      (0): TransformerEncoderLayer(
        (self_attn): MultiHeadedAttention(
          (linear_keys): Linear(in_features=512, out_features=512, bias=True)
          (linear_values): Linear(in_features=512, out_features=512, bias=True)
          (linear_query): Linear(in_features=512, out_features=512, bias=True)
          (softmax): Softmax(dim=-1)
          (dropout): Dropout(p=0.1, inplace=False)
          (final_linear): Linear(in_features=512, out_features=512, bias=True)
        )
        (feed_forward): PositionwiseFeedForward(
          (w_1): Linear(in_features=512, out_features=2048, bias=True)
          (w_2): Linear(in_features=2048, out_features=512, bias=True)
          (layer_norm): LayerNorm((512,), eps=1e-06, elementwise_affine=True)
          (dropout_1): Dropout(p=0.1, inplace=False)
          (relu): ReLU()
          (dropout_2): Dropout(p=0.1, inplace=False)
        )
        (layer_norm): LayerNorm((512,), eps=1e-06, elementwise_affine=True)
        (dropout): Dropout(p=0.1, inplace=False)
      )
      (1): TransformerEncoderLayer(
        (self_attn): MultiHeadedAttention(
          (linear_keys): Linear(in_features=512, out_features=512, bias=True)
          (linear_values): Linear(in_features=512, out_features=512, bias=True)
          (linear_query): Linear(in_features=512, out_features=512, bias=True)
          (softmax): Softmax(dim=-1)
          (dropout): Dropout(p=0.1, inplace=False)
          (final_linear): Linear(in_features=512, out_features=512, bias=True)
        )
        (feed_forward): PositionwiseFeedForward(
          (w_1): Linear(in_features=512, out_features=2048, bias=True)
          (w_2): Linear(in_features=2048, out_features=512, bias=True)
          (layer_norm): LayerNorm((512,), eps=1e-06, elementwise_affine=True)
          (dropout_1): Dropout(p=0.1, inplace=False)
          (relu): ReLU()
          (dropout_2): Dropout(p=0.1, inplace=False)
        )
        (layer_norm): LayerNorm((512,), eps=1e-06, elementwise_affine=True)
        (dropout): Dropout(p=0.1, inplace=False)
      )
      (2): TransformerEncoderLayer(
        (self_attn): MultiHeadedAttention(
          (linear_keys): Linear(in_features=512, out_features=512, bias=True)
          (linear_values): Linear(in_features=512, out_features=512, bias=True)
          (linear_query): Linear(in_features=512, out_features=512, bias=True)
          (softmax): Softmax(dim=-1)
          (dropout): Dropout(p=0.1, inplace=False)
          (final_linear): Linear(in_features=512, out_features=512, bias=True)
        )
        (feed_forward): PositionwiseFeedForward(
          (w_1): Linear(in_features=512, out_features=2048, bias=True)
          (w_2): Linear(in_features=2048, out_features=512, bias=True)
          (layer_norm): LayerNorm((512,), eps=1e-06, elementwise_affine=True)
          (dropout_1): Dropout(p=0.1, inplace=False)
          (relu): ReLU()
          (dropout_2): Dropout(p=0.1, inplace=False)
        )
        (layer_norm): LayerNorm((512,), eps=1e-06, elementwise_affine=True)
        (dropout): Dropout(p=0.1, inplace=False)
      )
      (3): TransformerEncoderLayer(
        (self_attn): MultiHeadedAttention(
          (linear_keys): Linear(in_features=512, out_features=512, bias=True)
          (linear_values): Linear(in_features=512, out_features=512, bias=True)
          (linear_query): Linear(in_features=512, out_features=512, bias=True)
          (softmax): Softmax(dim=-1)
          (dropout): Dropout(p=0.1, inplace=False)
          (final_linear): Linear(in_features=512, out_features=512, bias=True)
        )
        (feed_forward): PositionwiseFeedForward(
          (w_1): Linear(in_features=512, out_features=2048, bias=True)
          (w_2): Linear(in_features=2048, out_features=512, bias=True)
          (layer_norm): LayerNorm((512,), eps=1e-06, elementwise_affine=True)
          (dropout_1): Dropout(p=0.1, inplace=False)
          (relu): ReLU()
          (dropout_2): Dropout(p=0.1, inplace=False)
        )
        (layer_norm): LayerNorm((512,), eps=1e-06, elementwise_affine=True)
        (dropout): Dropout(p=0.1, inplace=False)
      )
      (4): TransformerEncoderLayer(
        (self_attn): MultiHeadedAttention(
          (linear_keys): Linear(in_features=512, out_features=512, bias=True)
          (linear_values): Linear(in_features=512, out_features=512, bias=True)
          (linear_query): Linear(in_features=512, out_features=512, bias=True)
          (softmax): Softmax(dim=-1)
          (dropout): Dropout(p=0.1, inplace=False)
          (final_linear): Linear(in_features=512, out_features=512, bias=True)
        )
        (feed_forward): PositionwiseFeedForward(
          (w_1): Linear(in_features=512, out_features=2048, bias=True)
          (w_2): Linear(in_features=2048, out_features=512, bias=True)
          (layer_norm): LayerNorm((512,), eps=1e-06, elementwise_affine=True)
          (dropout_1): Dropout(p=0.1, inplace=False)
          (relu): ReLU()
          (dropout_2): Dropout(p=0.1, inplace=False)
        )
        (layer_norm): LayerNorm((512,), eps=1e-06, elementwise_affine=True)
        (dropout): Dropout(p=0.1, inplace=False)
      )
      (5): TransformerEncoderLayer(
        (self_attn): MultiHeadedAttention(
          (linear_keys): Linear(in_features=512, out_features=512, bias=True)
          (linear_values): Linear(in_features=512, out_features=512, bias=True)
          (linear_query): Linear(in_features=512, out_features=512, bias=True)
          (softmax): Softmax(dim=-1)
          (dropout): Dropout(p=0.1, inplace=False)
          (final_linear): Linear(in_features=512, out_features=512, bias=True)
        )
        (feed_forward): PositionwiseFeedForward(
          (w_1): Linear(in_features=512, out_features=2048, bias=True)
          (w_2): Linear(in_features=2048, out_features=512, bias=True)
          (layer_norm): LayerNorm((512,), eps=1e-06, elementwise_affine=True)
          (dropout_1): Dropout(p=0.1, inplace=False)
          (relu): ReLU()
          (dropout_2): Dropout(p=0.1, inplace=False)
        )
        (layer_norm): LayerNorm((512,), eps=1e-06, elementwise_affine=True)
        (dropout): Dropout(p=0.1, inplace=False)
      )
    )
    (layer_norm): LayerNorm((512,), eps=1e-06, elementwise_affine=True)
  )
  (decoder): TransformerDecoder(
    (embeddings): Embeddings(
      (make_embedding): Sequential(
        (emb_luts): Elementwise(
          (0): Embedding(47030, 512, padding_idx=1)
        )
        (pe): PositionalEncoding(
          (dropout): Dropout(p=0.1, inplace=False)
        )
      )
    )
    (transformer_layers): ModuleList(
      (0): TransformerDecoderLayer(
        (self_attn): MultiHeadedAttention(
          (linear_keys): Linear(in_features=512, out_features=512, bias=True)
          (linear_values): Linear(in_features=512, out_features=512, bias=True)
          (linear_query): Linear(in_features=512, out_features=512, bias=True)
          (softmax): Softmax(dim=-1)
          (dropout): Dropout(p=0.1, inplace=False)
          (final_linear): Linear(in_features=512, out_features=512, bias=True)
        )
        (context_attn): MultiHeadedAttention(
          (linear_keys): Linear(in_features=512, out_features=512, bias=True)
          (linear_values): Linear(in_features=512, out_features=512, bias=True)
          (linear_query): Linear(in_features=512, out_features=512, bias=True)
          (softmax): Softmax(dim=-1)
          (dropout): Dropout(p=0.1, inplace=False)
          (final_linear): Linear(in_features=512, out_features=512, bias=True)
        )
        (feed_forward): PositionwiseFeedForward(
          (w_1): Linear(in_features=512, out_features=2048, bias=True)
          (w_2): Linear(in_features=2048, out_features=512, bias=True)
          (layer_norm): LayerNorm((512,), eps=1e-06, elementwise_affine=True)
          (dropout_1): Dropout(p=0.1, inplace=False)
          (relu): ReLU()
          (dropout_2): Dropout(p=0.1, inplace=False)
        )
        (layer_norm_1): LayerNorm((512,), eps=1e-06, elementwise_affine=True)
        (layer_norm_2): LayerNorm((512,), eps=1e-06, elementwise_affine=True)
        (drop): Dropout(p=0.1, inplace=False)
      )
      (1): TransformerDecoderLayer(
        (self_attn): MultiHeadedAttention(
          (linear_keys): Linear(in_features=512, out_features=512, bias=True)
          (linear_values): Linear(in_features=512, out_features=512, bias=True)
          (linear_query): Linear(in_features=512, out_features=512, bias=True)
          (softmax): Softmax(dim=-1)
          (dropout): Dropout(p=0.1, inplace=False)
          (final_linear): Linear(in_features=512, out_features=512, bias=True)
        )
        (context_attn): MultiHeadedAttention(
          (linear_keys): Linear(in_features=512, out_features=512, bias=True)
          (linear_values): Linear(in_features=512, out_features=512, bias=True)
          (linear_query): Linear(in_features=512, out_features=512, bias=True)
          (softmax): Softmax(dim=-1)
          (dropout): Dropout(p=0.1, inplace=False)
          (final_linear): Linear(in_features=512, out_features=512, bias=True)
        )
        (feed_forward): PositionwiseFeedForward(
          (w_1): Linear(in_features=512, out_features=2048, bias=True)
          (w_2): Linear(in_features=2048, out_features=512, bias=True)
          (layer_norm): LayerNorm((512,), eps=1e-06, elementwise_affine=True)
          (dropout_1): Dropout(p=0.1, inplace=False)
          (relu): ReLU()
          (dropout_2): Dropout(p=0.1, inplace=False)
        )
        (layer_norm_1): LayerNorm((512,), eps=1e-06, elementwise_affine=True)
        (layer_norm_2): LayerNorm((512,), eps=1e-06, elementwise_affine=True)
        (drop): Dropout(p=0.1, inplace=False)
      )
      (2): TransformerDecoderLayer(
        (self_attn): MultiHeadedAttention(
          (linear_keys): Linear(in_features=512, out_features=512, bias=True)
          (linear_values): Linear(in_features=512, out_features=512, bias=True)
          (linear_query): Linear(in_features=512, out_features=512, bias=True)
          (softmax): Softmax(dim=-1)
          (dropout): Dropout(p=0.1, inplace=False)
          (final_linear): Linear(in_features=512, out_features=512, bias=True)
        )
        (context_attn): MultiHeadedAttention(
          (linear_keys): Linear(in_features=512, out_features=512, bias=True)
          (linear_values): Linear(in_features=512, out_features=512, bias=True)
          (linear_query): Linear(in_features=512, out_features=512, bias=True)
          (softmax): Softmax(dim=-1)
          (dropout): Dropout(p=0.1, inplace=False)
          (final_linear): Linear(in_features=512, out_features=512, bias=True)
        )
        (feed_forward): PositionwiseFeedForward(
          (w_1): Linear(in_features=512, out_features=2048, bias=True)
          (w_2): Linear(in_features=2048, out_features=512, bias=True)
          (layer_norm): LayerNorm((512,), eps=1e-06, elementwise_affine=True)
          (dropout_1): Dropout(p=0.1, inplace=False)
          (relu): ReLU()
          (dropout_2): Dropout(p=0.1, inplace=False)
        )
        (layer_norm_1): LayerNorm((512,), eps=1e-06, elementwise_affine=True)
        (layer_norm_2): LayerNorm((512,), eps=1e-06, elementwise_affine=True)
        (drop): Dropout(p=0.1, inplace=False)
      )
      (3): TransformerDecoderLayer(
        (self_attn): MultiHeadedAttention(
          (linear_keys): Linear(in_features=512, out_features=512, bias=True)
          (linear_values): Linear(in_features=512, out_features=512, bias=True)
          (linear_query): Linear(in_features=512, out_features=512, bias=True)
          (softmax): Softmax(dim=-1)
          (dropout): Dropout(p=0.1, inplace=False)
          (final_linear): Linear(in_features=512, out_features=512, bias=True)
        )
        (context_attn): MultiHeadedAttention(
          (linear_keys): Linear(in_features=512, out_features=512, bias=True)
          (linear_values): Linear(in_features=512, out_features=512, bias=True)
          (linear_query): Linear(in_features=512, out_features=512, bias=True)
          (softmax): Softmax(dim=-1)
          (dropout): Dropout(p=0.1, inplace=False)
          (final_linear): Linear(in_features=512, out_features=512, bias=True)
        )
        (feed_forward): PositionwiseFeedForward(
          (w_1): Linear(in_features=512, out_features=2048, bias=True)
          (w_2): Linear(in_features=2048, out_features=512, bias=True)
          (layer_norm): LayerNorm((512,), eps=1e-06, elementwise_affine=True)
          (dropout_1): Dropout(p=0.1, inplace=False)
          (relu): ReLU()
          (dropout_2): Dropout(p=0.1, inplace=False)
        )
        (layer_norm_1): LayerNorm((512,), eps=1e-06, elementwise_affine=True)
        (layer_norm_2): LayerNorm((512,), eps=1e-06, elementwise_affine=True)
        (drop): Dropout(p=0.1, inplace=False)
      )
      (4): TransformerDecoderLayer(
        (self_attn): MultiHeadedAttention(
          (linear_keys): Linear(in_features=512, out_features=512, bias=True)
          (linear_values): Linear(in_features=512, out_features=512, bias=True)
          (linear_query): Linear(in_features=512, out_features=512, bias=True)
          (softmax): Softmax(dim=-1)
          (dropout): Dropout(p=0.1, inplace=False)
          (final_linear): Linear(in_features=512, out_features=512, bias=True)
        )
        (context_attn): MultiHeadedAttention(
          (linear_keys): Linear(in_features=512, out_features=512, bias=True)
          (linear_values): Linear(in_features=512, out_features=512, bias=True)
          (linear_query): Linear(in_features=512, out_features=512, bias=True)
          (softmax): Softmax(dim=-1)
          (dropout): Dropout(p=0.1, inplace=False)
          (final_linear): Linear(in_features=512, out_features=512, bias=True)
        )
        (feed_forward): PositionwiseFeedForward(
          (w_1): Linear(in_features=512, out_features=2048, bias=True)
          (w_2): Linear(in_features=2048, out_features=512, bias=True)
          (layer_norm): LayerNorm((512,), eps=1e-06, elementwise_affine=True)
          (dropout_1): Dropout(p=0.1, inplace=False)
          (relu): ReLU()
          (dropout_2): Dropout(p=0.1, inplace=False)
        )
        (layer_norm_1): LayerNorm((512,), eps=1e-06, elementwise_affine=True)
        (layer_norm_2): LayerNorm((512,), eps=1e-06, elementwise_affine=True)
        (drop): Dropout(p=0.1, inplace=False)
      )
      (5): TransformerDecoderLayer(
        (self_attn): MultiHeadedAttention(
          (linear_keys): Linear(in_features=512, out_features=512, bias=True)
          (linear_values): Linear(in_features=512, out_features=512, bias=True)
          (linear_query): Linear(in_features=512, out_features=512, bias=True)
          (softmax): Softmax(dim=-1)
          (dropout): Dropout(p=0.1, inplace=False)
          (final_linear): Linear(in_features=512, out_features=512, bias=True)
        )
        (context_attn): MultiHeadedAttention(
          (linear_keys): Linear(in_features=512, out_features=512, bias=True)
          (linear_values): Linear(in_features=512, out_features=512, bias=True)
          (linear_query): Linear(in_features=512, out_features=512, bias=True)
          (softmax): Softmax(dim=-1)
          (dropout): Dropout(p=0.1, inplace=False)
          (final_linear): Linear(in_features=512, out_features=512, bias=True)
        )
        (feed_forward): PositionwiseFeedForward(
          (w_1): Linear(in_features=512, out_features=2048, bias=True)
          (w_2): Linear(in_features=2048, out_features=512, bias=True)
          (layer_norm): LayerNorm((512,), eps=1e-06, elementwise_affine=True)
          (dropout_1): Dropout(p=0.1, inplace=False)
          (relu): ReLU()
          (dropout_2): Dropout(p=0.1, inplace=False)
        )
        (layer_norm_1): LayerNorm((512,), eps=1e-06, elementwise_affine=True)
        (layer_norm_2): LayerNorm((512,), eps=1e-06, elementwise_affine=True)
        (drop): Dropout(p=0.1, inplace=False)
      )
    )
    (layer_norm): LayerNorm((512,), eps=1e-06, elementwise_affine=True)
  )
  (generator): Sequential(
    (0): Linear(in_features=512, out_features=47030, bias=True)
    (1): Cast()
    (2): LogSoftmax()
  )
)
[2021-02-19 08:00:42,893 INFO] encoder: 43945472
[2021-02-19 08:00:42,894 INFO] decoder: 73430966
[2021-02-19 08:00:42,894 INFO] * number of parameters: 117376438
[2021-02-19 08:00:42,897 INFO] Starting training on GPU: [0, 1, 2]
[2021-02-19 08:00:42,897 INFO] Start training loop and validate every 500 steps...
[2021-02-19 08:00:52,980 INFO] number of examples: 892901
[2021-02-19 08:03:20,121 INFO] Step 100/202000; acc:   5.12; ppl: 3600.05; xent: 8.19; lr: 0.00010; 20946/20789 tok/s;    157 sec
[2021-02-19 08:05:29,636 INFO] Step 200/202000; acc:   8.89; ppl: 312.77; xent: 5.75; lr: 0.00020; 25614/25534 tok/s;    287 sec
[2021-02-19 08:07:38,702 INFO] Step 300/202000; acc:  16.98; ppl: 162.65; xent: 5.09; lr: 0.00030; 25471/25474 tok/s;    416 sec
[2021-02-19 08:09:48,011 INFO] Step 400/202000; acc:  22.28; ppl: 95.82; xent: 4.56; lr: 0.00040; 25540/25485 tok/s;    545 sec
[2021-02-19 08:11:57,676 INFO] Step 500/202000; acc:  25.50; ppl: 71.47; xent: 4.27; lr: 0.00050; 25376/25129 tok/s;    675 sec
[2021-02-19 08:11:57,677 INFO] Loading dataset from /home/shterion/EcoNMT/engines/ES-EN-TRANS-BPE/data/ready_to_train.valid.0.pt
[2021-02-19 08:11:57,718 INFO] number of examples: 5006
[2021-02-19 08:12:04,796 INFO] Validation perplexity: 104.204
[2021-02-19 08:12:04,796 INFO] Validation accuracy: 27.7001
[2021-02-19 08:12:04,796 INFO] Model is improving acc: -inf --> 27.7001.
[2021-02-19 08:12:04,796 INFO] Model is improving ppl: inf --> 104.204.
[2021-02-19 08:12:05,027 INFO] Saving checkpoint /home/shterion/EcoNMT/engines/ES-EN-TRANS-BPE/model/model_step_500.pt
[2021-02-19 08:12:51,935 INFO] Loading dataset from /home/shterion/EcoNMT/engines/ES-EN-TRANS-BPE/data/ready_to_train.train.1.pt
[2021-02-19 08:12:59,267 INFO] number of examples: 421684
[2021-02-19 08:14:15,382 INFO] Step 600/202000; acc:  29.88; ppl: 50.58; xent: 3.92; lr: 0.00059; 23766/23603 tok/s;    812 sec
[2021-02-19 08:16:25,000 INFO] Step 700/202000; acc:  35.13; ppl: 35.31; xent: 3.56; lr: 0.00069; 25068/25014 tok/s;    942 sec
[2021-02-19 08:18:34,435 INFO] Step 800/202000; acc:  41.66; ppl: 23.27; xent: 3.15; lr: 0.00079; 25364/25334 tok/s;   1072 sec
[2021-02-19 08:19:39,569 INFO] Loading dataset from /home/shterion/EcoNMT/engines/ES-EN-TRANS-BPE/data/ready_to_train.train.0.pt
[2021-02-19 08:20:01,532 INFO] number of examples: 892901
[2021-02-19 08:20:44,132 INFO] Step 900/202000; acc:  46.75; ppl: 16.57; xent: 2.81; lr: 0.00089; 25337/25232 tok/s;   1201 sec
[2021-02-19 08:22:53,187 INFO] Step 1000/202000; acc:  52.05; ppl: 11.84; xent: 2.47; lr: 0.00099; 25574/25413 tok/s;   1330 sec
[2021-02-19 08:22:53,188 INFO] Loading dataset from /home/shterion/EcoNMT/engines/ES-EN-TRANS-BPE/data/ready_to_train.valid.0.pt
[2021-02-19 08:22:53,283 INFO] number of examples: 5006
[2021-02-19 08:23:00,344 INFO] Validation perplexity: 12.5199
[2021-02-19 08:23:00,345 INFO] Validation accuracy: 56.0811
[2021-02-19 08:23:00,345 INFO] Model is improving acc: 27.7001 --> 56.0811.
[2021-02-19 08:23:00,345 INFO] Model is improving ppl: 104.204 --> 12.5199.
[2021-02-19 08:23:00,574 INFO] Saving checkpoint /home/shterion/EcoNMT/engines/ES-EN-TRANS-BPE/model/model_step_1000.pt
[2021-02-19 08:25:10,705 INFO] Step 1100/202000; acc:  55.11; ppl:  9.62; xent: 2.26; lr: 0.00109; 23970/23738 tok/s;   1468 sec
[2021-02-19 08:27:20,118 INFO] Step 1200/202000; acc:  57.62; ppl:  8.06; xent: 2.09; lr: 0.00119; 25509/25542 tok/s;   1597 sec
[2021-02-19 08:29:29,645 INFO] Step 1300/202000; acc:  59.44; ppl:  7.15; xent: 1.97; lr: 0.00129; 25433/25405 tok/s;   1727 sec
[2021-02-19 08:31:38,305 INFO] Step 1400/202000; acc:  60.62; ppl:  6.59; xent: 1.89; lr: 0.00138; 25716/25626 tok/s;   1855 sec
[2021-02-19 08:33:46,617 INFO] Step 1500/202000; acc:  61.72; ppl:  6.14; xent: 1.82; lr: 0.00148; 25531/25355 tok/s;   1984 sec
[2021-02-19 08:33:46,618 INFO] Loading dataset from /home/shterion/EcoNMT/engines/ES-EN-TRANS-BPE/data/ready_to_train.valid.0.pt
[2021-02-19 08:33:46,659 INFO] number of examples: 5006
[2021-02-19 08:33:53,773 INFO] Validation perplexity: 6.65611
[2021-02-19 08:33:53,774 INFO] Validation accuracy: 64.1712
[2021-02-19 08:33:53,774 INFO] Model is improving acc: 56.0811 --> 64.1712.
[2021-02-19 08:33:53,774 INFO] Model is improving ppl: 12.5199 --> 6.65611.
[2021-02-19 08:33:54,006 INFO] Saving checkpoint /home/shterion/EcoNMT/engines/ES-EN-TRANS-BPE/model/model_step_1500.pt
[2021-02-19 08:34:19,947 INFO] Loading dataset from /home/shterion/EcoNMT/engines/ES-EN-TRANS-BPE/data/ready_to_train.train.1.pt
[2021-02-19 08:34:28,430 INFO] number of examples: 421684
[2021-02-19 08:36:04,210 INFO] Step 1600/202000; acc:  62.54; ppl:  5.80; xent: 1.76; lr: 0.00158; 23845/23574 tok/s;   2121 sec
[2021-02-19 08:38:13,943 INFO] Step 1700/202000; acc:  63.19; ppl:  5.54; xent: 1.71; lr: 0.00168; 25087/25005 tok/s;   2251 sec
[2021-02-19 08:40:23,281 INFO] Step 1800/202000; acc:  63.94; ppl:  5.28; xent: 1.66; lr: 0.00178; 25416/25431 tok/s;   2380 sec
[2021-02-19 08:41:08,869 INFO] Loading dataset from /home/shterion/EcoNMT/engines/ES-EN-TRANS-BPE/data/ready_to_train.train.0.pt
[2021-02-19 08:41:30,747 INFO] number of examples: 892901
[2021-02-19 08:42:32,132 INFO] Step 1900/202000; acc:  64.50; ppl:  5.08; xent: 1.63; lr: 0.00188; 25475/25313 tok/s;   2509 sec
[2021-02-19 08:44:41,485 INFO] Step 2000/202000; acc:  65.31; ppl:  4.84; xent: 1.58; lr: 0.00198; 25471/25346 tok/s;   2639 sec
[2021-02-19 08:44:41,486 INFO] Loading dataset from /home/shterion/EcoNMT/engines/ES-EN-TRANS-BPE/data/ready_to_train.valid.0.pt
[2021-02-19 08:44:41,528 INFO] number of examples: 5006
[2021-02-19 08:44:48,611 INFO] Validation perplexity: 5.40749
[2021-02-19 08:44:48,611 INFO] Validation accuracy: 66.8022
[2021-02-19 08:44:48,611 INFO] Model is improving acc: 64.1712 --> 66.8022.
[2021-02-19 08:44:48,611 INFO] Model is improving ppl: 6.65611 --> 5.40749.
[2021-02-19 08:44:48,836 INFO] Saving checkpoint /home/shterion/EcoNMT/engines/ES-EN-TRANS-BPE/model/model_step_2000.pt
[2021-02-19 08:46:59,778 INFO] Step 2100/202000; acc:  65.62; ppl:  4.72; xent: 1.55; lr: 0.00193; 23878/23678 tok/s;   2777 sec
[2021-02-19 08:49:08,918 INFO] Step 2200/202000; acc:  66.51; ppl:  4.46; xent: 1.49; lr: 0.00188; 25614/25602 tok/s;   2906 sec
[2021-02-19 08:51:18,482 INFO] Step 2300/202000; acc:  66.97; ppl:  4.33; xent: 1.47; lr: 0.00184; 25400/25394 tok/s;   3036 sec
[2021-02-19 08:53:28,015 INFO] Step 2400/202000; acc:  67.34; ppl:  4.22; xent: 1.44; lr: 0.00180; 25438/25390 tok/s;   3165 sec
[2021-02-19 08:55:37,095 INFO] Step 2500/202000; acc:  67.84; ppl:  4.09; xent: 1.41; lr: 0.00177; 25375/25173 tok/s;   3294 sec
[2021-02-19 08:55:37,096 INFO] Loading dataset from /home/shterion/EcoNMT/engines/ES-EN-TRANS-BPE/data/ready_to_train.valid.0.pt
[2021-02-19 08:55:37,180 INFO] number of examples: 5006
[2021-02-19 08:55:44,250 INFO] Validation perplexity: 4.61559
[2021-02-19 08:55:44,250 INFO] Validation accuracy: 69.1002
[2021-02-19 08:55:44,250 INFO] Model is improving acc: 66.8022 --> 69.1002.
[2021-02-19 08:55:44,250 INFO] Model is improving ppl: 5.40749 --> 4.61559.
[2021-02-19 08:55:44,473 INFO] Saving checkpoint /home/shterion/EcoNMT/engines/ES-EN-TRANS-BPE/model/model_step_2500.pt
[2021-02-19 08:55:50,476 INFO] Loading dataset from /home/shterion/EcoNMT/engines/ES-EN-TRANS-BPE/data/ready_to_train.train.1.pt
[2021-02-19 08:56:02,533 INFO] number of examples: 421684
[2021-02-19 08:57:55,363 INFO] Step 2600/202000; acc:  68.24; ppl:  3.98; xent: 1.38; lr: 0.00173; 23698/23463 tok/s;   3432 sec
[2021-02-19 09:00:05,123 INFO] Step 2700/202000; acc:  68.37; ppl:  3.94; xent: 1.37; lr: 0.00170; 25112/25008 tok/s;   3562 sec
[2021-02-19 09:02:14,373 INFO] Step 2800/202000; acc:  68.97; ppl:  3.80; xent: 1.34; lr: 0.00167; 25481/25500 tok/s;   3691 sec
[2021-02-19 09:02:39,381 INFO] Loading dataset from /home/shterion/EcoNMT/engines/ES-EN-TRANS-BPE/data/ready_to_train.train.0.pt
[2021-02-19 09:03:04,345 INFO] number of examples: 892901
[2021-02-19 09:04:23,795 INFO] Step 2900/202000; acc:  69.20; ppl:  3.74; xent: 1.32; lr: 0.00164; 25381/25182 tok/s;   3821 sec
[2021-02-19 09:06:33,209 INFO] Step 3000/202000; acc:  69.63; ppl:  3.65; xent: 1.29; lr: 0.00161; 25458/25328 tok/s;   3950 sec
[2021-02-19 09:06:33,209 INFO] Loading dataset from /home/shterion/EcoNMT/engines/ES-EN-TRANS-BPE/data/ready_to_train.valid.0.pt
[2021-02-19 09:06:33,250 INFO] number of examples: 5006
[2021-02-19 09:06:40,317 INFO] Validation perplexity: 4.20978
[2021-02-19 09:06:40,317 INFO] Validation accuracy: 70.4323
[2021-02-19 09:06:40,317 INFO] Model is improving acc: 69.1002 --> 70.4323.
[2021-02-19 09:06:40,317 INFO] Model is improving ppl: 4.61559 --> 4.20978.
[2021-02-19 09:06:40,542 INFO] Saving checkpoint /home/shterion/EcoNMT/engines/ES-EN-TRANS-BPE/model/model_step_3000.pt
[2021-02-19 09:08:51,819 INFO] Step 3100/202000; acc:  69.76; ppl:  3.61; xent: 1.28; lr: 0.00159; 23848/23714 tok/s;   4089 sec
[2021-02-19 09:11:01,164 INFO] Step 3200/202000; acc:  70.04; ppl:  3.55; xent: 1.27; lr: 0.00156; 25553/25473 tok/s;   4218 sec
[2021-02-19 09:13:10,174 INFO] Step 3300/202000; acc:  70.29; ppl:  3.49; xent: 1.25; lr: 0.00154; 25509/25485 tok/s;   4347 sec
[2021-02-19 09:15:19,493 INFO] Step 3400/202000; acc:  70.20; ppl:  3.50; xent: 1.25; lr: 0.00152; 25495/25415 tok/s;   4477 sec
[2021-02-19 09:17:13,350 INFO] Loading dataset from /home/shterion/EcoNMT/engines/ES-EN-TRANS-BPE/data/ready_to_train.train.1.pt
[2021-02-19 09:17:21,583 INFO] number of examples: 421684
[2021-02-19 09:17:28,691 INFO] Step 3500/202000; acc:  70.75; ppl:  3.40; xent: 1.22; lr: 0.00149; 25286/25169 tok/s;   4606 sec
[2021-02-19 09:17:28,692 INFO] Loading dataset from /home/shterion/EcoNMT/engines/ES-EN-TRANS-BPE/data/ready_to_train.valid.0.pt
[2021-02-19 09:17:28,772 INFO] number of examples: 5006
[2021-02-19 09:17:35,827 INFO] Validation perplexity: 4.02493
[2021-02-19 09:17:35,827 INFO] Validation accuracy: 71.2278
[2021-02-19 09:17:35,827 INFO] Model is improving acc: 70.4323 --> 71.2278.
[2021-02-19 09:17:35,827 INFO] Model is improving ppl: 4.20978 --> 4.02493.
[2021-02-19 09:17:36,050 INFO] Saving checkpoint /home/shterion/EcoNMT/engines/ES-EN-TRANS-BPE/model/model_step_3500.pt
[2021-02-19 09:19:47,077 INFO] Step 3600/202000; acc:  70.59; ppl:  3.40; xent: 1.23; lr: 0.00147; 23627/23448 tok/s;   4744 sec
[2021-02-19 09:21:56,242 INFO] Step 3700/202000; acc:  70.91; ppl:  3.35; xent: 1.21; lr: 0.00145; 25303/25158 tok/s;   4873 sec
[2021-02-19 09:24:05,728 INFO] Step 3800/202000; acc:  71.13; ppl:  3.31; xent: 1.20; lr: 0.00143; 25503/25467 tok/s;   5003 sec
[2021-02-19 09:24:09,978 INFO] Loading dataset from /home/shterion/EcoNMT/engines/ES-EN-TRANS-BPE/data/ready_to_train.train.0.pt
[2021-02-19 09:24:34,264 INFO] number of examples: 892901
[2021-02-19 09:26:15,190 INFO] Step 3900/202000; acc:  71.32; ppl:  3.27; xent: 1.19; lr: 0.00142; 25340/25178 tok/s;   5132 sec
[2021-02-19 09:28:24,040 INFO] Step 4000/202000; acc:  71.42; ppl:  3.25; xent: 1.18; lr: 0.00140; 25596/25384 tok/s;   5261 sec
[2021-02-19 09:28:24,041 INFO] Loading dataset from /home/shterion/EcoNMT/engines/ES-EN-TRANS-BPE/data/ready_to_train.valid.0.pt
[2021-02-19 09:28:24,079 INFO] number of examples: 5006
[2021-02-19 09:28:31,195 INFO] Validation perplexity: 3.86274
[2021-02-19 09:28:31,196 INFO] Validation accuracy: 71.8203
[2021-02-19 09:28:31,196 INFO] Model is improving acc: 71.2278 --> 71.8203.
[2021-02-19 09:28:31,196 INFO] Model is improving ppl: 4.02493 --> 3.86274.
[2021-02-19 09:28:31,418 INFO] Saving checkpoint /home/shterion/EcoNMT/engines/ES-EN-TRANS-BPE/model/model_step_4000.pt
[2021-02-19 09:30:42,442 INFO] Step 4100/202000; acc:  71.52; ppl:  3.22; xent: 1.17; lr: 0.00138; 23858/23758 tok/s;   5400 sec
[2021-02-19 09:32:51,943 INFO] Step 4200/202000; acc:  71.90; ppl:  3.16; xent: 1.15; lr: 0.00136; 25511/25447 tok/s;   5529 sec
[2021-02-19 09:35:01,136 INFO] Step 4300/202000; acc:  71.85; ppl:  3.16; xent: 1.15; lr: 0.00135; 25482/25453 tok/s;   5658 sec
[2021-02-19 09:37:09,814 INFO] Step 4400/202000; acc:  71.90; ppl:  3.14; xent: 1.14; lr: 0.00133; 25624/25512 tok/s;   5787 sec
[2021-02-19 09:38:43,096 INFO] Loading dataset from /home/shterion/EcoNMT/engines/ES-EN-TRANS-BPE/data/ready_to_train.train.1.pt
[2021-02-19 09:38:56,619 INFO] number of examples: 421684
[2021-02-19 09:39:18,906 INFO] Step 4500/202000; acc:  72.22; ppl:  3.10; xent: 1.13; lr: 0.00132; 25341/25231 tok/s;   5916 sec
[2021-02-19 09:39:18,907 INFO] Loading dataset from /home/shterion/EcoNMT/engines/ES-EN-TRANS-BPE/data/ready_to_train.valid.0.pt
[2021-02-19 09:39:18,992 INFO] number of examples: 5006
[2021-02-19 09:39:26,064 INFO] Validation perplexity: 3.80285
[2021-02-19 09:39:26,064 INFO] Validation accuracy: 72.1898
[2021-02-19 09:39:26,064 INFO] Model is improving acc: 71.8203 --> 72.1898.
[2021-02-19 09:39:26,064 INFO] Model is improving ppl: 3.86274 --> 3.80285.
[2021-02-19 09:39:26,287 INFO] Saving checkpoint /home/shterion/EcoNMT/engines/ES-EN-TRANS-BPE/model/model_step_4500.pt
[2021-02-19 09:41:37,661 INFO] Step 4600/202000; acc:  72.07; ppl:  3.11; xent: 1.13; lr: 0.00130; 23433/23310 tok/s;   6055 sec
[2021-02-19 09:43:47,008 INFO] Step 4700/202000; acc:  72.38; ppl:  3.06; xent: 1.12; lr: 0.00129; 25339/25227 tok/s;   6184 sec
[2021-02-19 09:45:41,075 INFO] Loading dataset from /home/shterion/EcoNMT/engines/ES-EN-TRANS-BPE/data/ready_to_train.train.0.pt
[2021-02-19 09:45:56,187 INFO] Step 4800/202000; acc:  72.46; ppl:  3.04; xent: 1.11; lr: 0.00128; 25571/25438 tok/s;   6313 sec
[2021-02-19 09:46:02,030 INFO] number of examples: 892901
[2021-02-19 09:48:05,616 INFO] Step 4900/202000; acc:  72.65; ppl:  3.02; xent: 1.10; lr: 0.00126; 25386/25212 tok/s;   6443 sec
[2021-02-19 09:50:13,953 INFO] Step 5000/202000; acc:  72.70; ppl:  3.00; xent: 1.10; lr: 0.00125; 25616/25534 tok/s;   6571 sec
[2021-02-19 09:50:13,954 INFO] Loading dataset from /home/shterion/EcoNMT/engines/ES-EN-TRANS-BPE/data/ready_to_train.valid.0.pt
[2021-02-19 09:50:13,992 INFO] number of examples: 5006
[2021-02-19 09:50:21,097 INFO] Validation perplexity: 3.68829
[2021-02-19 09:50:21,097 INFO] Validation accuracy: 72.6294
[2021-02-19 09:50:21,097 INFO] Model is improving acc: 72.1898 --> 72.6294.
[2021-02-19 09:50:21,097 INFO] Model is improving ppl: 3.80285 --> 3.68829.
[2021-02-19 09:50:21,321 INFO] Saving checkpoint /home/shterion/EcoNMT/engines/ES-EN-TRANS-BPE/model/model_step_5000.pt
[2021-02-19 09:52:32,696 INFO] Step 5100/202000; acc:  72.87; ppl:  2.97; xent: 1.09; lr: 0.00124; 23855/23769 tok/s;   6710 sec
[2021-02-19 09:54:41,992 INFO] Step 5200/202000; acc:  72.98; ppl:  2.95; xent: 1.08; lr: 0.00123; 25505/25468 tok/s;   6839 sec
[2021-02-19 09:56:51,347 INFO] Step 5300/202000; acc:  73.01; ppl:  2.95; xent: 1.08; lr: 0.00121; 25475/25359 tok/s;   6968 sec
[2021-02-19 09:59:00,331 INFO] Step 5400/202000; acc:  73.12; ppl:  2.93; xent: 1.07; lr: 0.00120; 25524/25343 tok/s;   7097 sec
[2021-02-19 10:00:13,328 INFO] Loading dataset from /home/shterion/EcoNMT/engines/ES-EN-TRANS-BPE/data/ready_to_train.train.1.pt
[2021-02-19 10:00:21,410 INFO] number of examples: 421684
[2021-02-19 10:01:09,813 INFO] Step 5500/202000; acc:  73.28; ppl:  2.90; xent: 1.07; lr: 0.00119; 25309/25231 tok/s;   7227 sec
[2021-02-19 10:01:09,814 INFO] Loading dataset from /home/shterion/EcoNMT/engines/ES-EN-TRANS-BPE/data/ready_to_train.valid.0.pt
[2021-02-19 10:01:09,855 INFO] number of examples: 5006
[2021-02-19 10:01:16,925 INFO] Validation perplexity: 3.6001
[2021-02-19 10:01:16,925 INFO] Validation accuracy: 72.7925
[2021-02-19 10:01:16,925 INFO] Model is improving acc: 72.6294 --> 72.7925.
[2021-02-19 10:01:16,925 INFO] Model is improving ppl: 3.68829 --> 3.6001.
[2021-02-19 10:01:17,149 INFO] Saving checkpoint /home/shterion/EcoNMT/engines/ES-EN-TRANS-BPE/model/model_step_5500.pt
[2021-02-19 10:03:28,799 INFO] Step 5600/202000; acc:  73.22; ppl:  2.91; xent: 1.07; lr: 0.00118; 23354/23274 tok/s;   7366 sec
[2021-02-19 10:05:37,927 INFO] Step 5700/202000; acc:  73.41; ppl:  2.88; xent: 1.06; lr: 0.00117; 25463/25333 tok/s;   7495 sec
[2021-02-19 10:07:11,380 INFO] Loading dataset from /home/shterion/EcoNMT/engines/ES-EN-TRANS-BPE/data/ready_to_train.train.0.pt
[2021-02-19 10:07:33,632 INFO] number of examples: 892901
[2021-02-19 10:07:47,087 INFO] Step 5800/202000; acc:  73.34; ppl:  2.88; xent: 1.06; lr: 0.00116; 25436/25298 tok/s;   7624 sec
[2021-02-19 10:09:56,506 INFO] Step 5900/202000; acc:  73.75; ppl:  2.83; xent: 1.04; lr: 0.00115; 25483/25342 tok/s;   7754 sec
[2021-02-19 10:12:05,396 INFO] Step 6000/202000; acc:  73.67; ppl:  2.84; xent: 1.04; lr: 0.00114; 25532/25340 tok/s;   7882 sec
[2021-02-19 10:12:05,397 INFO] Loading dataset from /home/shterion/EcoNMT/engines/ES-EN-TRANS-BPE/data/ready_to_train.valid.0.pt
[2021-02-19 10:12:05,476 INFO] number of examples: 5006
[2021-02-19 10:12:12,534 INFO] Validation perplexity: 3.55604
[2021-02-19 10:12:12,534 INFO] Validation accuracy: 73.0117
[2021-02-19 10:12:12,534 INFO] Model is improving acc: 72.7925 --> 73.0117.
[2021-02-19 10:12:12,534 INFO] Model is improving ppl: 3.6001 --> 3.55604.
[2021-02-19 10:12:12,759 INFO] Saving checkpoint /home/shterion/EcoNMT/engines/ES-EN-TRANS-BPE/model/model_step_6000.pt
[2021-02-19 10:14:24,351 INFO] Step 6100/202000; acc:  73.75; ppl:  2.82; xent: 1.04; lr: 0.00113; 23840/23826 tok/s;   8021 sec
[2021-02-19 10:16:33,023 INFO] Step 6200/202000; acc:  73.86; ppl:  2.80; xent: 1.03; lr: 0.00112; 25538/25497 tok/s;   8150 sec
[2021-02-19 10:18:42,347 INFO] Step 6300/202000; acc:  73.91; ppl:  2.80; xent: 1.03; lr: 0.00111; 25529/25500 tok/s;   8279 sec
[2021-02-19 10:20:51,386 INFO] Step 6400/202000; acc:  73.92; ppl:  2.79; xent: 1.03; lr: 0.00110; 25523/25266 tok/s;   8408 sec
[2021-02-19 10:21:44,728 INFO] Loading dataset from /home/shterion/EcoNMT/engines/ES-EN-TRANS-BPE/data/ready_to_train.train.1.pt
[2021-02-19 10:21:57,226 INFO] number of examples: 421684
[2021-02-19 10:23:00,279 INFO] Step 6500/202000; acc:  74.18; ppl:  2.76; xent: 1.01; lr: 0.00110; 25409/25267 tok/s;   8537 sec
[2021-02-19 10:23:00,280 INFO] Loading dataset from /home/shterion/EcoNMT/engines/ES-EN-TRANS-BPE/data/ready_to_train.valid.0.pt
[2021-02-19 10:23:00,318 INFO] number of examples: 5006
[2021-02-19 10:23:07,437 INFO] Validation perplexity: 3.52954
[2021-02-19 10:23:07,438 INFO] Validation accuracy: 73.2462
[2021-02-19 10:23:07,438 INFO] Model is improving acc: 73.0117 --> 73.2462.
[2021-02-19 10:23:07,438 INFO] Model is improving ppl: 3.55604 --> 3.52954.
[2021-02-19 10:23:07,660 INFO] Saving checkpoint /home/shterion/EcoNMT/engines/ES-EN-TRANS-BPE/model/model_step_6500.pt
[2021-02-19 10:25:18,458 INFO] Step 6600/202000; acc:  74.05; ppl:  2.77; xent: 1.02; lr: 0.00109; 23491/23420 tok/s;   8676 sec
[2021-02-19 10:27:28,032 INFO] Step 6700/202000; acc:  74.26; ppl:  2.74; xent: 1.01; lr: 0.00108; 25390/25307 tok/s;   8805 sec
[2021-02-19 10:28:40,752 INFO] Loading dataset from /home/shterion/EcoNMT/engines/ES-EN-TRANS-BPE/data/ready_to_train.train.0.pt
[2021-02-19 10:29:05,960 INFO] number of examples: 892901
[2021-02-19 10:29:37,215 INFO] Step 6800/202000; acc:  74.18; ppl:  2.75; xent: 1.01; lr: 0.00107; 25407/25344 tok/s;   8934 sec
[2021-02-19 10:31:46,470 INFO] Step 6900/202000; acc:  74.50; ppl:  2.71; xent: 1.00; lr: 0.00106; 25508/25316 tok/s;   9064 sec
[2021-02-19 10:33:54,817 INFO] Step 7000/202000; acc:  74.44; ppl:  2.71; xent: 1.00; lr: 0.00106; 25681/25466 tok/s;   9192 sec
[2021-02-19 10:33:54,818 INFO] Loading dataset from /home/shterion/EcoNMT/engines/ES-EN-TRANS-BPE/data/ready_to_train.valid.0.pt
[2021-02-19 10:33:54,900 INFO] number of examples: 5006
[2021-02-19 10:34:01,955 INFO] Validation perplexity: 3.50441
[2021-02-19 10:34:01,956 INFO] Validation accuracy: 73.5149
[2021-02-19 10:34:01,956 INFO] Model is improving acc: 73.2462 --> 73.5149.
[2021-02-19 10:34:01,956 INFO] Model is improving ppl: 3.52954 --> 3.50441.
[2021-02-19 10:34:02,178 INFO] Saving checkpoint /home/shterion/EcoNMT/engines/ES-EN-TRANS-BPE/model/model_step_7000.pt
[2021-02-19 10:36:13,118 INFO] Step 7100/202000; acc:  74.48; ppl:  2.70; xent: 0.99; lr: 0.00105; 23915/23886 tok/s;   9330 sec
[2021-02-19 10:38:22,623 INFO] Step 7200/202000; acc:  74.63; ppl:  2.68; xent: 0.99; lr: 0.00104; 25438/25436 tok/s;   9460 sec
[2021-02-19 10:40:31,790 INFO] Step 7300/202000; acc:  74.63; ppl:  2.69; xent: 0.99; lr: 0.00103; 25547/25508 tok/s;   9589 sec
[2021-02-19 10:42:40,404 INFO] Step 7400/202000; acc:  74.64; ppl:  2.68; xent: 0.99; lr: 0.00103; 25538/25329 tok/s;   9718 sec
[2021-02-19 10:43:13,010 INFO] Loading dataset from /home/shterion/EcoNMT/engines/ES-EN-TRANS-BPE/data/ready_to_train.train.1.pt
[2021-02-19 10:43:21,004 INFO] number of examples: 421684
[2021-02-19 10:44:49,344 INFO] Step 7500/202000; acc:  74.88; ppl:  2.65; xent: 0.97; lr: 0.00102; 25425/25166 tok/s;   9846 sec
[2021-02-19 10:44:49,345 INFO] Loading dataset from /home/shterion/EcoNMT/engines/ES-EN-TRANS-BPE/data/ready_to_train.valid.0.pt
[2021-02-19 10:44:49,383 INFO] number of examples: 5006
[2021-02-19 10:44:56,489 INFO] Validation perplexity: 3.47567
[2021-02-19 10:44:56,489 INFO] Validation accuracy: 73.5909
[2021-02-19 10:44:56,489 INFO] Model is improving acc: 73.5149 --> 73.5909.
[2021-02-19 10:44:56,489 INFO] Model is improving ppl: 3.50441 --> 3.47567.
[2021-02-19 10:44:56,712 INFO] Saving checkpoint /home/shterion/EcoNMT/engines/ES-EN-TRANS-BPE/model/model_step_7500.pt
[2021-02-19 10:47:08,279 INFO] Step 7600/202000; acc:  74.75; ppl:  2.66; xent: 0.98; lr: 0.00101; 23424/23306 tok/s;   9985 sec
[2021-02-19 10:49:17,538 INFO] Step 7700/202000; acc:  74.91; ppl:  2.64; xent: 0.97; lr: 0.00101; 25393/25443 tok/s;  10115 sec
[2021-02-19 10:50:10,790 INFO] Loading dataset from /home/shterion/EcoNMT/engines/ES-EN-TRANS-BPE/data/ready_to_train.train.0.pt
[2021-02-19 10:50:35,580 INFO] number of examples: 892901
[2021-02-19 10:51:26,366 INFO] Step 7800/202000; acc:  74.88; ppl:  2.64; xent: 0.97; lr: 0.00100; 25490/25352 tok/s;  10243 sec
[2021-02-19 10:53:35,777 INFO] Step 7900/202000; acc:  75.16; ppl:  2.61; xent: 0.96; lr: 0.00099; 25475/25318 tok/s;  10373 sec
[2021-02-19 10:55:45,059 INFO] Step 8000/202000; acc:  75.02; ppl:  2.63; xent: 0.97; lr: 0.00099; 25517/25288 tok/s;  10502 sec
[2021-02-19 10:55:45,060 INFO] Loading dataset from /home/shterion/EcoNMT/engines/ES-EN-TRANS-BPE/data/ready_to_train.valid.0.pt
[2021-02-19 10:55:45,145 INFO] number of examples: 5006
[2021-02-19 10:55:52,197 INFO] Validation perplexity: 3.42746
[2021-02-19 10:55:52,197 INFO] Validation accuracy: 73.6225
[2021-02-19 10:55:52,197 INFO] Model is improving acc: 73.5909 --> 73.6225.
[2021-02-19 10:55:52,197 INFO] Model is improving ppl: 3.47567 --> 3.42746.
[2021-02-19 10:55:52,420 INFO] Saving checkpoint /home/shterion/EcoNMT/engines/ES-EN-TRANS-BPE/model/model_step_8000.pt
[2021-02-19 10:58:03,723 INFO] Step 8100/202000; acc:  75.17; ppl:  2.60; xent: 0.96; lr: 0.00098; 23870/23865 tok/s;  10641 sec
[2021-02-19 11:00:13,145 INFO] Step 8200/202000; acc:  75.35; ppl:  2.58; xent: 0.95; lr: 0.00098; 25446/25438 tok/s;  10770 sec
[2021-02-19 11:02:22,313 INFO] Step 8300/202000; acc:  75.19; ppl:  2.60; xent: 0.96; lr: 0.00097; 25541/25470 tok/s;  10899 sec
[2021-02-19 11:04:31,324 INFO] Step 8400/202000; acc:  75.39; ppl:  2.58; xent: 0.95; lr: 0.00096; 25414/25190 tok/s;  11028 sec
[2021-02-19 11:04:43,497 INFO] Loading dataset from /home/shterion/EcoNMT/engines/ES-EN-TRANS-BPE/data/ready_to_train.train.1.pt
[2021-02-19 11:04:56,996 INFO] number of examples: 421684
[2021-02-19 11:06:40,623 INFO] Step 8500/202000; acc:  75.39; ppl:  2.57; xent: 0.95; lr: 0.00096; 25379/25125 tok/s;  11158 sec
[2021-02-19 11:06:40,623 INFO] Loading dataset from /home/shterion/EcoNMT/engines/ES-EN-TRANS-BPE/data/ready_to_train.valid.0.pt
[2021-02-19 11:06:40,661 INFO] number of examples: 5006
[2021-02-19 11:06:47,735 INFO] Validation perplexity: 3.46252
[2021-02-19 11:06:47,735 INFO] Validation accuracy: 73.6388
[2021-02-19 11:06:47,735 INFO] Stalled patience: 4/5
[2021-02-19 11:06:47,959 INFO] Saving checkpoint /home/shterion/EcoNMT/engines/ES-EN-TRANS-BPE/model/model_step_8500.pt
[2021-02-19 11:08:59,519 INFO] Step 8600/202000; acc:  75.25; ppl:  2.59; xent: 0.95; lr: 0.00095; 23359/23340 tok/s;  11297 sec
[2021-02-19 11:11:08,996 INFO] Step 8700/202000; acc:  75.55; ppl:  2.55; xent: 0.94; lr: 0.00095; 25457/25401 tok/s;  11426 sec
[2021-02-19 11:11:41,695 INFO] Loading dataset from /home/shterion/EcoNMT/engines/ES-EN-TRANS-BPE/data/ready_to_train.train.0.pt
[2021-02-19 11:12:02,220 INFO] number of examples: 892901
[2021-02-19 11:13:18,279 INFO] Step 8800/202000; acc:  75.52; ppl:  2.56; xent: 0.94; lr: 0.00094; 25435/25236 tok/s;  11555 sec
[2021-02-19 11:15:27,424 INFO] Step 8900/202000; acc:  75.66; ppl:  2.54; xent: 0.93; lr: 0.00094; 25467/25390 tok/s;  11685 sec
[2021-02-19 11:17:36,869 INFO] Step 9000/202000; acc:  75.61; ppl:  2.54; xent: 0.93; lr: 0.00093; 25531/25344 tok/s;  11814 sec
[2021-02-19 11:17:36,870 INFO] Loading dataset from /home/shterion/EcoNMT/engines/ES-EN-TRANS-BPE/data/ready_to_train.valid.0.pt
[2021-02-19 11:17:36,910 INFO] number of examples: 5006
[2021-02-19 11:17:44,014 INFO] Validation perplexity: 3.42192
[2021-02-19 11:17:44,014 INFO] Validation accuracy: 73.7694
[2021-02-19 11:17:44,014 INFO] Model is improving acc: 73.6225 --> 73.7694.
[2021-02-19 11:17:44,014 INFO] Model is improving ppl: 3.42746 --> 3.42192.
[2021-02-19 11:17:44,240 INFO] Saving checkpoint /home/shterion/EcoNMT/engines/ES-EN-TRANS-BPE/model/model_step_9000.pt
[2021-02-19 11:19:55,419 INFO] Step 9100/202000; acc:  75.72; ppl:  2.53; xent: 0.93; lr: 0.00093; 23871/23855 tok/s;  11953 sec
[2021-02-19 11:22:04,397 INFO] Step 9200/202000; acc:  75.82; ppl:  2.52; xent: 0.92; lr: 0.00092; 25507/25438 tok/s;  12081 sec
[2021-02-19 11:24:14,163 INFO] Step 9300/202000; acc:  75.63; ppl:  2.54; xent: 0.93; lr: 0.00092; 25389/25408 tok/s;  12211 sec
[2021-02-19 11:26:15,564 INFO] Loading dataset from /home/shterion/EcoNMT/engines/ES-EN-TRANS-BPE/data/ready_to_train.train.1.pt
[2021-02-19 11:26:22,990 INFO] Step 9400/202000; acc:  75.99; ppl:  2.50; xent: 0.91; lr: 0.00091; 25406/25185 tok/s;  12340 sec
[2021-02-19 11:26:24,192 INFO] number of examples: 421684
[2021-02-19 11:28:32,318 INFO] Step 9500/202000; acc:  75.85; ppl:  2.51; xent: 0.92; lr: 0.00091; 25297/25061 tok/s;  12469 sec
[2021-02-19 11:28:32,319 INFO] Loading dataset from /home/shterion/EcoNMT/engines/ES-EN-TRANS-BPE/data/ready_to_train.valid.0.pt
[2021-02-19 11:28:32,399 INFO] number of examples: 5006
[2021-02-19 11:28:39,472 INFO] Validation perplexity: 3.43499
[2021-02-19 11:28:39,472 INFO] Validation accuracy: 73.8474
[2021-02-19 11:28:39,472 INFO] Stalled patience: 4/5
[2021-02-19 11:28:39,696 INFO] Saving checkpoint /home/shterion/EcoNMT/engines/ES-EN-TRANS-BPE/model/model_step_9500.pt
[2021-02-19 11:30:50,953 INFO] Step 9600/202000; acc:  75.88; ppl:  2.51; xent: 0.92; lr: 0.00090; 23569/23476 tok/s;  12608 sec
[2021-02-19 11:33:00,718 INFO] Step 9700/202000; acc:  76.06; ppl:  2.49; xent: 0.91; lr: 0.00090; 25416/25374 tok/s;  12738 sec
[2021-02-19 11:33:12,502 INFO] Loading dataset from /home/shterion/EcoNMT/engines/ES-EN-TRANS-BPE/data/ready_to_train.train.0.pt
[2021-02-19 11:33:34,184 INFO] number of examples: 892901
[2021-02-19 11:35:10,291 INFO] Step 9800/202000; acc:  76.02; ppl:  2.49; xent: 0.91; lr: 0.00089; 25304/25133 tok/s;  12867 sec
[2021-02-19 11:37:19,177 INFO] Step 9900/202000; acc:  76.12; ppl:  2.48; xent: 0.91; lr: 0.00089; 25595/25430 tok/s;  12996 sec
[2021-02-19 11:39:28,172 INFO] Step 10000/202000; acc:  76.08; ppl:  2.48; xent: 0.91; lr: 0.00088; 25608/25482 tok/s;  13125 sec
[2021-02-19 11:39:28,173 INFO] Loading dataset from /home/shterion/EcoNMT/engines/ES-EN-TRANS-BPE/data/ready_to_train.valid.0.pt
[2021-02-19 11:39:28,212 INFO] number of examples: 5006
[2021-02-19 11:39:35,324 INFO] Validation perplexity: 3.4023
[2021-02-19 11:39:35,324 INFO] Validation accuracy: 73.8317
[2021-02-19 11:39:35,324 INFO] Model is improving acc: 73.7694 --> 73.8317.
[2021-02-19 11:39:35,324 INFO] Model is improving ppl: 3.42192 --> 3.4023.
[2021-02-19 11:39:35,547 INFO] Saving checkpoint /home/shterion/EcoNMT/engines/ES-EN-TRANS-BPE/model/model_step_10000.pt
[2021-02-19 11:41:46,571 INFO] Step 10100/202000; acc:  76.26; ppl:  2.46; xent: 0.90; lr: 0.00088; 23842/23801 tok/s;  13264 sec
[2021-02-19 11:43:55,659 INFO] Step 10200/202000; acc:  76.32; ppl:  2.46; xent: 0.90; lr: 0.00088; 25546/25461 tok/s;  13393 sec
[2021-02-19 11:46:04,504 INFO] Step 10300/202000; acc:  76.09; ppl:  2.48; xent: 0.91; lr: 0.00087; 25593/25538 tok/s;  13522 sec
[2021-02-19 11:47:45,496 INFO] Loading dataset from /home/shterion/EcoNMT/engines/ES-EN-TRANS-BPE/data/ready_to_train.train.1.pt
[2021-02-19 11:47:57,988 INFO] number of examples: 421684
[2021-02-19 11:48:13,723 INFO] Step 10400/202000; acc:  76.46; ppl:  2.44; xent: 0.89; lr: 0.00087; 25287/25182 tok/s;  13651 sec
[2021-02-19 11:50:23,212 INFO] Step 10500/202000; acc:  76.21; ppl:  2.46; xent: 0.90; lr: 0.00086; 25162/25009 tok/s;  13780 sec
[2021-02-19 11:50:23,212 INFO] Loading dataset from /home/shterion/EcoNMT/engines/ES-EN-TRANS-BPE/data/ready_to_train.valid.0.pt
[2021-02-19 11:50:23,295 INFO] number of examples: 5006
[2021-02-19 11:50:30,372 INFO] Validation perplexity: 3.41876
[2021-02-19 11:50:30,372 INFO] Validation accuracy: 73.8901
[2021-02-19 11:50:30,372 INFO] Stalled patience: 4/5
[2021-02-19 11:50:30,596 INFO] Saving checkpoint /home/shterion/EcoNMT/engines/ES-EN-TRANS-BPE/model/model_step_10500.pt
[2021-02-19 11:52:42,149 INFO] Step 10600/202000; acc:  76.41; ppl:  2.44; xent: 0.89; lr: 0.00086; 23573/23426 tok/s;  13919 sec
[2021-02-19 11:54:44,174 INFO] Loading dataset from /home/shterion/EcoNMT/engines/ES-EN-TRANS-BPE/data/ready_to_train.train.0.pt
[2021-02-19 11:54:51,769 INFO] Step 10700/202000; acc:  76.50; ppl:  2.43; xent: 0.89; lr: 0.00085; 25476/25390 tok/s;  14049 sec
[2021-02-19 11:55:04,233 INFO] number of examples: 892901
[2021-02-19 11:57:00,833 INFO] Step 10800/202000; acc:  76.57; ppl:  2.43; xent: 0.89; lr: 0.00085; 25424/25244 tok/s;  14178 sec
[2021-02-19 11:59:09,703 INFO] Step 10900/202000; acc:  76.46; ppl:  2.44; xent: 0.89; lr: 0.00085; 25543/25415 tok/s;  14307 sec
[2021-02-19 12:01:19,156 INFO] Step 11000/202000; acc:  76.60; ppl:  2.42; xent: 0.88; lr: 0.00084; 25522/25481 tok/s;  14436 sec
[2021-02-19 12:01:19,157 INFO] Loading dataset from /home/shterion/EcoNMT/engines/ES-EN-TRANS-BPE/data/ready_to_train.valid.0.pt
[2021-02-19 12:01:19,196 INFO] number of examples: 5006
[2021-02-19 12:01:26,278 INFO] Validation perplexity: 3.40744
[2021-02-19 12:01:26,278 INFO] Validation accuracy: 74.0172
[2021-02-19 12:01:26,278 INFO] Stalled patience: 3/5
[2021-02-19 12:01:26,502 INFO] Saving checkpoint /home/shterion/EcoNMT/engines/ES-EN-TRANS-BPE/model/model_step_11000.pt
[2021-02-19 12:03:37,428 INFO] Step 11100/202000; acc:  76.69; ppl:  2.41; xent: 0.88; lr: 0.00084; 23895/23813 tok/s;  14575 sec
[2021-02-19 12:05:46,572 INFO] Step 11200/202000; acc:  76.63; ppl:  2.42; xent: 0.88; lr: 0.00084; 25493/25412 tok/s;  14704 sec
[2021-02-19 12:07:55,157 INFO] Step 11300/202000; acc:  76.63; ppl:  2.41; xent: 0.88; lr: 0.00083; 25588/25460 tok/s;  14832 sec
[2021-02-19 12:09:15,684 INFO] Loading dataset from /home/shterion/EcoNMT/engines/ES-EN-TRANS-BPE/data/ready_to_train.train.1.pt
[2021-02-19 12:09:23,129 INFO] number of examples: 421684
[2021-02-19 12:10:04,271 INFO] Step 11400/202000; acc:  76.84; ppl:  2.39; xent: 0.87; lr: 0.00083; 25400/25277 tok/s;  14961 sec
[2021-02-19 12:12:14,335 INFO] Step 11500/202000; acc:  76.73; ppl:  2.40; xent: 0.88; lr: 0.00082; 24988/24852 tok/s;  15091 sec
[2021-02-19 12:12:14,335 INFO] Loading dataset from /home/shterion/EcoNMT/engines/ES-EN-TRANS-BPE/data/ready_to_train.valid.0.pt
[2021-02-19 12:12:14,422 INFO] number of examples: 5006
[2021-02-19 12:12:21,497 INFO] Validation perplexity: 3.39271
[2021-02-19 12:12:21,497 INFO] Validation accuracy: 74.0545
[2021-02-19 12:12:21,497 INFO] Model is improving acc: 73.8317 --> 74.0545.
[2021-02-19 12:12:21,497 INFO] Model is improving ppl: 3.4023 --> 3.39271.
[2021-02-19 12:12:21,720 INFO] Saving checkpoint /home/shterion/EcoNMT/engines/ES-EN-TRANS-BPE/model/model_step_11500.pt
[2021-02-19 12:14:33,020 INFO] Step 11600/202000; acc:  76.84; ppl:  2.39; xent: 0.87; lr: 0.00082; 23675/23623 tok/s;  15230 sec
[2021-02-19 12:16:14,181 INFO] Loading dataset from /home/shterion/EcoNMT/engines/ES-EN-TRANS-BPE/data/ready_to_train.train.0.pt
[2021-02-19 12:16:33,060 INFO] number of examples: 892901
[2021-02-19 12:16:42,561 INFO] Step 11700/202000; acc:  76.77; ppl:  2.40; xent: 0.87; lr: 0.00082; 25413/25285 tok/s;  15360 sec
[2021-02-19 12:18:51,674 INFO] Step 11800/202000; acc:  76.97; ppl:  2.38; xent: 0.87; lr: 0.00081; 25481/25333 tok/s;  15489 sec
[2021-02-19 12:21:00,834 INFO] Step 11900/202000; acc:  76.99; ppl:  2.38; xent: 0.87; lr: 0.00081; 25532/25310 tok/s;  15618 sec
[2021-02-19 12:23:10,461 INFO] Step 12000/202000; acc:  76.89; ppl:  2.38; xent: 0.87; lr: 0.00081; 25482/25515 tok/s;  15748 sec
[2021-02-19 12:23:10,462 INFO] Loading dataset from /home/shterion/EcoNMT/engines/ES-EN-TRANS-BPE/data/ready_to_train.valid.0.pt
[2021-02-19 12:23:10,500 INFO] number of examples: 5006
[2021-02-19 12:23:17,569 INFO] Validation perplexity: 3.39697
[2021-02-19 12:23:17,569 INFO] Validation accuracy: 74.1224
[2021-02-19 12:23:17,569 INFO] Stalled patience: 4/5
[2021-02-19 12:23:17,791 INFO] Saving checkpoint /home/shterion/EcoNMT/engines/ES-EN-TRANS-BPE/model/model_step_12000.pt
[2021-02-19 12:25:28,728 INFO] Step 12100/202000; acc:  77.05; ppl:  2.36; xent: 0.86; lr: 0.00080; 23828/23760 tok/s;  15886 sec
[2021-02-19 12:27:38,285 INFO] Step 12200/202000; acc:  77.06; ppl:  2.36; xent: 0.86; lr: 0.00080; 25456/25378 tok/s;  16015 sec
[2021-02-19 12:29:47,541 INFO] Step 12300/202000; acc:  77.02; ppl:  2.36; xent: 0.86; lr: 0.00080; 25482/25251 tok/s;  16145 sec
[2021-02-19 12:30:48,317 INFO] Loading dataset from /home/shterion/EcoNMT/engines/ES-EN-TRANS-BPE/data/ready_to_train.train.1.pt
[2021-02-19 12:30:56,870 INFO] number of examples: 421684
[2021-02-19 12:31:56,724 INFO] Step 12400/202000; acc:  77.20; ppl:  2.35; xent: 0.85; lr: 0.00079; 25352/25232 tok/s;  16274 sec
[2021-02-19 12:34:06,362 INFO] Step 12500/202000; acc:  77.14; ppl:  2.35; xent: 0.86; lr: 0.00079; 25038/24955 tok/s;  16403 sec
[2021-02-19 12:34:06,363 INFO] Loading dataset from /home/shterion/EcoNMT/engines/ES-EN-TRANS-BPE/data/ready_to_train.valid.0.pt
[2021-02-19 12:34:06,402 INFO] number of examples: 5006
[2021-02-19 12:34:13,526 INFO] Validation perplexity: 3.39189
[2021-02-19 12:34:13,526 INFO] Validation accuracy: 74.0254
[2021-02-19 12:34:13,526 INFO] Stalled patience: 3/5
[2021-02-19 12:34:13,749 INFO] Saving checkpoint /home/shterion/EcoNMT/engines/ES-EN-TRANS-BPE/model/model_step_12500.pt
[2021-02-19 12:36:24,721 INFO] Step 12600/202000; acc:  77.19; ppl:  2.35; xent: 0.85; lr: 0.00079; 23752/23696 tok/s;  16542 sec
[2021-02-19 12:37:45,205 INFO] Loading dataset from /home/shterion/EcoNMT/engines/ES-EN-TRANS-BPE/data/ready_to_train.train.0.pt
[2021-02-19 12:38:06,497 INFO] number of examples: 892901
[2021-02-19 12:38:34,329 INFO] Step 12700/202000; acc:  77.17; ppl:  2.35; xent: 0.85; lr: 0.00078; 25405/25250 tok/s;  16671 sec
[2021-02-19 12:40:43,573 INFO] Step 12800/202000; acc:  77.35; ppl:  2.34; xent: 0.85; lr: 0.00078; 25460/25291 tok/s;  16801 sec
[2021-02-19 12:42:52,275 INFO] Step 12900/202000; acc:  77.32; ppl:  2.33; xent: 0.85; lr: 0.00078; 25593/25408 tok/s;  16929 sec
[2021-02-19 12:45:02,074 INFO] Step 13000/202000; acc:  77.31; ppl:  2.33; xent: 0.85; lr: 0.00078; 25509/25456 tok/s;  17059 sec
[2021-02-19 12:45:02,075 INFO] Loading dataset from /home/shterion/EcoNMT/engines/ES-EN-TRANS-BPE/data/ready_to_train.valid.0.pt
[2021-02-19 12:45:02,153 INFO] number of examples: 5006
[2021-02-19 12:45:09,206 INFO] Validation perplexity: 3.38779
[2021-02-19 12:45:09,206 INFO] Validation accuracy: 74.074
[2021-02-19 12:45:09,206 INFO] Model is improving acc: 74.0545 --> 74.074.
[2021-02-19 12:45:09,206 INFO] Model is improving ppl: 3.39271 --> 3.38779.
[2021-02-19 12:45:09,428 INFO] Saving checkpoint /home/shterion/EcoNMT/engines/ES-EN-TRANS-BPE/model/model_step_13000.pt
[2021-02-19 12:47:20,600 INFO] Step 13100/202000; acc:  77.40; ppl:  2.33; xent: 0.84; lr: 0.00077; 23759/23788 tok/s;  17198 sec
[2021-02-19 12:49:29,505 INFO] Step 13200/202000; acc:  77.44; ppl:  2.32; xent: 0.84; lr: 0.00077; 25619/25552 tok/s;  17327 sec
[2021-02-19 12:51:38,273 INFO] Step 13300/202000; acc:  77.38; ppl:  2.33; xent: 0.84; lr: 0.00077; 25524/25316 tok/s;  17455 sec
[2021-02-19 12:52:18,168 INFO] Loading dataset from /home/shterion/EcoNMT/engines/ES-EN-TRANS-BPE/data/ready_to_train.train.1.pt
[2021-02-19 12:52:29,205 INFO] number of examples: 421684
[2021-02-19 12:53:47,245 INFO] Step 13400/202000; acc:  77.62; ppl:  2.30; xent: 0.83; lr: 0.00076; 25406/25156 tok/s;  17584 sec
[2021-02-19 12:55:57,030 INFO] Step 13500/202000; acc:  77.44; ppl:  2.32; xent: 0.84; lr: 0.00076; 25040/24987 tok/s;  17714 sec
[2021-02-19 12:55:57,031 INFO] Loading dataset from /home/shterion/EcoNMT/engines/ES-EN-TRANS-BPE/data/ready_to_train.valid.0.pt
[2021-02-19 12:55:57,069 INFO] number of examples: 5006
[2021-02-19 12:56:04,156 INFO] Validation perplexity: 3.41779
[2021-02-19 12:56:04,156 INFO] Validation accuracy: 74.0199
[2021-02-19 12:56:04,156 INFO] Decreasing patience: 4/5
[2021-02-19 12:56:04,379 INFO] Saving checkpoint /home/shterion/EcoNMT/engines/ES-EN-TRANS-BPE/model/model_step_13500.pt
[2021-02-19 12:58:15,377 INFO] Step 13600/202000; acc:  77.57; ppl:  2.31; xent: 0.84; lr: 0.00076; 23732/23716 tok/s;  17852 sec
[2021-02-19 12:59:16,337 INFO] Loading dataset from /home/shterion/EcoNMT/engines/ES-EN-TRANS-BPE/data/ready_to_train.train.0.pt
[2021-02-19 12:59:31,015 INFO] number of examples: 892901
[2021-02-19 13:00:24,468 INFO] Step 13700/202000; acc:  77.53; ppl:  2.31; xent: 0.84; lr: 0.00076; 25460/25345 tok/s;  17982 sec
[2021-02-19 13:02:33,566 INFO] Step 13800/202000; acc:  77.74; ppl:  2.29; xent: 0.83; lr: 0.00075; 25559/25391 tok/s;  18111 sec
[2021-02-19 13:04:42,388 INFO] Step 13900/202000; acc:  77.62; ppl:  2.30; xent: 0.83; lr: 0.00075; 25616/25337 tok/s;  18239 sec
[2021-02-19 13:06:51,679 INFO] Step 14000/202000; acc:  77.63; ppl:  2.30; xent: 0.83; lr: 0.00075; 25522/25605 tok/s;  18369 sec
[2021-02-19 13:06:51,680 INFO] Loading dataset from /home/shterion/EcoNMT/engines/ES-EN-TRANS-BPE/data/ready_to_train.valid.0.pt
[2021-02-19 13:06:51,765 INFO] number of examples: 5006
[2021-02-19 13:06:58,843 INFO] Validation perplexity: 3.39959
[2021-02-19 13:06:58,843 INFO] Validation accuracy: 74.1178
[2021-02-19 13:06:58,843 INFO] Stalled patience: 4/5
[2021-02-19 13:06:59,067 INFO] Saving checkpoint /home/shterion/EcoNMT/engines/ES-EN-TRANS-BPE/model/model_step_14000.pt
[2021-02-19 13:09:10,228 INFO] Step 14100/202000; acc:  77.79; ppl:  2.28; xent: 0.83; lr: 0.00074; 23774/23760 tok/s;  18507 sec
[2021-02-19 13:11:19,461 INFO] Step 14200/202000; acc:  77.68; ppl:  2.29; xent: 0.83; lr: 0.00074; 25569/25471 tok/s;  18637 sec
[2021-02-19 13:13:28,253 INFO] Step 14300/202000; acc:  77.87; ppl:  2.28; xent: 0.82; lr: 0.00074; 25462/25271 tok/s;  18765 sec
[2021-02-19 13:13:47,611 INFO] Loading dataset from /home/shterion/EcoNMT/engines/ES-EN-TRANS-BPE/data/ready_to_train.train.1.pt
[2021-02-19 13:13:56,150 INFO] number of examples: 421684
[2021-02-19 13:15:37,277 INFO] Step 14400/202000; acc:  77.83; ppl:  2.28; xent: 0.82; lr: 0.00074; 25409/25131 tok/s;  18894 sec
[2021-02-19 13:17:47,159 INFO] Step 14500/202000; acc:  77.82; ppl:  2.28; xent: 0.82; lr: 0.00073; 25045/25001 tok/s;  19024 sec
[2021-02-19 13:17:47,160 INFO] Loading dataset from /home/shterion/EcoNMT/engines/ES-EN-TRANS-BPE/data/ready_to_train.valid.0.pt
[2021-02-19 13:17:47,199 INFO] number of examples: 5006
[2021-02-19 13:17:54,267 INFO] Validation perplexity: 3.40856
[2021-02-19 13:17:54,267 INFO] Validation accuracy: 74.1294
[2021-02-19 13:17:54,267 INFO] Stalled patience: 3/5
[2021-02-19 13:17:54,491 INFO] Saving checkpoint /home/shterion/EcoNMT/engines/ES-EN-TRANS-BPE/model/model_step_14500.pt
[2021-02-19 13:20:05,421 INFO] Step 14600/202000; acc:  77.90; ppl:  2.27; xent: 0.82; lr: 0.00073; 23810/23747 tok/s;  19163 sec
[2021-02-19 13:20:45,773 INFO] Loading dataset from /home/shterion/EcoNMT/engines/ES-EN-TRANS-BPE/data/ready_to_train.train.0.pt
[2021-02-19 13:21:00,547 INFO] number of examples: 892901
[2021-02-19 13:22:14,709 INFO] Step 14700/202000; acc:  77.90; ppl:  2.27; xent: 0.82; lr: 0.00073; 25381/25248 tok/s;  19292 sec
[2021-02-19 13:24:23,800 INFO] Step 14800/202000; acc:  78.01; ppl:  2.26; xent: 0.82; lr: 0.00073; 25510/25396 tok/s;  19421 sec
[2021-02-19 13:26:33,341 INFO] Step 14900/202000; acc:  77.89; ppl:  2.27; xent: 0.82; lr: 0.00072; 25470/25287 tok/s;  19550 sec
[2021-02-19 13:28:42,741 INFO] Step 15000/202000; acc:  78.05; ppl:  2.25; xent: 0.81; lr: 0.00072; 25589/25599 tok/s;  19680 sec
[2021-02-19 13:28:42,742 INFO] Loading dataset from /home/shterion/EcoNMT/engines/ES-EN-TRANS-BPE/data/ready_to_train.valid.0.pt
[2021-02-19 13:28:42,828 INFO] number of examples: 5006
[2021-02-19 13:28:49,913 INFO] Validation perplexity: 3.40046
[2021-02-19 13:28:49,913 INFO] Validation accuracy: 74.1221
[2021-02-19 13:28:49,913 INFO] Stalled patience: 2/5
[2021-02-19 13:28:50,137 INFO] Saving checkpoint /home/shterion/EcoNMT/engines/ES-EN-TRANS-BPE/model/model_step_15000.pt
[2021-02-19 13:31:01,141 INFO] Step 15100/202000; acc:  78.08; ppl:  2.25; xent: 0.81; lr: 0.00072; 23795/23722 tok/s;  19818 sec
[2021-02-19 13:33:10,735 INFO] Step 15200/202000; acc:  77.96; ppl:  2.26; xent: 0.82; lr: 0.00072; 25412/25408 tok/s;  19948 sec
[2021-02-19 13:35:19,616 INFO] Step 15300/202000; acc:  78.16; ppl:  2.24; xent: 0.81; lr: 0.00071; 25395/25183 tok/s;  20077 sec
[2021-02-19 13:35:19,706 INFO] Loading dataset from /home/shterion/EcoNMT/engines/ES-EN-TRANS-BPE/data/ready_to_train.train.1.pt
[2021-02-19 13:35:28,102 INFO] number of examples: 421684
[2021-02-19 13:37:28,884 INFO] Step 15400/202000; acc:  78.15; ppl:  2.24; xent: 0.81; lr: 0.00071; 25338/25076 tok/s;  20206 sec
[2021-02-19 13:39:38,126 INFO] Step 15500/202000; acc:  78.09; ppl:  2.25; xent: 0.81; lr: 0.00071; 25240/25139 tok/s;  20335 sec
[2021-02-19 13:39:38,127 INFO] Loading dataset from /home/shterion/EcoNMT/engines/ES-EN-TRANS-BPE/data/ready_to_train.valid.0.pt
[2021-02-19 13:39:38,165 INFO] number of examples: 5006
[2021-02-19 13:39:45,229 INFO] Validation perplexity: 3.42461
[2021-02-19 13:39:45,229 INFO] Validation accuracy: 74.0509
[2021-02-19 13:39:45,229 INFO] Decreasing patience: 3/5
[2021-02-19 13:39:45,452 INFO] Saving checkpoint /home/shterion/EcoNMT/engines/ES-EN-TRANS-BPE/model/model_step_15500.pt
[2021-02-19 13:41:56,760 INFO] Step 15600/202000; acc:  78.15; ppl:  2.24; xent: 0.81; lr: 0.00071; 23764/23767 tok/s;  20474 sec
[2021-02-19 13:42:16,361 INFO] Loading dataset from /home/shterion/EcoNMT/engines/ES-EN-TRANS-BPE/data/ready_to_train.train.0.pt
[2021-02-19 13:42:37,226 INFO] number of examples: 892901
[2021-02-19 13:44:06,357 INFO] Step 15700/202000; acc:  78.25; ppl:  2.23; xent: 0.80; lr: 0.00071; 25318/25124 tok/s;  20603 sec
[2021-02-19 13:46:15,491 INFO] Step 15800/202000; acc:  78.29; ppl:  2.23; xent: 0.80; lr: 0.00070; 25551/25417 tok/s;  20733 sec
[2021-02-19 13:48:24,756 INFO] Step 15900/202000; acc:  78.28; ppl:  2.23; xent: 0.80; lr: 0.00070; 25547/25445 tok/s;  20862 sec
[2021-02-19 13:50:34,217 INFO] Step 16000/202000; acc:  78.31; ppl:  2.23; xent: 0.80; lr: 0.00070; 25553/25440 tok/s;  20991 sec
[2021-02-19 13:50:34,218 INFO] Loading dataset from /home/shterion/EcoNMT/engines/ES-EN-TRANS-BPE/data/ready_to_train.valid.0.pt
[2021-02-19 13:50:34,259 INFO] number of examples: 5006
[2021-02-19 13:50:41,322 INFO] Validation perplexity: 3.41026
[2021-02-19 13:50:41,323 INFO] Validation accuracy: 74.0224
[2021-02-19 13:50:41,323 INFO] Decreasing patience: 2/5
[2021-02-19 13:50:41,546 INFO] Saving checkpoint /home/shterion/EcoNMT/engines/ES-EN-TRANS-BPE/model/model_step_16000.pt
[2021-02-19 13:52:52,080 INFO] Step 16100/202000; acc:  78.41; ppl:  2.22; xent: 0.80; lr: 0.00070; 23872/23823 tok/s;  21129 sec
[2021-02-19 13:55:01,120 INFO] Step 16200/202000; acc:  78.19; ppl:  2.24; xent: 0.81; lr: 0.00069; 25549/25485 tok/s;  21258 sec
[2021-02-19 13:56:49,302 INFO] Loading dataset from /home/shterion/EcoNMT/engines/ES-EN-TRANS-BPE/data/ready_to_train.train.1.pt
[2021-02-19 13:57:00,274 INFO] number of examples: 421684
[2021-02-19 13:57:09,993 INFO] Step 16300/202000; acc:  78.49; ppl:  2.21; xent: 0.79; lr: 0.00069; 25349/25231 tok/s;  21387 sec
[2021-02-19 13:59:19,616 INFO] Step 16400/202000; acc:  78.34; ppl:  2.22; xent: 0.80; lr: 0.00069; 25163/25008 tok/s;  21517 sec
[2021-02-19 14:01:28,681 INFO] Step 16500/202000; acc:  78.45; ppl:  2.21; xent: 0.80; lr: 0.00069; 25345/25188 tok/s;  21646 sec
[2021-02-19 14:01:28,682 INFO] Loading dataset from /home/shterion/EcoNMT/engines/ES-EN-TRANS-BPE/data/ready_to_train.valid.0.pt
[2021-02-19 14:01:28,762 INFO] number of examples: 5006
[2021-02-19 14:01:35,837 INFO] Validation perplexity: 3.40937
[2021-02-19 14:01:35,837 INFO] Validation accuracy: 74.077
[2021-02-19 14:01:35,837 INFO] Stalled patience: 1/5
[2021-02-19 14:01:36,061 INFO] Saving checkpoint /home/shterion/EcoNMT/engines/ES-EN-TRANS-BPE/model/model_step_16500.pt
[2021-02-19 14:03:47,037 INFO] Step 16600/202000; acc:  78.49; ppl:  2.21; xent: 0.79; lr: 0.00069; 23886/23842 tok/s;  21784 sec
[2021-02-19 14:03:47,105 INFO] Loading dataset from /home/shterion/EcoNMT/engines/ES-EN-TRANS-BPE/data/ready_to_train.train.0.pt
[2021-02-19 14:04:06,087 INFO] number of examples: 892901
[2021-02-19 14:05:56,019 INFO] Step 16700/202000; acc:  78.57; ppl:  2.20; xent: 0.79; lr: 0.00068; 25428/25222 tok/s;  21913 sec
[2021-02-19 14:08:04,929 INFO] Step 16800/202000; acc:  78.47; ppl:  2.21; xent: 0.79; lr: 0.00068; 25548/25401 tok/s;  22042 sec
[2021-02-19 14:10:14,392 INFO] Step 16900/202000; acc:  78.49; ppl:  2.20; xent: 0.79; lr: 0.00068; 25549/25466 tok/s;  22171 sec
[2021-02-19 14:12:23,664 INFO] Step 17000/202000; acc:  78.70; ppl:  2.19; xent: 0.78; lr: 0.00068; 25565/25477 tok/s;  22301 sec
[2021-02-19 14:12:23,665 INFO] Loading dataset from /home/shterion/EcoNMT/engines/ES-EN-TRANS-BPE/data/ready_to_train.valid.0.pt
[2021-02-19 14:12:23,704 INFO] number of examples: 5006
[2021-02-19 14:12:30,774 INFO] Validation perplexity: 3.42756
[2021-02-19 14:12:30,774 INFO] Validation accuracy: 74.1096
[2021-02-19 14:12:30,774 INFO] Stalled patience: 0/5
[2021-02-19 14:12:30,774 INFO] Training finished after stalled validations. Early Stop!
[2021-02-19 14:12:30,774 INFO] Best model found at step 13000
[2021-02-19 14:12:31,008 INFO] Saving checkpoint /home/shterion/EcoNMT/engines/ES-EN-TRANS-BPE/model/model_step_17000.pt
