[2021-02-20 09:01:28,319 INFO] Loading dataset from /home/shterion/EcoNMT/engines/EN-ES-TRANS-BPE/data/ready_to_train.train.0.pt
[2021-02-20 09:01:29,300 INFO]  * src vocab size = 47028
[2021-02-20 09:01:29,300 INFO]  * tgt vocab size = 48889
[2021-02-20 09:01:29,300 INFO] Building model...
[2021-02-20 09:01:34,773 INFO] NMTModel(
  (encoder): TransformerEncoder(
    (embeddings): Embeddings(
      (make_embedding): Sequential(
        (emb_luts): Elementwise(
          (0): Embedding(47028, 512, padding_idx=1)
        )
        (pe): PositionalEncoding(
          (dropout): Dropout(p=0.1, inplace=False)
        )
      )
    )
    (transformer): ModuleList(
      (0): TransformerEncoderLayer(
        (self_attn): MultiHeadedAttention(
          (linear_keys): Linear(in_features=512, out_features=512, bias=True)
          (linear_values): Linear(in_features=512, out_features=512, bias=True)
          (linear_query): Linear(in_features=512, out_features=512, bias=True)
          (softmax): Softmax(dim=-1)
          (dropout): Dropout(p=0.1, inplace=False)
          (final_linear): Linear(in_features=512, out_features=512, bias=True)
        )
        (feed_forward): PositionwiseFeedForward(
          (w_1): Linear(in_features=512, out_features=2048, bias=True)
          (w_2): Linear(in_features=2048, out_features=512, bias=True)
          (layer_norm): LayerNorm((512,), eps=1e-06, elementwise_affine=True)
          (dropout_1): Dropout(p=0.1, inplace=False)
          (relu): ReLU()
          (dropout_2): Dropout(p=0.1, inplace=False)
        )
        (layer_norm): LayerNorm((512,), eps=1e-06, elementwise_affine=True)
        (dropout): Dropout(p=0.1, inplace=False)
      )
      (1): TransformerEncoderLayer(
        (self_attn): MultiHeadedAttention(
          (linear_keys): Linear(in_features=512, out_features=512, bias=True)
          (linear_values): Linear(in_features=512, out_features=512, bias=True)
          (linear_query): Linear(in_features=512, out_features=512, bias=True)
          (softmax): Softmax(dim=-1)
          (dropout): Dropout(p=0.1, inplace=False)
          (final_linear): Linear(in_features=512, out_features=512, bias=True)
        )
        (feed_forward): PositionwiseFeedForward(
          (w_1): Linear(in_features=512, out_features=2048, bias=True)
          (w_2): Linear(in_features=2048, out_features=512, bias=True)
          (layer_norm): LayerNorm((512,), eps=1e-06, elementwise_affine=True)
          (dropout_1): Dropout(p=0.1, inplace=False)
          (relu): ReLU()
          (dropout_2): Dropout(p=0.1, inplace=False)
        )
        (layer_norm): LayerNorm((512,), eps=1e-06, elementwise_affine=True)
        (dropout): Dropout(p=0.1, inplace=False)
      )
      (2): TransformerEncoderLayer(
        (self_attn): MultiHeadedAttention(
          (linear_keys): Linear(in_features=512, out_features=512, bias=True)
          (linear_values): Linear(in_features=512, out_features=512, bias=True)
          (linear_query): Linear(in_features=512, out_features=512, bias=True)
          (softmax): Softmax(dim=-1)
          (dropout): Dropout(p=0.1, inplace=False)
          (final_linear): Linear(in_features=512, out_features=512, bias=True)
        )
        (feed_forward): PositionwiseFeedForward(
          (w_1): Linear(in_features=512, out_features=2048, bias=True)
          (w_2): Linear(in_features=2048, out_features=512, bias=True)
          (layer_norm): LayerNorm((512,), eps=1e-06, elementwise_affine=True)
          (dropout_1): Dropout(p=0.1, inplace=False)
          (relu): ReLU()
          (dropout_2): Dropout(p=0.1, inplace=False)
        )
        (layer_norm): LayerNorm((512,), eps=1e-06, elementwise_affine=True)
        (dropout): Dropout(p=0.1, inplace=False)
      )
      (3): TransformerEncoderLayer(
        (self_attn): MultiHeadedAttention(
          (linear_keys): Linear(in_features=512, out_features=512, bias=True)
          (linear_values): Linear(in_features=512, out_features=512, bias=True)
          (linear_query): Linear(in_features=512, out_features=512, bias=True)
          (softmax): Softmax(dim=-1)
          (dropout): Dropout(p=0.1, inplace=False)
          (final_linear): Linear(in_features=512, out_features=512, bias=True)
        )
        (feed_forward): PositionwiseFeedForward(
          (w_1): Linear(in_features=512, out_features=2048, bias=True)
          (w_2): Linear(in_features=2048, out_features=512, bias=True)
          (layer_norm): LayerNorm((512,), eps=1e-06, elementwise_affine=True)
          (dropout_1): Dropout(p=0.1, inplace=False)
          (relu): ReLU()
          (dropout_2): Dropout(p=0.1, inplace=False)
        )
        (layer_norm): LayerNorm((512,), eps=1e-06, elementwise_affine=True)
        (dropout): Dropout(p=0.1, inplace=False)
      )
      (4): TransformerEncoderLayer(
        (self_attn): MultiHeadedAttention(
          (linear_keys): Linear(in_features=512, out_features=512, bias=True)
          (linear_values): Linear(in_features=512, out_features=512, bias=True)
          (linear_query): Linear(in_features=512, out_features=512, bias=True)
          (softmax): Softmax(dim=-1)
          (dropout): Dropout(p=0.1, inplace=False)
          (final_linear): Linear(in_features=512, out_features=512, bias=True)
        )
        (feed_forward): PositionwiseFeedForward(
          (w_1): Linear(in_features=512, out_features=2048, bias=True)
          (w_2): Linear(in_features=2048, out_features=512, bias=True)
          (layer_norm): LayerNorm((512,), eps=1e-06, elementwise_affine=True)
          (dropout_1): Dropout(p=0.1, inplace=False)
          (relu): ReLU()
          (dropout_2): Dropout(p=0.1, inplace=False)
        )
        (layer_norm): LayerNorm((512,), eps=1e-06, elementwise_affine=True)
        (dropout): Dropout(p=0.1, inplace=False)
      )
      (5): TransformerEncoderLayer(
        (self_attn): MultiHeadedAttention(
          (linear_keys): Linear(in_features=512, out_features=512, bias=True)
          (linear_values): Linear(in_features=512, out_features=512, bias=True)
          (linear_query): Linear(in_features=512, out_features=512, bias=True)
          (softmax): Softmax(dim=-1)
          (dropout): Dropout(p=0.1, inplace=False)
          (final_linear): Linear(in_features=512, out_features=512, bias=True)
        )
        (feed_forward): PositionwiseFeedForward(
          (w_1): Linear(in_features=512, out_features=2048, bias=True)
          (w_2): Linear(in_features=2048, out_features=512, bias=True)
          (layer_norm): LayerNorm((512,), eps=1e-06, elementwise_affine=True)
          (dropout_1): Dropout(p=0.1, inplace=False)
          (relu): ReLU()
          (dropout_2): Dropout(p=0.1, inplace=False)
        )
        (layer_norm): LayerNorm((512,), eps=1e-06, elementwise_affine=True)
        (dropout): Dropout(p=0.1, inplace=False)
      )
    )
    (layer_norm): LayerNorm((512,), eps=1e-06, elementwise_affine=True)
  )
  (decoder): TransformerDecoder(
    (embeddings): Embeddings(
      (make_embedding): Sequential(
        (emb_luts): Elementwise(
          (0): Embedding(48889, 512, padding_idx=1)
        )
        (pe): PositionalEncoding(
          (dropout): Dropout(p=0.1, inplace=False)
        )
      )
    )
    (transformer_layers): ModuleList(
      (0): TransformerDecoderLayer(
        (self_attn): MultiHeadedAttention(
          (linear_keys): Linear(in_features=512, out_features=512, bias=True)
          (linear_values): Linear(in_features=512, out_features=512, bias=True)
          (linear_query): Linear(in_features=512, out_features=512, bias=True)
          (softmax): Softmax(dim=-1)
          (dropout): Dropout(p=0.1, inplace=False)
          (final_linear): Linear(in_features=512, out_features=512, bias=True)
        )
        (context_attn): MultiHeadedAttention(
          (linear_keys): Linear(in_features=512, out_features=512, bias=True)
          (linear_values): Linear(in_features=512, out_features=512, bias=True)
          (linear_query): Linear(in_features=512, out_features=512, bias=True)
          (softmax): Softmax(dim=-1)
          (dropout): Dropout(p=0.1, inplace=False)
          (final_linear): Linear(in_features=512, out_features=512, bias=True)
        )
        (feed_forward): PositionwiseFeedForward(
          (w_1): Linear(in_features=512, out_features=2048, bias=True)
          (w_2): Linear(in_features=2048, out_features=512, bias=True)
          (layer_norm): LayerNorm((512,), eps=1e-06, elementwise_affine=True)
          (dropout_1): Dropout(p=0.1, inplace=False)
          (relu): ReLU()
          (dropout_2): Dropout(p=0.1, inplace=False)
        )
        (layer_norm_1): LayerNorm((512,), eps=1e-06, elementwise_affine=True)
        (layer_norm_2): LayerNorm((512,), eps=1e-06, elementwise_affine=True)
        (drop): Dropout(p=0.1, inplace=False)
      )
      (1): TransformerDecoderLayer(
        (self_attn): MultiHeadedAttention(
          (linear_keys): Linear(in_features=512, out_features=512, bias=True)
          (linear_values): Linear(in_features=512, out_features=512, bias=True)
          (linear_query): Linear(in_features=512, out_features=512, bias=True)
          (softmax): Softmax(dim=-1)
          (dropout): Dropout(p=0.1, inplace=False)
          (final_linear): Linear(in_features=512, out_features=512, bias=True)
        )
        (context_attn): MultiHeadedAttention(
          (linear_keys): Linear(in_features=512, out_features=512, bias=True)
          (linear_values): Linear(in_features=512, out_features=512, bias=True)
          (linear_query): Linear(in_features=512, out_features=512, bias=True)
          (softmax): Softmax(dim=-1)
          (dropout): Dropout(p=0.1, inplace=False)
          (final_linear): Linear(in_features=512, out_features=512, bias=True)
        )
        (feed_forward): PositionwiseFeedForward(
          (w_1): Linear(in_features=512, out_features=2048, bias=True)
          (w_2): Linear(in_features=2048, out_features=512, bias=True)
          (layer_norm): LayerNorm((512,), eps=1e-06, elementwise_affine=True)
          (dropout_1): Dropout(p=0.1, inplace=False)
          (relu): ReLU()
          (dropout_2): Dropout(p=0.1, inplace=False)
        )
        (layer_norm_1): LayerNorm((512,), eps=1e-06, elementwise_affine=True)
        (layer_norm_2): LayerNorm((512,), eps=1e-06, elementwise_affine=True)
        (drop): Dropout(p=0.1, inplace=False)
      )
      (2): TransformerDecoderLayer(
        (self_attn): MultiHeadedAttention(
          (linear_keys): Linear(in_features=512, out_features=512, bias=True)
          (linear_values): Linear(in_features=512, out_features=512, bias=True)
          (linear_query): Linear(in_features=512, out_features=512, bias=True)
          (softmax): Softmax(dim=-1)
          (dropout): Dropout(p=0.1, inplace=False)
          (final_linear): Linear(in_features=512, out_features=512, bias=True)
        )
        (context_attn): MultiHeadedAttention(
          (linear_keys): Linear(in_features=512, out_features=512, bias=True)
          (linear_values): Linear(in_features=512, out_features=512, bias=True)
          (linear_query): Linear(in_features=512, out_features=512, bias=True)
          (softmax): Softmax(dim=-1)
          (dropout): Dropout(p=0.1, inplace=False)
          (final_linear): Linear(in_features=512, out_features=512, bias=True)
        )
        (feed_forward): PositionwiseFeedForward(
          (w_1): Linear(in_features=512, out_features=2048, bias=True)
          (w_2): Linear(in_features=2048, out_features=512, bias=True)
          (layer_norm): LayerNorm((512,), eps=1e-06, elementwise_affine=True)
          (dropout_1): Dropout(p=0.1, inplace=False)
          (relu): ReLU()
          (dropout_2): Dropout(p=0.1, inplace=False)
        )
        (layer_norm_1): LayerNorm((512,), eps=1e-06, elementwise_affine=True)
        (layer_norm_2): LayerNorm((512,), eps=1e-06, elementwise_affine=True)
        (drop): Dropout(p=0.1, inplace=False)
      )
      (3): TransformerDecoderLayer(
        (self_attn): MultiHeadedAttention(
          (linear_keys): Linear(in_features=512, out_features=512, bias=True)
          (linear_values): Linear(in_features=512, out_features=512, bias=True)
          (linear_query): Linear(in_features=512, out_features=512, bias=True)
          (softmax): Softmax(dim=-1)
          (dropout): Dropout(p=0.1, inplace=False)
          (final_linear): Linear(in_features=512, out_features=512, bias=True)
        )
        (context_attn): MultiHeadedAttention(
          (linear_keys): Linear(in_features=512, out_features=512, bias=True)
          (linear_values): Linear(in_features=512, out_features=512, bias=True)
          (linear_query): Linear(in_features=512, out_features=512, bias=True)
          (softmax): Softmax(dim=-1)
          (dropout): Dropout(p=0.1, inplace=False)
          (final_linear): Linear(in_features=512, out_features=512, bias=True)
        )
        (feed_forward): PositionwiseFeedForward(
          (w_1): Linear(in_features=512, out_features=2048, bias=True)
          (w_2): Linear(in_features=2048, out_features=512, bias=True)
          (layer_norm): LayerNorm((512,), eps=1e-06, elementwise_affine=True)
          (dropout_1): Dropout(p=0.1, inplace=False)
          (relu): ReLU()
          (dropout_2): Dropout(p=0.1, inplace=False)
        )
        (layer_norm_1): LayerNorm((512,), eps=1e-06, elementwise_affine=True)
        (layer_norm_2): LayerNorm((512,), eps=1e-06, elementwise_affine=True)
        (drop): Dropout(p=0.1, inplace=False)
      )
      (4): TransformerDecoderLayer(
        (self_attn): MultiHeadedAttention(
          (linear_keys): Linear(in_features=512, out_features=512, bias=True)
          (linear_values): Linear(in_features=512, out_features=512, bias=True)
          (linear_query): Linear(in_features=512, out_features=512, bias=True)
          (softmax): Softmax(dim=-1)
          (dropout): Dropout(p=0.1, inplace=False)
          (final_linear): Linear(in_features=512, out_features=512, bias=True)
        )
        (context_attn): MultiHeadedAttention(
          (linear_keys): Linear(in_features=512, out_features=512, bias=True)
          (linear_values): Linear(in_features=512, out_features=512, bias=True)
          (linear_query): Linear(in_features=512, out_features=512, bias=True)
          (softmax): Softmax(dim=-1)
          (dropout): Dropout(p=0.1, inplace=False)
          (final_linear): Linear(in_features=512, out_features=512, bias=True)
        )
        (feed_forward): PositionwiseFeedForward(
          (w_1): Linear(in_features=512, out_features=2048, bias=True)
          (w_2): Linear(in_features=2048, out_features=512, bias=True)
          (layer_norm): LayerNorm((512,), eps=1e-06, elementwise_affine=True)
          (dropout_1): Dropout(p=0.1, inplace=False)
          (relu): ReLU()
          (dropout_2): Dropout(p=0.1, inplace=False)
        )
        (layer_norm_1): LayerNorm((512,), eps=1e-06, elementwise_affine=True)
        (layer_norm_2): LayerNorm((512,), eps=1e-06, elementwise_affine=True)
        (drop): Dropout(p=0.1, inplace=False)
      )
      (5): TransformerDecoderLayer(
        (self_attn): MultiHeadedAttention(
          (linear_keys): Linear(in_features=512, out_features=512, bias=True)
          (linear_values): Linear(in_features=512, out_features=512, bias=True)
          (linear_query): Linear(in_features=512, out_features=512, bias=True)
          (softmax): Softmax(dim=-1)
          (dropout): Dropout(p=0.1, inplace=False)
          (final_linear): Linear(in_features=512, out_features=512, bias=True)
        )
        (context_attn): MultiHeadedAttention(
          (linear_keys): Linear(in_features=512, out_features=512, bias=True)
          (linear_values): Linear(in_features=512, out_features=512, bias=True)
          (linear_query): Linear(in_features=512, out_features=512, bias=True)
          (softmax): Softmax(dim=-1)
          (dropout): Dropout(p=0.1, inplace=False)
          (final_linear): Linear(in_features=512, out_features=512, bias=True)
        )
        (feed_forward): PositionwiseFeedForward(
          (w_1): Linear(in_features=512, out_features=2048, bias=True)
          (w_2): Linear(in_features=2048, out_features=512, bias=True)
          (layer_norm): LayerNorm((512,), eps=1e-06, elementwise_affine=True)
          (dropout_1): Dropout(p=0.1, inplace=False)
          (relu): ReLU()
          (dropout_2): Dropout(p=0.1, inplace=False)
        )
        (layer_norm_1): LayerNorm((512,), eps=1e-06, elementwise_affine=True)
        (layer_norm_2): LayerNorm((512,), eps=1e-06, elementwise_affine=True)
        (drop): Dropout(p=0.1, inplace=False)
      )
    )
    (layer_norm): LayerNorm((512,), eps=1e-06, elementwise_affine=True)
  )
  (generator): Sequential(
    (0): Linear(in_features=512, out_features=48889, bias=True)
    (1): Cast()
    (2): LogSoftmax()
  )
)
[2021-02-20 09:01:34,777 INFO] encoder: 42993664
[2021-02-20 09:01:34,777 INFO] decoder: 75336441
[2021-02-20 09:01:34,777 INFO] * number of parameters: 118330105
[2021-02-20 09:01:34,783 INFO] Starting training on GPU: [0, 1, 2]
[2021-02-20 09:01:34,783 INFO] Start training loop and validate every 500 steps...
[2021-02-20 09:01:43,179 INFO] number of examples: 892901
[2021-02-20 09:04:14,930 INFO] Step 100/202000; acc:   4.96; ppl: 3956.28; xent: 8.28; lr: 0.00010; 19860/21535 tok/s;    160 sec
[2021-02-20 09:06:29,109 INFO] Step 200/202000; acc:   8.06; ppl: 360.79; xent: 5.89; lr: 0.00020; 23549/25797 tok/s;    294 sec
[2021-02-20 09:08:43,518 INFO] Step 300/202000; acc:  15.68; ppl: 175.81; xent: 5.17; lr: 0.00030; 23628/25720 tok/s;    429 sec
[2021-02-20 09:10:57,864 INFO] Step 400/202000; acc:  20.15; ppl: 99.62; xent: 4.60; lr: 0.00040; 23726/25754 tok/s;    563 sec
[2021-02-20 09:13:12,560 INFO] Step 500/202000; acc:  22.71; ppl: 72.27; xent: 4.28; lr: 0.00050; 23521/25678 tok/s;    698 sec
[2021-02-20 09:13:12,560 INFO] Loading dataset from /home/shterion/EcoNMT/engines/EN-ES-TRANS-BPE/data/ready_to_train.valid.0.pt
[2021-02-20 09:13:12,600 INFO] number of examples: 5006
[2021-02-20 09:13:19,843 INFO] Validation perplexity: 108.759
[2021-02-20 09:13:19,843 INFO] Validation accuracy: 24.3594
[2021-02-20 09:13:19,843 INFO] Model is improving acc: -inf --> 24.3594.
[2021-02-20 09:13:19,843 INFO] Model is improving ppl: inf --> 108.759.
[2021-02-20 09:13:20,070 INFO] Saving checkpoint /home/shterion/EcoNMT/engines/EN-ES-TRANS-BPE/model/model_step_500.pt
[2021-02-20 09:14:01,031 INFO] Loading dataset from /home/shterion/EcoNMT/engines/EN-ES-TRANS-BPE/data/ready_to_train.train.1.pt
[2021-02-20 09:14:09,197 INFO] number of examples: 421684
[2021-02-20 09:15:35,631 INFO] Step 600/202000; acc:  26.13; ppl: 52.85; xent: 3.97; lr: 0.00059; 21974/23957 tok/s;    841 sec
[2021-02-20 09:17:50,188 INFO] Step 700/202000; acc:  31.57; ppl: 37.30; xent: 3.62; lr: 0.00069; 23333/25471 tok/s;    975 sec
[2021-02-20 09:20:04,731 INFO] Step 800/202000; acc:  39.39; ppl: 24.07; xent: 3.18; lr: 0.00079; 23600/25640 tok/s;   1110 sec
[2021-02-20 09:21:02,657 INFO] Loading dataset from /home/shterion/EcoNMT/engines/EN-ES-TRANS-BPE/data/ready_to_train.train.0.pt
[2021-02-20 09:21:27,882 INFO] number of examples: 892901
[2021-02-20 09:22:19,190 INFO] Step 900/202000; acc:  45.23; ppl: 16.94; xent: 2.83; lr: 0.00089; 23512/25736 tok/s;   1244 sec
[2021-02-20 09:24:33,259 INFO] Step 1000/202000; acc:  50.47; ppl: 12.38; xent: 2.52; lr: 0.00099; 23599/25674 tok/s;   1378 sec
[2021-02-20 09:24:33,260 INFO] Loading dataset from /home/shterion/EcoNMT/engines/EN-ES-TRANS-BPE/data/ready_to_train.valid.0.pt
[2021-02-20 09:24:33,354 INFO] number of examples: 5006
[2021-02-20 09:24:40,578 INFO] Validation perplexity: 13.388
[2021-02-20 09:24:40,579 INFO] Validation accuracy: 54.3983
[2021-02-20 09:24:40,579 INFO] Model is improving acc: 24.3594 --> 54.3983.
[2021-02-20 09:24:40,579 INFO] Model is improving ppl: 108.759 --> 13.388.
[2021-02-20 09:24:40,804 INFO] Saving checkpoint /home/shterion/EcoNMT/engines/EN-ES-TRANS-BPE/model/model_step_1000.pt
[2021-02-20 09:26:57,003 INFO] Step 1100/202000; acc:  54.14; ppl:  9.88; xent: 2.29; lr: 0.00109; 22200/24051 tok/s;   1522 sec
[2021-02-20 09:29:10,976 INFO] Step 1200/202000; acc:  57.02; ppl:  8.29; xent: 2.11; lr: 0.00119; 23446/25809 tok/s;   1656 sec
[2021-02-20 09:31:25,099 INFO] Step 1300/202000; acc:  58.71; ppl:  7.41; xent: 2.00; lr: 0.00129; 23755/25730 tok/s;   1790 sec
[2021-02-20 09:33:39,427 INFO] Step 1400/202000; acc:  59.99; ppl:  6.80; xent: 1.92; lr: 0.00138; 23667/25750 tok/s;   1925 sec
[2021-02-20 09:35:53,730 INFO] Step 1500/202000; acc:  61.35; ppl:  6.26; xent: 1.83; lr: 0.00148; 23593/25683 tok/s;   2059 sec
[2021-02-20 09:35:53,731 INFO] Loading dataset from /home/shterion/EcoNMT/engines/EN-ES-TRANS-BPE/data/ready_to_train.valid.0.pt
[2021-02-20 09:35:53,768 INFO] number of examples: 5006
[2021-02-20 09:36:01,059 INFO] Validation perplexity: 6.7555
[2021-02-20 09:36:01,059 INFO] Validation accuracy: 63.6094
[2021-02-20 09:36:01,059 INFO] Model is improving acc: 54.3983 --> 63.6094.
[2021-02-20 09:36:01,059 INFO] Model is improving ppl: 13.388 --> 6.7555.
[2021-02-20 09:36:01,290 INFO] Saving checkpoint /home/shterion/EcoNMT/engines/EN-ES-TRANS-BPE/model/model_step_1500.pt
[2021-02-20 09:36:11,084 INFO] Loading dataset from /home/shterion/EcoNMT/engines/EN-ES-TRANS-BPE/data/ready_to_train.train.1.pt
[2021-02-20 09:36:20,262 INFO] number of examples: 421684
[2021-02-20 09:38:16,647 INFO] Step 1600/202000; acc:  62.29; ppl:  5.88; xent: 1.77; lr: 0.00158; 21943/23983 tok/s;   2202 sec
[2021-02-20 09:40:31,161 INFO] Step 1700/202000; acc:  63.33; ppl:  5.52; xent: 1.71; lr: 0.00168; 23425/25525 tok/s;   2336 sec
[2021-02-20 09:42:45,735 INFO] Step 1800/202000; acc:  63.58; ppl:  5.39; xent: 1.68; lr: 0.00178; 23469/25654 tok/s;   2471 sec
[2021-02-20 09:43:11,448 INFO] Loading dataset from /home/shterion/EcoNMT/engines/EN-ES-TRANS-BPE/data/ready_to_train.train.0.pt
[2021-02-20 09:43:32,097 INFO] number of examples: 892901
[2021-02-20 09:45:00,051 INFO] Step 1900/202000; acc:  64.27; ppl:  5.15; xent: 1.64; lr: 0.00188; 23665/25708 tok/s;   2605 sec
[2021-02-20 09:47:14,155 INFO] Step 2000/202000; acc:  65.01; ppl:  4.91; xent: 1.59; lr: 0.00198; 23599/25737 tok/s;   2739 sec
[2021-02-20 09:47:14,156 INFO] Loading dataset from /home/shterion/EcoNMT/engines/EN-ES-TRANS-BPE/data/ready_to_train.valid.0.pt
[2021-02-20 09:47:14,194 INFO] number of examples: 5006
[2021-02-20 09:47:21,440 INFO] Validation perplexity: 5.46559
[2021-02-20 09:47:21,440 INFO] Validation accuracy: 66.3574
[2021-02-20 09:47:21,440 INFO] Model is improving acc: 63.6094 --> 66.3574.
[2021-02-20 09:47:21,440 INFO] Model is improving ppl: 6.7555 --> 5.46559.
[2021-02-20 09:47:21,666 INFO] Saving checkpoint /home/shterion/EcoNMT/engines/EN-ES-TRANS-BPE/model/model_step_2000.pt
[2021-02-20 09:49:37,683 INFO] Step 2100/202000; acc:  65.58; ppl:  4.74; xent: 1.56; lr: 0.00193; 22128/23992 tok/s;   2883 sec
[2021-02-20 09:51:51,810 INFO] Step 2200/202000; acc:  66.09; ppl:  4.57; xent: 1.52; lr: 0.00188; 23471/25858 tok/s;   3017 sec
[2021-02-20 09:54:06,096 INFO] Step 2300/202000; acc:  66.52; ppl:  4.43; xent: 1.49; lr: 0.00184; 23827/25704 tok/s;   3151 sec
[2021-02-20 09:56:20,343 INFO] Step 2400/202000; acc:  67.25; ppl:  4.24; xent: 1.45; lr: 0.00180; 23599/25817 tok/s;   3286 sec
[2021-02-20 09:58:11,242 INFO] Loading dataset from /home/shterion/EcoNMT/engines/EN-ES-TRANS-BPE/data/ready_to_train.train.1.pt
[2021-02-20 09:58:23,486 INFO] number of examples: 421684
[2021-02-20 09:58:34,862 INFO] Step 2500/202000; acc:  67.62; ppl:  4.14; xent: 1.42; lr: 0.00177; 23514/25586 tok/s;   3420 sec
[2021-02-20 09:58:34,863 INFO] Loading dataset from /home/shterion/EcoNMT/engines/EN-ES-TRANS-BPE/data/ready_to_train.valid.0.pt
[2021-02-20 09:58:34,941 INFO] number of examples: 5006
[2021-02-20 09:58:42,191 INFO] Validation perplexity: 4.66344
[2021-02-20 09:58:42,191 INFO] Validation accuracy: 68.8613
[2021-02-20 09:58:42,191 INFO] Model is improving acc: 66.3574 --> 68.8613.
[2021-02-20 09:58:42,191 INFO] Model is improving ppl: 5.46559 --> 4.66344.
[2021-02-20 09:58:42,415 INFO] Saving checkpoint /home/shterion/EcoNMT/engines/EN-ES-TRANS-BPE/model/model_step_2500.pt
[2021-02-20 10:00:58,816 INFO] Step 2600/202000; acc:  68.02; ppl:  4.03; xent: 1.39; lr: 0.00173; 21804/23812 tok/s;   3564 sec
[2021-02-20 10:03:13,037 INFO] Step 2700/202000; acc:  68.52; ppl:  3.92; xent: 1.37; lr: 0.00170; 23491/25626 tok/s;   3698 sec
[2021-02-20 10:05:21,220 INFO] Loading dataset from /home/shterion/EcoNMT/engines/EN-ES-TRANS-BPE/data/ready_to_train.train.0.pt
[2021-02-20 10:05:27,754 INFO] Step 2800/202000; acc:  68.62; ppl:  3.88; xent: 1.35; lr: 0.00167; 23466/25665 tok/s;   3833 sec
[2021-02-20 10:05:46,210 INFO] number of examples: 892901
[2021-02-20 10:07:42,250 INFO] Step 2900/202000; acc:  68.95; ppl:  3.79; xent: 1.33; lr: 0.00164; 23643/25570 tok/s;   3967 sec
[2021-02-20 10:09:56,518 INFO] Step 3000/202000; acc:  69.25; ppl:  3.71; xent: 1.31; lr: 0.00161; 23642/25732 tok/s;   4102 sec
[2021-02-20 10:09:56,519 INFO] Loading dataset from /home/shterion/EcoNMT/engines/EN-ES-TRANS-BPE/data/ready_to_train.valid.0.pt
[2021-02-20 10:09:56,556 INFO] number of examples: 5006
[2021-02-20 10:10:03,802 INFO] Validation perplexity: 4.23105
[2021-02-20 10:10:03,802 INFO] Validation accuracy: 70.2696
[2021-02-20 10:10:03,802 INFO] Model is improving acc: 68.8613 --> 70.2696.
[2021-02-20 10:10:03,802 INFO] Model is improving ppl: 4.66344 --> 4.23105.
[2021-02-20 10:10:04,028 INFO] Saving checkpoint /home/shterion/EcoNMT/engines/EN-ES-TRANS-BPE/model/model_step_3000.pt
[2021-02-20 10:12:20,584 INFO] Step 3100/202000; acc:  69.65; ppl:  3.63; xent: 1.29; lr: 0.00159; 21953/23885 tok/s;   4246 sec
[2021-02-20 10:14:35,164 INFO] Step 3200/202000; acc:  69.82; ppl:  3.58; xent: 1.28; lr: 0.00156; 23513/25833 tok/s;   4380 sec
[2021-02-20 10:16:49,171 INFO] Step 3300/202000; acc:  69.58; ppl:  3.62; xent: 1.29; lr: 0.00154; 23727/25694 tok/s;   4514 sec
[2021-02-20 10:19:03,199 INFO] Step 3400/202000; acc:  70.31; ppl:  3.48; xent: 1.25; lr: 0.00152; 23740/25932 tok/s;   4648 sec
[2021-02-20 10:20:21,816 INFO] Loading dataset from /home/shterion/EcoNMT/engines/EN-ES-TRANS-BPE/data/ready_to_train.train.1.pt
[2021-02-20 10:20:30,370 INFO] number of examples: 421684
[2021-02-20 10:21:17,424 INFO] Step 3500/202000; acc:  70.31; ppl:  3.47; xent: 1.24; lr: 0.00149; 23406/25507 tok/s;   4783 sec
[2021-02-20 10:21:17,425 INFO] Loading dataset from /home/shterion/EcoNMT/engines/EN-ES-TRANS-BPE/data/ready_to_train.valid.0.pt
[2021-02-20 10:21:17,508 INFO] number of examples: 5006
[2021-02-20 10:21:24,749 INFO] Validation perplexity: 4.02568
[2021-02-20 10:21:24,749 INFO] Validation accuracy: 71.066
[2021-02-20 10:21:24,749 INFO] Model is improving acc: 70.2696 --> 71.066.
[2021-02-20 10:21:24,749 INFO] Model is improving ppl: 4.23105 --> 4.02568.
[2021-02-20 10:21:24,974 INFO] Saving checkpoint /home/shterion/EcoNMT/engines/EN-ES-TRANS-BPE/model/model_step_3500.pt
[2021-02-20 10:23:41,691 INFO] Step 3600/202000; acc:  70.55; ppl:  3.42; xent: 1.23; lr: 0.00147; 21783/23797 tok/s;   4927 sec
[2021-02-20 10:25:56,453 INFO] Step 3700/202000; acc:  70.77; ppl:  3.38; xent: 1.22; lr: 0.00145; 23514/25600 tok/s;   5062 sec
[2021-02-20 10:27:33,379 INFO] Loading dataset from /home/shterion/EcoNMT/engines/EN-ES-TRANS-BPE/data/ready_to_train.train.0.pt
[2021-02-20 10:27:57,497 INFO] number of examples: 892901
[2021-02-20 10:28:10,645 INFO] Step 3800/202000; acc:  70.71; ppl:  3.38; xent: 1.22; lr: 0.00143; 23538/25701 tok/s;   5196 sec
[2021-02-20 10:30:25,038 INFO] Step 3900/202000; acc:  70.95; ppl:  3.32; xent: 1.20; lr: 0.00142; 23573/25621 tok/s;   5330 sec
[2021-02-20 10:32:39,471 INFO] Step 4000/202000; acc:  71.18; ppl:  3.28; xent: 1.19; lr: 0.00140; 23655/25691 tok/s;   5465 sec
[2021-02-20 10:32:39,472 INFO] Loading dataset from /home/shterion/EcoNMT/engines/EN-ES-TRANS-BPE/data/ready_to_train.valid.0.pt
[2021-02-20 10:32:39,510 INFO] number of examples: 5006
[2021-02-20 10:32:46,789 INFO] Validation perplexity: 3.86846
[2021-02-20 10:32:46,789 INFO] Validation accuracy: 71.6243
[2021-02-20 10:32:46,789 INFO] Model is improving acc: 71.066 --> 71.6243.
[2021-02-20 10:32:46,789 INFO] Model is improving ppl: 4.02568 --> 3.86846.
[2021-02-20 10:32:47,015 INFO] Saving checkpoint /home/shterion/EcoNMT/engines/EN-ES-TRANS-BPE/model/model_step_4000.pt
[2021-02-20 10:35:03,080 INFO] Step 4100/202000; acc:  71.55; ppl:  3.22; xent: 1.17; lr: 0.00138; 22019/24065 tok/s;   5608 sec
[2021-02-20 10:37:17,728 INFO] Step 4200/202000; acc:  71.36; ppl:  3.24; xent: 1.17; lr: 0.00136; 23582/25701 tok/s;   5743 sec
[2021-02-20 10:39:31,904 INFO] Step 4300/202000; acc:  71.40; ppl:  3.23; xent: 1.17; lr: 0.00135; 23719/25720 tok/s;   5877 sec
[2021-02-20 10:41:46,337 INFO] Step 4400/202000; acc:  71.76; ppl:  3.17; xent: 1.15; lr: 0.00133; 23586/25791 tok/s;   6012 sec
[2021-02-20 10:42:34,281 INFO] Loading dataset from /home/shterion/EcoNMT/engines/EN-ES-TRANS-BPE/data/ready_to_train.train.1.pt
[2021-02-20 10:42:43,121 INFO] number of examples: 421684
[2021-02-20 10:44:00,926 INFO] Step 4500/202000; acc:  71.78; ppl:  3.16; xent: 1.15; lr: 0.00132; 23313/25441 tok/s;   6146 sec
[2021-02-20 10:44:00,927 INFO] Loading dataset from /home/shterion/EcoNMT/engines/EN-ES-TRANS-BPE/data/ready_to_train.valid.0.pt
[2021-02-20 10:44:01,015 INFO] number of examples: 5006
[2021-02-20 10:44:08,262 INFO] Validation perplexity: 3.73058
[2021-02-20 10:44:08,262 INFO] Validation accuracy: 72.1081
[2021-02-20 10:44:08,262 INFO] Model is improving acc: 71.6243 --> 72.1081.
[2021-02-20 10:44:08,262 INFO] Model is improving ppl: 3.86846 --> 3.73058.
[2021-02-20 10:44:08,487 INFO] Saving checkpoint /home/shterion/EcoNMT/engines/EN-ES-TRANS-BPE/model/model_step_4500.pt
[2021-02-20 10:46:24,916 INFO] Step 4600/202000; acc:  72.04; ppl:  3.12; xent: 1.14; lr: 0.00130; 21835/23796 tok/s;   6290 sec
[2021-02-20 10:48:39,612 INFO] Step 4700/202000; acc:  72.03; ppl:  3.11; xent: 1.14; lr: 0.00129; 23575/25646 tok/s;   6425 sec
[2021-02-20 10:49:44,331 INFO] Loading dataset from /home/shterion/EcoNMT/engines/EN-ES-TRANS-BPE/data/ready_to_train.train.0.pt
[2021-02-20 10:50:09,606 INFO] number of examples: 892901
[2021-02-20 10:50:54,397 INFO] Step 4800/202000; acc:  72.03; ppl:  3.10; xent: 1.13; lr: 0.00128; 23445/25625 tok/s;   6560 sec
[2021-02-20 10:53:08,013 INFO] Step 4900/202000; acc:  72.35; ppl:  3.05; xent: 1.11; lr: 0.00126; 23700/25800 tok/s;   6693 sec
[2021-02-20 10:55:22,432 INFO] Step 5000/202000; acc:  72.36; ppl:  3.04; xent: 1.11; lr: 0.00125; 23681/25686 tok/s;   6828 sec
[2021-02-20 10:55:22,433 INFO] Loading dataset from /home/shterion/EcoNMT/engines/EN-ES-TRANS-BPE/data/ready_to_train.valid.0.pt
[2021-02-20 10:55:22,471 INFO] number of examples: 5006
[2021-02-20 10:55:29,750 INFO] Validation perplexity: 3.6659
[2021-02-20 10:55:29,750 INFO] Validation accuracy: 72.4396
[2021-02-20 10:55:29,750 INFO] Model is improving acc: 72.1081 --> 72.4396.
[2021-02-20 10:55:29,750 INFO] Model is improving ppl: 3.73058 --> 3.6659.
[2021-02-20 10:55:29,976 INFO] Saving checkpoint /home/shterion/EcoNMT/engines/EN-ES-TRANS-BPE/model/model_step_5000.pt
[2021-02-20 10:57:45,973 INFO] Step 5100/202000; acc:  72.55; ppl:  3.02; xent: 1.10; lr: 0.00124; 21942/24101 tok/s;   6971 sec
[2021-02-20 11:00:00,121 INFO] Step 5200/202000; acc:  72.47; ppl:  3.02; xent: 1.11; lr: 0.00123; 23715/25733 tok/s;   7105 sec
[2021-02-20 11:02:14,606 INFO] Step 5300/202000; acc:  72.55; ppl:  3.00; xent: 1.10; lr: 0.00121; 23637/25732 tok/s;   7240 sec
[2021-02-20 11:04:28,945 INFO] Step 5400/202000; acc:  72.83; ppl:  2.97; xent: 1.09; lr: 0.00120; 23637/25660 tok/s;   7374 sec
[2021-02-20 11:04:44,504 INFO] Loading dataset from /home/shterion/EcoNMT/engines/EN-ES-TRANS-BPE/data/ready_to_train.train.1.pt
[2021-02-20 11:04:53,567 INFO] number of examples: 421684
[2021-02-20 11:06:43,372 INFO] Step 5500/202000; acc:  72.93; ppl:  2.95; xent: 1.08; lr: 0.00119; 23353/25514 tok/s;   7509 sec
[2021-02-20 11:06:43,373 INFO] Loading dataset from /home/shterion/EcoNMT/engines/EN-ES-TRANS-BPE/data/ready_to_train.valid.0.pt
[2021-02-20 11:06:43,415 INFO] number of examples: 5006
[2021-02-20 11:06:50,659 INFO] Validation perplexity: 3.59819
[2021-02-20 11:06:50,659 INFO] Validation accuracy: 72.6136
[2021-02-20 11:06:50,659 INFO] Model is improving acc: 72.4396 --> 72.6136.
[2021-02-20 11:06:50,659 INFO] Model is improving ppl: 3.6659 --> 3.59819.
[2021-02-20 11:06:50,885 INFO] Saving checkpoint /home/shterion/EcoNMT/engines/EN-ES-TRANS-BPE/model/model_step_5500.pt
[2021-02-20 11:09:07,041 INFO] Step 5600/202000; acc:  73.07; ppl:  2.93; xent: 1.07; lr: 0.00118; 21889/23880 tok/s;   7652 sec
[2021-02-20 11:11:21,715 INFO] Step 5700/202000; acc:  72.90; ppl:  2.94; xent: 1.08; lr: 0.00117; 23443/25635 tok/s;   7787 sec
[2021-02-20 11:11:55,591 INFO] Loading dataset from /home/shterion/EcoNMT/engines/EN-ES-TRANS-BPE/data/ready_to_train.train.0.pt
[2021-02-20 11:12:20,757 INFO] number of examples: 892901
[2021-02-20 11:13:36,085 INFO] Step 5800/202000; acc:  73.12; ppl:  2.91; xent: 1.07; lr: 0.00116; 23668/25747 tok/s;   7921 sec
[2021-02-20 11:15:50,160 INFO] Step 5900/202000; acc:  73.23; ppl:  2.89; xent: 1.06; lr: 0.00115; 23608/25680 tok/s;   8055 sec
[2021-02-20 11:18:04,637 INFO] Step 6000/202000; acc:  73.29; ppl:  2.88; xent: 1.06; lr: 0.00114; 23650/25644 tok/s;   8190 sec
[2021-02-20 11:18:04,638 INFO] Loading dataset from /home/shterion/EcoNMT/engines/EN-ES-TRANS-BPE/data/ready_to_train.valid.0.pt
[2021-02-20 11:18:04,718 INFO] number of examples: 5006
[2021-02-20 11:18:11,937 INFO] Validation perplexity: 3.5375
[2021-02-20 11:18:11,937 INFO] Validation accuracy: 72.9506
[2021-02-20 11:18:11,937 INFO] Model is improving acc: 72.6136 --> 72.9506.
[2021-02-20 11:18:11,937 INFO] Model is improving ppl: 3.59819 --> 3.5375.
[2021-02-20 11:18:12,163 INFO] Saving checkpoint /home/shterion/EcoNMT/engines/EN-ES-TRANS-BPE/model/model_step_6000.pt
[2021-02-20 11:20:28,210 INFO] Step 6100/202000; acc:  73.35; ppl:  2.87; xent: 1.05; lr: 0.00113; 21877/24132 tok/s;   8333 sec
[2021-02-20 11:22:42,192 INFO] Step 6200/202000; acc:  73.21; ppl:  2.88; xent: 1.06; lr: 0.00112; 23875/25752 tok/s;   8467 sec
[2021-02-20 11:24:56,694 INFO] Step 6300/202000; acc:  73.57; ppl:  2.83; xent: 1.04; lr: 0.00111; 23564/25794 tok/s;   8602 sec
[2021-02-20 11:26:55,550 INFO] Loading dataset from /home/shterion/EcoNMT/engines/EN-ES-TRANS-BPE/data/ready_to_train.train.1.pt
[2021-02-20 11:27:04,625 INFO] number of examples: 421684
[2021-02-20 11:27:11,196 INFO] Step 6400/202000; acc:  73.58; ppl:  2.83; xent: 1.04; lr: 0.00110; 23560/25632 tok/s;   8736 sec
[2021-02-20 11:29:25,453 INFO] Step 6500/202000; acc:  73.64; ppl:  2.82; xent: 1.04; lr: 0.00110; 23334/25459 tok/s;   8871 sec
[2021-02-20 11:29:25,454 INFO] Loading dataset from /home/shterion/EcoNMT/engines/EN-ES-TRANS-BPE/data/ready_to_train.valid.0.pt
[2021-02-20 11:29:25,493 INFO] number of examples: 5006
[2021-02-20 11:29:32,772 INFO] Validation perplexity: 3.51751
[2021-02-20 11:29:32,772 INFO] Validation accuracy: 73.0893
[2021-02-20 11:29:32,772 INFO] Model is improving acc: 72.9506 --> 73.0893.
[2021-02-20 11:29:32,773 INFO] Model is improving ppl: 3.5375 --> 3.51751.
[2021-02-20 11:29:32,997 INFO] Saving checkpoint /home/shterion/EcoNMT/engines/EN-ES-TRANS-BPE/model/model_step_6500.pt
[2021-02-20 11:31:49,055 INFO] Step 6600/202000; acc:  73.79; ppl:  2.80; xent: 1.03; lr: 0.00109; 21973/23983 tok/s;   9014 sec
[2021-02-20 11:34:03,412 INFO] Step 6700/202000; acc:  73.71; ppl:  2.81; xent: 1.03; lr: 0.00108; 23523/25700 tok/s;   9149 sec
[2021-02-20 11:34:05,011 INFO] Loading dataset from /home/shterion/EcoNMT/engines/EN-ES-TRANS-BPE/data/ready_to_train.train.0.pt
[2021-02-20 11:34:26,903 INFO] number of examples: 892901
[2021-02-20 11:36:18,312 INFO] Step 6800/202000; acc:  73.84; ppl:  2.78; xent: 1.02; lr: 0.00107; 23566/25524 tok/s;   9284 sec
[2021-02-20 11:38:32,517 INFO] Step 6900/202000; acc:  73.90; ppl:  2.78; xent: 1.02; lr: 0.00106; 23634/25759 tok/s;   9418 sec
[2021-02-20 11:40:46,835 INFO] Step 7000/202000; acc:  74.11; ppl:  2.75; xent: 1.01; lr: 0.00106; 23570/25572 tok/s;   9552 sec
[2021-02-20 11:40:46,836 INFO] Loading dataset from /home/shterion/EcoNMT/engines/EN-ES-TRANS-BPE/data/ready_to_train.valid.0.pt
[2021-02-20 11:40:46,920 INFO] number of examples: 5006
[2021-02-20 11:40:54,161 INFO] Validation perplexity: 3.46688
[2021-02-20 11:40:54,162 INFO] Validation accuracy: 73.2066
[2021-02-20 11:40:54,162 INFO] Model is improving acc: 73.0893 --> 73.2066.
[2021-02-20 11:40:54,162 INFO] Model is improving ppl: 3.51751 --> 3.46688.
[2021-02-20 11:40:54,390 INFO] Saving checkpoint /home/shterion/EcoNMT/engines/EN-ES-TRANS-BPE/model/model_step_7000.pt
[2021-02-20 11:43:11,045 INFO] Step 7100/202000; acc:  74.09; ppl:  2.75; xent: 1.01; lr: 0.00105; 21914/24120 tok/s;   9696 sec
[2021-02-20 11:45:25,203 INFO] Step 7200/202000; acc:  73.81; ppl:  2.78; xent: 1.02; lr: 0.00104; 23723/25647 tok/s;   9830 sec
[2021-02-20 11:47:39,584 INFO] Step 7300/202000; acc:  74.29; ppl:  2.72; xent: 1.00; lr: 0.00103; 23661/25870 tok/s;   9965 sec
[2021-02-20 11:49:06,655 INFO] Loading dataset from /home/shterion/EcoNMT/engines/EN-ES-TRANS-BPE/data/ready_to_train.train.1.pt
[2021-02-20 11:49:19,297 INFO] number of examples: 421684
[2021-02-20 11:49:54,025 INFO] Step 7400/202000; acc:  74.17; ppl:  2.73; xent: 1.00; lr: 0.00103; 23436/25463 tok/s;  10099 sec
[2021-02-20 11:52:08,735 INFO] Step 7500/202000; acc:  74.36; ppl:  2.71; xent: 1.00; lr: 0.00102; 23313/25536 tok/s;  10234 sec
[2021-02-20 11:52:08,736 INFO] Loading dataset from /home/shterion/EcoNMT/engines/EN-ES-TRANS-BPE/data/ready_to_train.valid.0.pt
[2021-02-20 11:52:08,776 INFO] number of examples: 5006
[2021-02-20 11:52:16,047 INFO] Validation perplexity: 3.45726
[2021-02-20 11:52:16,047 INFO] Validation accuracy: 73.3776
[2021-02-20 11:52:16,047 INFO] Model is improving acc: 73.2066 --> 73.3776.
[2021-02-20 11:52:16,047 INFO] Model is improving ppl: 3.46688 --> 3.45726.
[2021-02-20 11:52:16,271 INFO] Saving checkpoint /home/shterion/EcoNMT/engines/EN-ES-TRANS-BPE/model/model_step_7500.pt
[2021-02-20 11:54:32,793 INFO] Step 7600/202000; acc:  74.41; ppl:  2.70; xent: 0.99; lr: 0.00101; 21994/23909 tok/s;  10378 sec
[2021-02-20 11:56:17,879 INFO] Loading dataset from /home/shterion/EcoNMT/engines/EN-ES-TRANS-BPE/data/ready_to_train.train.0.pt
[2021-02-20 11:56:38,214 INFO] number of examples: 892901
[2021-02-20 11:56:47,393 INFO] Step 7700/202000; acc:  74.27; ppl:  2.71; xent: 1.00; lr: 0.00101; 23434/25657 tok/s;  10513 sec
[2021-02-20 11:59:01,917 INFO] Step 7800/202000; acc:  74.40; ppl:  2.69; xent: 0.99; lr: 0.00100; 23561/25542 tok/s;  10647 sec
[2021-02-20 12:01:16,370 INFO] Step 7900/202000; acc:  74.52; ppl:  2.68; xent: 0.99; lr: 0.00099; 23656/25725 tok/s;  10782 sec
[2021-02-20 12:03:30,400 INFO] Step 8000/202000; acc:  74.80; ppl:  2.64; xent: 0.97; lr: 0.00099; 23622/25781 tok/s;  10916 sec
[2021-02-20 12:03:30,401 INFO] Loading dataset from /home/shterion/EcoNMT/engines/EN-ES-TRANS-BPE/data/ready_to_train.valid.0.pt
[2021-02-20 12:03:30,489 INFO] number of examples: 5006
[2021-02-20 12:03:37,712 INFO] Validation perplexity: 3.43968
[2021-02-20 12:03:37,712 INFO] Validation accuracy: 73.5291
[2021-02-20 12:03:37,712 INFO] Model is improving acc: 73.3776 --> 73.5291.
[2021-02-20 12:03:37,712 INFO] Model is improving ppl: 3.45726 --> 3.43968.
[2021-02-20 12:03:37,938 INFO] Saving checkpoint /home/shterion/EcoNMT/engines/EN-ES-TRANS-BPE/model/model_step_8000.pt
[2021-02-20 12:05:53,890 INFO] Step 8100/202000; acc:  74.57; ppl:  2.67; xent: 0.98; lr: 0.00098; 22074/24126 tok/s;  11059 sec
[2021-02-20 12:08:08,020 INFO] Step 8200/202000; acc:  74.47; ppl:  2.68; xent: 0.99; lr: 0.00098; 23725/25708 tok/s;  11193 sec
[2021-02-20 12:10:22,215 INFO] Step 8300/202000; acc:  74.83; ppl:  2.64; xent: 0.97; lr: 0.00097; 23616/25858 tok/s;  11327 sec
[2021-02-20 12:11:17,804 INFO] Loading dataset from /home/shterion/EcoNMT/engines/EN-ES-TRANS-BPE/data/ready_to_train.train.1.pt
[2021-02-20 12:11:29,817 INFO] number of examples: 421684
[2021-02-20 12:12:36,150 INFO] Step 8400/202000; acc:  74.74; ppl:  2.64; xent: 0.97; lr: 0.00096; 23487/25546 tok/s;  11461 sec
[2021-02-20 12:14:50,859 INFO] Step 8500/202000; acc:  74.87; ppl:  2.63; xent: 0.97; lr: 0.00096; 23331/25442 tok/s;  11596 sec
[2021-02-20 12:14:50,860 INFO] Loading dataset from /home/shterion/EcoNMT/engines/EN-ES-TRANS-BPE/data/ready_to_train.valid.0.pt
[2021-02-20 12:14:50,900 INFO] number of examples: 5006
[2021-02-20 12:14:58,141 INFO] Validation perplexity: 3.41471
[2021-02-20 12:14:58,141 INFO] Validation accuracy: 73.6546
[2021-02-20 12:14:58,141 INFO] Model is improving acc: 73.5291 --> 73.6546.
[2021-02-20 12:14:58,142 INFO] Model is improving ppl: 3.43968 --> 3.41471.
[2021-02-20 12:14:58,369 INFO] Saving checkpoint /home/shterion/EcoNMT/engines/EN-ES-TRANS-BPE/model/model_step_8500.pt
[2021-02-20 12:17:14,871 INFO] Step 8600/202000; acc:  74.87; ppl:  2.63; xent: 0.97; lr: 0.00095; 22040/24000 tok/s;  11740 sec
[2021-02-20 12:18:27,483 INFO] Loading dataset from /home/shterion/EcoNMT/engines/EN-ES-TRANS-BPE/data/ready_to_train.train.0.pt
[2021-02-20 12:18:48,655 INFO] number of examples: 892901
[2021-02-20 12:19:29,148 INFO] Step 8700/202000; acc:  74.82; ppl:  2.63; xent: 0.97; lr: 0.00095; 23521/25724 tok/s;  11874 sec
[2021-02-20 12:21:43,007 INFO] Step 8800/202000; acc:  75.03; ppl:  2.60; xent: 0.96; lr: 0.00094; 23643/25743 tok/s;  12008 sec
[2021-02-20 12:23:57,792 INFO] Step 8900/202000; acc:  75.05; ppl:  2.60; xent: 0.96; lr: 0.00094; 23612/25598 tok/s;  12143 sec
[2021-02-20 12:26:12,343 INFO] Step 9000/202000; acc:  75.13; ppl:  2.59; xent: 0.95; lr: 0.00093; 23431/25715 tok/s;  12278 sec
[2021-02-20 12:26:12,343 INFO] Loading dataset from /home/shterion/EcoNMT/engines/EN-ES-TRANS-BPE/data/ready_to_train.valid.0.pt
[2021-02-20 12:26:12,383 INFO] number of examples: 5006
[2021-02-20 12:26:19,655 INFO] Validation perplexity: 3.39076
[2021-02-20 12:26:19,655 INFO] Validation accuracy: 73.6857
[2021-02-20 12:26:19,656 INFO] Model is improving acc: 73.6546 --> 73.6857.
[2021-02-20 12:26:19,656 INFO] Model is improving ppl: 3.41471 --> 3.39076.
[2021-02-20 12:26:19,882 INFO] Saving checkpoint /home/shterion/EcoNMT/engines/EN-ES-TRANS-BPE/model/model_step_9000.pt
[2021-02-20 12:28:36,112 INFO] Step 9100/202000; acc:  75.02; ppl:  2.60; xent: 0.96; lr: 0.00093; 22120/24006 tok/s;  12421 sec
[2021-02-20 12:30:50,820 INFO] Step 9200/202000; acc:  75.00; ppl:  2.60; xent: 0.96; lr: 0.00092; 23596/25720 tok/s;  12556 sec
[2021-02-20 12:33:05,213 INFO] Step 9300/202000; acc:  75.25; ppl:  2.57; xent: 0.95; lr: 0.00092; 23629/25680 tok/s;  12690 sec
[2021-02-20 12:33:28,744 INFO] Loading dataset from /home/shterion/EcoNMT/engines/EN-ES-TRANS-BPE/data/ready_to_train.train.1.pt
[2021-02-20 12:33:41,261 INFO] number of examples: 421684
[2021-02-20 12:35:19,802 INFO] Step 9400/202000; acc:  75.32; ppl:  2.56; xent: 0.94; lr: 0.00091; 23348/25477 tok/s;  12825 sec
[2021-02-20 12:37:34,565 INFO] Step 9500/202000; acc:  75.39; ppl:  2.56; xent: 0.94; lr: 0.00091; 23320/25437 tok/s;  12960 sec
[2021-02-20 12:37:34,566 INFO] Loading dataset from /home/shterion/EcoNMT/engines/EN-ES-TRANS-BPE/data/ready_to_train.valid.0.pt
[2021-02-20 12:37:34,647 INFO] number of examples: 5006
[2021-02-20 12:37:41,894 INFO] Validation perplexity: 3.38891
[2021-02-20 12:37:41,894 INFO] Validation accuracy: 73.6766
[2021-02-20 12:37:41,894 INFO] Stalled patience: 4/5
[2021-02-20 12:37:42,120 INFO] Saving checkpoint /home/shterion/EcoNMT/engines/EN-ES-TRANS-BPE/model/model_step_9500.pt
[2021-02-20 12:39:58,821 INFO] Step 9600/202000; acc:  75.18; ppl:  2.58; xent: 0.95; lr: 0.00090; 21923/23890 tok/s;  13104 sec
[2021-02-20 12:40:40,683 INFO] Loading dataset from /home/shterion/EcoNMT/engines/EN-ES-TRANS-BPE/data/ready_to_train.train.0.pt
[2021-02-20 12:41:01,755 INFO] number of examples: 892901
[2021-02-20 12:42:13,525 INFO] Step 9700/202000; acc:  75.38; ppl:  2.55; xent: 0.94; lr: 0.00090; 23569/25708 tok/s;  13239 sec
[2021-02-20 12:44:27,696 INFO] Step 9800/202000; acc:  75.51; ppl:  2.54; xent: 0.93; lr: 0.00089; 23611/25656 tok/s;  13373 sec
[2021-02-20 12:46:42,435 INFO] Step 9900/202000; acc:  75.48; ppl:  2.54; xent: 0.93; lr: 0.00089; 23611/25637 tok/s;  13508 sec
[2021-02-20 12:48:56,553 INFO] Step 10000/202000; acc:  75.53; ppl:  2.53; xent: 0.93; lr: 0.00088; 23415/25785 tok/s;  13642 sec
[2021-02-20 12:48:56,554 INFO] Loading dataset from /home/shterion/EcoNMT/engines/EN-ES-TRANS-BPE/data/ready_to_train.valid.0.pt
[2021-02-20 12:48:56,593 INFO] number of examples: 5006
[2021-02-20 12:49:03,873 INFO] Validation perplexity: 3.36458
[2021-02-20 12:49:03,874 INFO] Validation accuracy: 73.8417
[2021-02-20 12:49:03,874 INFO] Model is improving acc: 73.6857 --> 73.8417.
[2021-02-20 12:49:03,874 INFO] Model is improving ppl: 3.39076 --> 3.36458.
[2021-02-20 12:49:04,099 INFO] Saving checkpoint /home/shterion/EcoNMT/engines/EN-ES-TRANS-BPE/model/model_step_10000.pt
[2021-02-20 12:51:20,107 INFO] Step 10100/202000; acc:  75.39; ppl:  2.55; xent: 0.93; lr: 0.00088; 22237/24065 tok/s;  13785 sec
[2021-02-20 12:53:34,480 INFO] Step 10200/202000; acc:  75.59; ppl:  2.52; xent: 0.93; lr: 0.00088; 23633/25769 tok/s;  13920 sec
[2021-02-20 12:55:40,913 INFO] Loading dataset from /home/shterion/EcoNMT/engines/EN-ES-TRANS-BPE/data/ready_to_train.train.1.pt
[2021-02-20 12:55:48,979 INFO] Step 10300/202000; acc:  75.66; ppl:  2.52; xent: 0.92; lr: 0.00087; 23560/25658 tok/s;  14054 sec
[2021-02-20 12:55:51,644 INFO] number of examples: 421684
[2021-02-20 12:58:03,164 INFO] Step 10400/202000; acc:  75.68; ppl:  2.51; xent: 0.92; lr: 0.00087; 23362/25498 tok/s;  14188 sec
[2021-02-20 13:00:17,584 INFO] Step 10500/202000; acc:  75.85; ppl:  2.50; xent: 0.92; lr: 0.00086; 23439/25572 tok/s;  14323 sec
[2021-02-20 13:00:17,585 INFO] Loading dataset from /home/shterion/EcoNMT/engines/EN-ES-TRANS-BPE/data/ready_to_train.valid.0.pt
[2021-02-20 13:00:17,669 INFO] number of examples: 5006
[2021-02-20 13:00:24,887 INFO] Validation perplexity: 3.35604
[2021-02-20 13:00:24,887 INFO] Validation accuracy: 73.784
[2021-02-20 13:00:24,887 INFO] Stalled patience: 4/5
[2021-02-20 13:00:25,112 INFO] Saving checkpoint /home/shterion/EcoNMT/engines/EN-ES-TRANS-BPE/model/model_step_10500.pt
[2021-02-20 13:02:41,488 INFO] Step 10600/202000; acc:  75.64; ppl:  2.52; xent: 0.92; lr: 0.00086; 21931/24010 tok/s;  14467 sec
[2021-02-20 13:02:51,271 INFO] Loading dataset from /home/shterion/EcoNMT/engines/EN-ES-TRANS-BPE/data/ready_to_train.train.0.pt
[2021-02-20 13:03:16,587 INFO] number of examples: 892901
[2021-02-20 13:04:55,703 INFO] Step 10700/202000; acc:  75.84; ppl:  2.49; xent: 0.91; lr: 0.00085; 23726/25700 tok/s;  14601 sec
[2021-02-20 13:07:09,996 INFO] Step 10800/202000; acc:  75.85; ppl:  2.49; xent: 0.91; lr: 0.00085; 23588/25704 tok/s;  14735 sec
[2021-02-20 13:09:24,396 INFO] Step 10900/202000; acc:  76.00; ppl:  2.47; xent: 0.91; lr: 0.00085; 23589/25574 tok/s;  14870 sec
[2021-02-20 13:11:38,884 INFO] Step 11000/202000; acc:  75.91; ppl:  2.48; xent: 0.91; lr: 0.00084; 23480/25849 tok/s;  15004 sec
[2021-02-20 13:11:38,885 INFO] Loading dataset from /home/shterion/EcoNMT/engines/EN-ES-TRANS-BPE/data/ready_to_train.valid.0.pt
[2021-02-20 13:11:38,925 INFO] number of examples: 5006
[2021-02-20 13:11:46,171 INFO] Validation perplexity: 3.35225
[2021-02-20 13:11:46,171 INFO] Validation accuracy: 73.8557
[2021-02-20 13:11:46,171 INFO] Model is improving acc: 73.8417 --> 73.8557.
[2021-02-20 13:11:46,171 INFO] Model is improving ppl: 3.36458 --> 3.35225.
[2021-02-20 13:11:46,396 INFO] Saving checkpoint /home/shterion/EcoNMT/engines/EN-ES-TRANS-BPE/model/model_step_11000.pt
[2021-02-20 13:14:02,412 INFO] Step 11100/202000; acc:  75.73; ppl:  2.50; xent: 0.92; lr: 0.00084; 22208/24011 tok/s;  15148 sec
[2021-02-20 13:16:16,727 INFO] Step 11200/202000; acc:  76.10; ppl:  2.47; xent: 0.90; lr: 0.00084; 23664/25848 tok/s;  15282 sec
[2021-02-20 13:17:51,558 INFO] Loading dataset from /home/shterion/EcoNMT/engines/EN-ES-TRANS-BPE/data/ready_to_train.train.1.pt
[2021-02-20 13:18:05,588 INFO] number of examples: 421684
[2021-02-20 13:18:30,966 INFO] Step 11300/202000; acc:  75.98; ppl:  2.47; xent: 0.91; lr: 0.00083; 23504/25547 tok/s;  15416 sec
[2021-02-20 13:20:45,887 INFO] Step 11400/202000; acc:  76.10; ppl:  2.46; xent: 0.90; lr: 0.00083; 23267/25462 tok/s;  15551 sec
[2021-02-20 13:23:00,515 INFO] Step 11500/202000; acc:  76.15; ppl:  2.46; xent: 0.90; lr: 0.00082; 23488/25576 tok/s;  15686 sec
[2021-02-20 13:23:00,516 INFO] Loading dataset from /home/shterion/EcoNMT/engines/EN-ES-TRANS-BPE/data/ready_to_train.valid.0.pt
[2021-02-20 13:23:00,604 INFO] number of examples: 5006
[2021-02-20 13:23:07,849 INFO] Validation perplexity: 3.35107
[2021-02-20 13:23:07,849 INFO] Validation accuracy: 73.9812
[2021-02-20 13:23:07,849 INFO] Model is improving acc: 73.8557 --> 73.9812.
[2021-02-20 13:23:07,849 INFO] Model is improving ppl: 3.35225 --> 3.35107.
[2021-02-20 13:23:08,073 INFO] Saving checkpoint /home/shterion/EcoNMT/engines/EN-ES-TRANS-BPE/model/model_step_11500.pt
[2021-02-20 13:25:01,683 INFO] Loading dataset from /home/shterion/EcoNMT/engines/EN-ES-TRANS-BPE/data/ready_to_train.train.0.pt
[2021-02-20 13:25:19,429 INFO] number of examples: 892901
[2021-02-20 13:25:24,375 INFO] Step 11600/202000; acc:  76.04; ppl:  2.46; xent: 0.90; lr: 0.00082; 21939/24019 tok/s;  15830 sec
[2021-02-20 13:27:38,926 INFO] Step 11700/202000; acc:  76.12; ppl:  2.45; xent: 0.90; lr: 0.00082; 23592/25544 tok/s;  15964 sec
[2021-02-20 13:29:53,334 INFO] Step 11800/202000; acc:  76.20; ppl:  2.45; xent: 0.90; lr: 0.00081; 23640/25691 tok/s;  16099 sec
[2021-02-20 13:32:08,014 INFO] Step 11900/202000; acc:  76.39; ppl:  2.42; xent: 0.89; lr: 0.00081; 23482/25644 tok/s;  16233 sec
[2021-02-20 13:34:22,384 INFO] Step 12000/202000; acc:  76.26; ppl:  2.44; xent: 0.89; lr: 0.00081; 23611/25794 tok/s;  16368 sec
[2021-02-20 13:34:22,385 INFO] Loading dataset from /home/shterion/EcoNMT/engines/EN-ES-TRANS-BPE/data/ready_to_train.valid.0.pt
[2021-02-20 13:34:22,424 INFO] number of examples: 5006
[2021-02-20 13:34:29,668 INFO] Validation perplexity: 3.34822
[2021-02-20 13:34:29,668 INFO] Validation accuracy: 73.951
[2021-02-20 13:34:29,668 INFO] Stalled patience: 4/5
[2021-02-20 13:34:29,894 INFO] Saving checkpoint /home/shterion/EcoNMT/engines/EN-ES-TRANS-BPE/model/model_step_12000.pt
[2021-02-20 13:36:45,763 INFO] Step 12100/202000; acc:  76.07; ppl:  2.46; xent: 0.90; lr: 0.00080; 22164/24025 tok/s;  16511 sec
[2021-02-20 13:39:00,054 INFO] Step 12200/202000; acc:  76.41; ppl:  2.42; xent: 0.89; lr: 0.00080; 23579/25858 tok/s;  16645 sec
[2021-02-20 13:40:02,715 INFO] Loading dataset from /home/shterion/EcoNMT/engines/EN-ES-TRANS-BPE/data/ready_to_train.train.1.pt
[2021-02-20 13:40:13,819 INFO] number of examples: 421684
[2021-02-20 13:41:14,458 INFO] Step 12300/202000; acc:  76.36; ppl:  2.42; xent: 0.89; lr: 0.00080; 23407/25457 tok/s;  16780 sec
[2021-02-20 13:43:29,397 INFO] Step 12400/202000; acc:  76.44; ppl:  2.42; xent: 0.88; lr: 0.00079; 23320/25408 tok/s;  16915 sec
[2021-02-20 13:45:44,610 INFO] Step 12500/202000; acc:  76.45; ppl:  2.42; xent: 0.88; lr: 0.00079; 23487/25575 tok/s;  17050 sec
[2021-02-20 13:45:44,611 INFO] Loading dataset from /home/shterion/EcoNMT/engines/EN-ES-TRANS-BPE/data/ready_to_train.valid.0.pt
[2021-02-20 13:45:44,652 INFO] number of examples: 5006
[2021-02-20 13:45:51,934 INFO] Validation perplexity: 3.33904
[2021-02-20 13:45:51,934 INFO] Validation accuracy: 74.0475
[2021-02-20 13:45:51,935 INFO] Model is improving acc: 73.9812 --> 74.0475.
[2021-02-20 13:45:51,935 INFO] Model is improving ppl: 3.35107 --> 3.33904.
[2021-02-20 13:45:52,160 INFO] Saving checkpoint /home/shterion/EcoNMT/engines/EN-ES-TRANS-BPE/model/model_step_12500.pt
[2021-02-20 13:47:14,475 INFO] Loading dataset from /home/shterion/EcoNMT/engines/EN-ES-TRANS-BPE/data/ready_to_train.train.0.pt
[2021-02-20 13:47:39,079 INFO] number of examples: 892901
[2021-02-20 13:48:07,979 INFO] Step 12600/202000; acc:  76.39; ppl:  2.42; xent: 0.88; lr: 0.00079; 21979/24099 tok/s;  17193 sec
[2021-02-20 13:50:22,162 INFO] Step 12700/202000; acc:  76.47; ppl:  2.41; xent: 0.88; lr: 0.00078; 23612/25644 tok/s;  17327 sec
[2021-02-20 13:52:36,654 INFO] Step 12800/202000; acc:  76.53; ppl:  2.41; xent: 0.88; lr: 0.00078; 23640/25638 tok/s;  17462 sec
[2021-02-20 13:54:51,109 INFO] Step 12900/202000; acc:  76.63; ppl:  2.39; xent: 0.87; lr: 0.00078; 23480/25729 tok/s;  17596 sec
[2021-02-20 13:57:05,496 INFO] Step 13000/202000; acc:  76.49; ppl:  2.41; xent: 0.88; lr: 0.00078; 23650/25709 tok/s;  17731 sec
[2021-02-20 13:57:05,496 INFO] Loading dataset from /home/shterion/EcoNMT/engines/EN-ES-TRANS-BPE/data/ready_to_train.valid.0.pt
[2021-02-20 13:57:05,577 INFO] number of examples: 5006
[2021-02-20 13:57:12,800 INFO] Validation perplexity: 3.3288
[2021-02-20 13:57:12,800 INFO] Validation accuracy: 74.0819
[2021-02-20 13:57:12,800 INFO] Model is improving acc: 74.0475 --> 74.0819.
[2021-02-20 13:57:12,800 INFO] Model is improving ppl: 3.33904 --> 3.3288.
[2021-02-20 13:57:13,025 INFO] Saving checkpoint /home/shterion/EcoNMT/engines/EN-ES-TRANS-BPE/model/model_step_13000.pt
[2021-02-20 13:59:29,276 INFO] Step 13100/202000; acc:  76.52; ppl:  2.40; xent: 0.88; lr: 0.00077; 22105/24075 tok/s;  17874 sec
[2021-02-20 14:01:43,497 INFO] Step 13200/202000; acc:  76.70; ppl:  2.39; xent: 0.87; lr: 0.00077; 23656/25757 tok/s;  18009 sec
[2021-02-20 14:02:15,110 INFO] Loading dataset from /home/shterion/EcoNMT/engines/EN-ES-TRANS-BPE/data/ready_to_train.train.1.pt
[2021-02-20 14:02:23,508 INFO] number of examples: 421684
[2021-02-20 14:03:58,468 INFO] Step 13300/202000; acc:  76.74; ppl:  2.38; xent: 0.87; lr: 0.00077; 23306/25389 tok/s;  18144 sec
[2021-02-20 14:06:12,509 INFO] Step 13400/202000; acc:  76.77; ppl:  2.38; xent: 0.87; lr: 0.00076; 23423/25574 tok/s;  18278 sec
[2021-02-20 14:08:27,183 INFO] Step 13500/202000; acc:  76.70; ppl:  2.39; xent: 0.87; lr: 0.00076; 23530/25587 tok/s;  18412 sec
[2021-02-20 14:08:27,184 INFO] Loading dataset from /home/shterion/EcoNMT/engines/EN-ES-TRANS-BPE/data/ready_to_train.valid.0.pt
[2021-02-20 14:08:27,223 INFO] number of examples: 5006
[2021-02-20 14:08:34,465 INFO] Validation perplexity: 3.3447
[2021-02-20 14:08:34,465 INFO] Validation accuracy: 74.0478
[2021-02-20 14:08:34,465 INFO] Decreasing patience: 4/5
[2021-02-20 14:08:34,689 INFO] Saving checkpoint /home/shterion/EcoNMT/engines/EN-ES-TRANS-BPE/model/model_step_13500.pt
[2021-02-20 14:09:24,839 INFO] Loading dataset from /home/shterion/EcoNMT/engines/EN-ES-TRANS-BPE/data/ready_to_train.train.0.pt
[2021-02-20 14:09:45,290 INFO] number of examples: 892901
[2021-02-20 14:10:50,930 INFO] Step 13600/202000; acc:  76.75; ppl:  2.38; xent: 0.87; lr: 0.00076; 22023/24094 tok/s;  18556 sec
[2021-02-20 14:13:04,689 INFO] Step 13700/202000; acc:  76.86; ppl:  2.36; xent: 0.86; lr: 0.00076; 23680/25739 tok/s;  18690 sec
[2021-02-20 14:15:19,782 INFO] Step 13800/202000; acc:  76.80; ppl:  2.37; xent: 0.86; lr: 0.00075; 23562/25583 tok/s;  18825 sec
[2021-02-20 14:17:33,958 INFO] Step 13900/202000; acc:  76.88; ppl:  2.36; xent: 0.86; lr: 0.00075; 23470/25775 tok/s;  18959 sec
[2021-02-20 14:19:48,057 INFO] Step 14000/202000; acc:  76.83; ppl:  2.37; xent: 0.86; lr: 0.00075; 23788/25743 tok/s;  19093 sec
[2021-02-20 14:19:48,057 INFO] Loading dataset from /home/shterion/EcoNMT/engines/EN-ES-TRANS-BPE/data/ready_to_train.valid.0.pt
[2021-02-20 14:19:48,141 INFO] number of examples: 5006
[2021-02-20 14:19:55,370 INFO] Validation perplexity: 3.33029
[2021-02-20 14:19:55,370 INFO] Validation accuracy: 74.0092
[2021-02-20 14:19:55,371 INFO] Decreasing patience: 3/5
[2021-02-20 14:19:55,596 INFO] Saving checkpoint /home/shterion/EcoNMT/engines/EN-ES-TRANS-BPE/model/model_step_14000.pt
[2021-02-20 14:22:11,956 INFO] Step 14100/202000; acc:  76.86; ppl:  2.36; xent: 0.86; lr: 0.00074; 22028/24042 tok/s;  19237 sec
[2021-02-20 14:24:25,521 INFO] Loading dataset from /home/shterion/EcoNMT/engines/EN-ES-TRANS-BPE/data/ready_to_train.train.1.pt
[2021-02-20 14:24:26,703 INFO] Step 14200/202000; acc:  76.99; ppl:  2.35; xent: 0.86; lr: 0.00074; 23569/25618 tok/s;  19372 sec
[2021-02-20 14:24:36,865 INFO] number of examples: 421684
[2021-02-20 14:26:40,810 INFO] Step 14300/202000; acc:  76.99; ppl:  2.35; xent: 0.85; lr: 0.00074; 23324/25507 tok/s;  19506 sec
[2021-02-20 14:28:55,384 INFO] Step 14400/202000; acc:  77.10; ppl:  2.34; xent: 0.85; lr: 0.00074; 23426/25532 tok/s;  19641 sec
[2021-02-20 14:31:10,110 INFO] Step 14500/202000; acc:  76.95; ppl:  2.35; xent: 0.86; lr: 0.00073; 23491/25650 tok/s;  19775 sec
[2021-02-20 14:31:10,110 INFO] Loading dataset from /home/shterion/EcoNMT/engines/EN-ES-TRANS-BPE/data/ready_to_train.valid.0.pt
[2021-02-20 14:31:10,151 INFO] number of examples: 5006
[2021-02-20 14:31:17,397 INFO] Validation perplexity: 3.32965
[2021-02-20 14:31:17,397 INFO] Validation accuracy: 74.0902
[2021-02-20 14:31:17,397 INFO] Stalled patience: 4/5
[2021-02-20 14:31:17,623 INFO] Saving checkpoint /home/shterion/EcoNMT/engines/EN-ES-TRANS-BPE/model/model_step_14500.pt
[2021-02-20 14:31:37,053 INFO] Loading dataset from /home/shterion/EcoNMT/engines/EN-ES-TRANS-BPE/data/ready_to_train.train.0.pt
[2021-02-20 14:31:57,619 INFO] number of examples: 892901
[2021-02-20 14:33:33,705 INFO] Step 14600/202000; acc:  77.05; ppl:  2.34; xent: 0.85; lr: 0.00073; 22110/24043 tok/s;  19919 sec
[2021-02-20 14:35:47,778 INFO] Step 14700/202000; acc:  77.15; ppl:  2.34; xent: 0.85; lr: 0.00073; 23644/25723 tok/s;  20053 sec
[2021-02-20 14:38:02,152 INFO] Step 14800/202000; acc:  77.19; ppl:  2.33; xent: 0.85; lr: 0.00073; 23579/25639 tok/s;  20187 sec
[2021-02-20 14:40:16,644 INFO] Step 14900/202000; acc:  77.14; ppl:  2.33; xent: 0.85; lr: 0.00072; 23449/25787 tok/s;  20322 sec
[2021-02-20 14:42:30,948 INFO] Step 15000/202000; acc:  76.99; ppl:  2.35; xent: 0.85; lr: 0.00072; 23787/25717 tok/s;  20456 sec
[2021-02-20 14:42:30,949 INFO] Loading dataset from /home/shterion/EcoNMT/engines/EN-ES-TRANS-BPE/data/ready_to_train.valid.0.pt
[2021-02-20 14:42:31,037 INFO] number of examples: 5006
[2021-02-20 14:42:38,280 INFO] Validation perplexity: 3.3335
[2021-02-20 14:42:38,280 INFO] Validation accuracy: 74.0501
[2021-02-20 14:42:38,280 INFO] Decreasing patience: 2/5
[2021-02-20 14:42:38,505 INFO] Saving checkpoint /home/shterion/EcoNMT/engines/EN-ES-TRANS-BPE/model/model_step_15000.pt
[2021-02-20 14:44:54,200 INFO] Step 15100/202000; acc:  77.30; ppl:  2.32; xent: 0.84; lr: 0.00072; 22152/24188 tok/s;  20599 sec
[2021-02-20 14:46:37,145 INFO] Loading dataset from /home/shterion/EcoNMT/engines/EN-ES-TRANS-BPE/data/ready_to_train.train.1.pt
[2021-02-20 14:46:48,231 INFO] number of examples: 421684
[2021-02-20 14:47:08,825 INFO] Step 15200/202000; acc:  77.14; ppl:  2.33; xent: 0.85; lr: 0.00072; 23462/25510 tok/s;  20734 sec
[2021-02-20 14:49:23,593 INFO] Step 15300/202000; acc:  77.29; ppl:  2.32; xent: 0.84; lr: 0.00071; 23274/25477 tok/s;  20869 sec
[2021-02-20 14:51:38,069 INFO] Step 15400/202000; acc:  77.30; ppl:  2.32; xent: 0.84; lr: 0.00071; 23489/25574 tok/s;  21003 sec
[2021-02-20 14:53:37,964 INFO] Loading dataset from /home/shterion/EcoNMT/engines/EN-ES-TRANS-BPE/data/ready_to_train.train.0.pt
[2021-02-20 14:53:52,708 INFO] Step 15500/202000; acc:  77.23; ppl:  2.32; xent: 0.84; lr: 0.00071; 23510/25697 tok/s;  21138 sec
[2021-02-20 14:53:52,709 INFO] Loading dataset from /home/shterion/EcoNMT/engines/EN-ES-TRANS-BPE/data/ready_to_train.valid.0.pt
[2021-02-20 14:53:52,749 INFO] number of examples: 5006
[2021-02-20 14:53:58,674 INFO] number of examples: 892901
[2021-02-20 14:54:00,026 INFO] Validation perplexity: 3.35609
[2021-02-20 14:54:00,026 INFO] Validation accuracy: 74.0315
[2021-02-20 14:54:00,026 INFO] Decreasing patience: 1/5
[2021-02-20 14:54:00,252 INFO] Saving checkpoint /home/shterion/EcoNMT/engines/EN-ES-TRANS-BPE/model/model_step_15500.pt
[2021-02-20 14:56:16,176 INFO] Step 15600/202000; acc:  77.33; ppl:  2.31; xent: 0.84; lr: 0.00071; 22122/23966 tok/s;  21281 sec
[2021-02-20 14:58:30,256 INFO] Step 15700/202000; acc:  77.35; ppl:  2.31; xent: 0.84; lr: 0.00071; 23694/25734 tok/s;  21415 sec
[2021-02-20 15:00:45,153 INFO] Step 15800/202000; acc:  77.52; ppl:  2.29; xent: 0.83; lr: 0.00070; 23439/25604 tok/s;  21550 sec
[2021-02-20 15:02:59,379 INFO] Step 15900/202000; acc:  77.42; ppl:  2.30; xent: 0.83; lr: 0.00070; 23567/25839 tok/s;  21685 sec
[2021-02-20 15:05:13,925 INFO] Step 16000/202000; acc:  77.22; ppl:  2.32; xent: 0.84; lr: 0.00070; 23644/25578 tok/s;  21819 sec
[2021-02-20 15:05:13,926 INFO] Loading dataset from /home/shterion/EcoNMT/engines/EN-ES-TRANS-BPE/data/ready_to_train.valid.0.pt
[2021-02-20 15:05:13,969 INFO] number of examples: 5006
[2021-02-20 15:05:21,211 INFO] Validation perplexity: 3.33052
[2021-02-20 15:05:21,211 INFO] Validation accuracy: 74.0082
[2021-02-20 15:05:21,211 INFO] Decreasing patience: 0/5
[2021-02-20 15:05:21,211 INFO] Training finished after not improving. Early Stop!
[2021-02-20 15:05:21,211 INFO] Best model found at step 13000
[2021-02-20 15:05:21,443 INFO] Saving checkpoint /home/shterion/EcoNMT/engines/EN-ES-TRANS-BPE/model/model_step_16000.pt
